🚀 Iniciando bot com sistema de defesa...
   Moedas: btc,eth,sol,xrp
   Modo: PAPER TRADING
   Defesa: ENABLED

21:10:31 INFO  bot | Bot config: BotConfig(mode=PAPER, bankroll=$100, lot=$5-$10)
21:10:31 INFO  bot | Mode: PAPER
21:10:31 INFO  bot | Defense mode: ENABLED
21:10:31 INFO  bot | Polymarket data: /root/bookpoly/data/raw/books
21:10:31 INFO  bot | Binance data: /root/bookpoly/data/raw/volatility
21:10:31 INFO  bot | Starting bot loop...
21:10:31 INFO  bot | Status: Trades: 0 | W/L: 0/0 (0%) | P&L: $+0.00 | Bankroll: $1000.00
21:10:31 INFO  bot | Risk: Open: 0/3 | Losses: 0/5 | Hourly: 0/20
21:11:31 INFO  bot | Status: Trades: 0 | W/L: 0/0 (0%) | P&L: $+0.00 | Bankroll: $1000.00
21:11:31 INFO  bot | Risk: Open: 0/3 | Losses: 0/5 | Hourly: 0/20
21:12:04 INFO  bot | [BTC15m] ★ EXECUTING TRADE ★ UP 5.24 @ 0.9550 score=0.72 conf=high
21:12:04 INFO  bot | [BTC15m] Order placed: paper_1770585124483
21:12:05 INFO  bot | [BTC15m] ENTRY blocked: Already have position in BTC15m
21:12:06 INFO  bot | [BTC15m] ENTRY blocked: Already have position in BTC15m
21:12:07 INFO  bot | [BTC15m] ENTRY blocked: Already have position in BTC15m
21:12:08 INFO  bot | [BTC15m] ENTRY blocked: Already have position in BTC15m
21:12:09 INFO  bot | [BTC15m] ENTRY blocked: Already have position in BTC15m
21:12:10 INFO  bot | [BTC15m] ENTRY blocked: Already have position in BTC15m
21:12:11 INFO  bot | [BTC15m] ENTRY blocked: Already have position in BTC15m
21:12:12 INFO  bot | [BTC15m] ENTRY blocked: Already have position in BTC15m
21:12:13 INFO  bot | [BTC15m] ENTRY blocked: Already have position in BTC15m
21:12:14 INFO  bot | [BTC15m] ENTRY blocked: Already have position in BTC15m
21:12:15 INFO  bot | [BTC15m] ENTRY blocked: Already have position in BTC15m
21:12:16 INFO  bot | [BTC15m] ENTRY blocked: Already have position in BTC15m
21:12:16 INFO  bot | [SOL15m] ★ EXECUTING TRADE ★ UP 5.24 @ 0.9550 score=0.72 conf=high
21:12:16 INFO  bot | [SOL15m] Order placed: paper_1770585136535
21:12:17 INFO  bot | [ETH15m] ★ EXECUTING TRADE ★ UP 5.24 @ 0.9550 score=0.73 conf=high
21:12:17 INFO  bot | [ETH15m] Order placed: paper_1770585137528
21:12:17 INFO  bot | [SOL15m] ENTRY blocked: Max open positions: 3
21:12:18 INFO  bot | [ETH15m] ENTRY blocked: Max open positions: 3
21:12:18 INFO  bot | [SOL15m] ENTRY blocked: Max open positions: 3
21:12:19 INFO  bot | [ETH15m] ENTRY blocked: Max open positions: 3
21:12:19 INFO  bot | [SOL15m] ENTRY blocked: Max open positions: 3
21:12:20 INFO  bot | [ETH15m] ENTRY blocked: Max open positions: 3
21:12:20 INFO  bot | [SOL15m] ENTRY blocked: Max open positions: 3
21:12:21 INFO  bot | [ETH15m] ENTRY blocked: Max open positions: 3
21:12:21 INFO  bot | [SOL15m] ENTRY blocked: Max open positions: 3
21:12:22 INFO  bot | [ETH15m] ENTRY blocked: Max open positions: 3
21:12:22 INFO  bot | [SOL15m] ENTRY blocked: Max open positions: 3
21:12:23 INFO  bot | [ETH15m] ENTRY blocked: Max open positions: 3
21:12:23 INFO  bot | [SOL15m] ENTRY blocked: Max open positions: 3
21:12:24 INFO  bot | [ETH15m] ENTRY blocked: Max open positions: 3
21:12:24 INFO  bot | [SOL15m] ENTRY blocked: Max open positions: 3
21:12:25 INFO  bot | [ETH15m] ENTRY blocked: Max open positions: 3
21:12:25 INFO  bot | [SOL15m] ENTRY blocked: Max open positions: 3
21:12:26 INFO  bot | [ETH15m] ENTRY blocked: Max open positions: 3
21:12:26 INFO  bot | [SOL15m] ENTRY blocked: Max open positions: 3
21:12:27 INFO  bot | [ETH15m] ENTRY blocked: Max open positions: 3
21:12:27 INFO  bot | [SOL15m] ENTRY blocked: Max open positions: 3
21:12:28 INFO  bot | [ETH15m] ENTRY blocked: Max open positions: 3
21:12:28 INFO  bot | [SOL15m] ENTRY blocked: Max open positions: 3
21:12:29 INFO  bot | [ETH15m] ENTRY blocked: Max open positions: 3
21:12:29 INFO  bot | [SOL15m] ENTRY blocked: Max open positions: 3
21:12:30 INFO  bot | [ETH15m] ENTRY blocked: Max open positions: 3
21:12:30 INFO  bot | [SOL15m] ENTRY blocked: Max open positions: 3
21:12:31 INFO  bot | [ETH15m] ENTRY blocked: Max open positions: 3
21:12:31 INFO  bot | [SOL15m] ENTRY blocked: Max open positions: 3
21:12:31 INFO  bot | Status: Trades: 3 | W/L: 0/0 (0%) | P&L: $+0.00 | Bankroll: $1000.00
21:12:31 INFO  bot | Risk: Open: 3/3 | Losses: 0/5 | Hourly: 0/20
21:12:32 INFO  bot | [ETH15m] ENTRY blocked: Max open positions: 3
21:12:32 INFO  bot | [SOL15m] ENTRY blocked: Max open positions: 3
21:12:33 INFO  bot | [BTC15m] ENTRY blocked: Max open positions: 3
21:12:33 INFO  bot | [ETH15m] ENTRY blocked: Max open positions: 3
21:12:33 INFO  bot | [SOL15m] ENTRY blocked: Max open positions: 3
21:12:34 INFO  bot | [ETH15m] ENTRY blocked: Max open positions: 3
21:12:34 INFO  bot | [SOL15m] ENTRY blocked: Max open positions: 3
21:12:35 INFO  bot | [ETH15m] ENTRY blocked: Max open positions: 3
21:12:35 INFO  bot | [SOL15m] ENTRY blocked: Max open positions: 3
21:12:36 INFO  bot | [ETH15m] ENTRY blocked: Max open positions: 3
21:12:36 INFO  bot | [SOL15m] ENTRY blocked: Max open positions: 3
21:12:37 INFO  bot | [ETH15m] ENTRY blocked: Max open positions: 3
21:12:37 INFO  bot | [SOL15m] ENTRY blocked: Max open positions: 3
21:12:38 INFO  bot | [ETH15m] ENTRY blocked: Max open positions: 3
21:12:38 INFO  bot | [SOL15m] ENTRY blocked: Max open positions: 3
21:12:39 INFO  bot | [ETH15m] ENTRY blocked: Max open positions: 3
21:12:39 INFO  bot | [SOL15m] ENTRY blocked: Max open positions: 3
21:12:40 INFO  bot | [ETH15m] ENTRY blocked: Max open positions: 3
21:12:40 INFO  bot | [SOL15m] ENTRY blocked: Max open positions: 3
21:12:41 INFO  bot | [ETH15m] ENTRY blocked: Max open positions: 3
21:12:41 INFO  bot | [SOL15m] ENTRY blocked: Max open positions: 3
21:12:42 INFO  bot | [ETH15m] ENTRY blocked: Max open positions: 3
21:12:42 INFO  bot | [SOL15m] ENTRY blocked: Max open positions: 3
21:12:43 INFO  bot | [ETH15m] ENTRY blocked: Max open positions: 3
21:12:43 INFO  bot | [SOL15m] ENTRY blocked: Max open positions: 3
21:12:44 INFO  bot | [ETH15m] ENTRY blocked: Max open positions: 3
21:12:44 INFO  bot | [SOL15m] ENTRY blocked: Max open positions: 3
21:12:45 INFO  bot | [ETH15m] ENTRY blocked: Max open positions: 3
21:12:45 INFO  bot | [SOL15m] ENTRY blocked: Max open positions: 3
21:12:46 INFO  bot | [ETH15m] ENTRY blocked: Max open positions: 3
21:12:46 INFO  bot | [SOL15m] ENTRY blocked: Max open positions: 3
21:12:47 INFO  bot | [ETH15m] ENTRY blocked: Max open positions: 3
21:12:47 INFO  bot | [SOL15m] ENTRY blocked: Max open positions: 3
21:12:48 INFO  bot | [ETH15m] ENTRY blocked: Max open positions: 3
21:12:48 INFO  bot | [SOL15m] ENTRY blocked: Max open positions: 3
21:12:49 INFO  bot | [ETH15m] ENTRY blocked: Max open positions: 3
21:12:49 INFO  bot | [SOL15m] ENTRY blocked: Max open positions: 3
21:12:50 INFO  bot | [ETH15m] ENTRY blocked: Max open positions: 3
21:12:50 INFO  bot | [SOL15m] ENTRY blocked: Max open positions: 3
21:12:51 INFO  bot | [ETH15m] ENTRY blocked: Max open positions: 3
21:12:51 INFO  bot | [SOL15m] ENTRY blocked: Max open positions: 3
21:12:52 INFO  bot | [ETH15m] ENTRY blocked: Max open positions: 3
21:12:52 INFO  bot | [SOL15m] ENTRY blocked: Max open positions: 3
21:12:53 INFO  bot | [ETH15m] ENTRY blocked: Max open positions: 3
21:12:53 INFO  bot | [SOL15m] ENTRY blocked: Max open positions: 3
21:12:54 INFO  bot | [ETH15m] ENTRY blocked: Max open positions: 3
21:12:54 INFO  bot | [SOL15m] ENTRY blocked: Max open positions: 3
21:12:54 INFO  bot | [XRP15m] ENTRY blocked: Max open positions: 3
21:12:55 INFO  bot | [ETH15m] ENTRY blocked: Max open positions: 3
21:12:55 INFO  bot | [SOL15m] ENTRY blocked: Max open positions: 3
21:12:56 INFO  bot | [ETH15m] ENTRY blocked: Max open positions: 3
21:12:56 INFO  bot | [SOL15m] ENTRY blocked: Max open positions: 3
21:12:57 INFO  bot | [ETH15m] ENTRY blocked: Max open positions: 3
21:12:57 INFO  bot | [SOL15m] ENTRY blocked: Max open positions: 3
21:12:58 INFO  bot | [ETH15m] ENTRY blocked: Max open positions: 3
21:12:58 INFO  bot | [SOL15m] ENTRY blocked: Max open positions: 3
21:12:59 INFO  bot | [ETH15m] ENTRY blocked: Max open positions: 3
21:12:59 INFO  bot | [SOL15m] ENTRY blocked: Max open positions: 3
21:13:00 INFO  bot | [ETH15m] ENTRY blocked: Max open positions: 3
21:13:00 INFO  bot | [SOL15m] ENTRY blocked: Max open positions: 3
21:13:01 INFO  bot | [ETH15m] ENTRY blocked: Max open positions: 3
21:13:01 INFO  bot | [SOL15m] ENTRY blocked: Max open positions: 3
21:13:02 INFO  bot | [ETH15m] ENTRY blocked: Max open positions: 3
21:13:02 INFO  bot | [SOL15m] ENTRY blocked: Max open positions: 3
21:13:03 INFO  bot | [ETH15m] ENTRY blocked: Max open positions: 3
21:13:03 INFO  bot | [SOL15m] ENTRY blocked: Max open positions: 3
21:13:04 INFO  bot | [ETH15m] ENTRY blocked: Max open positions: 3
21:13:04 INFO  bot | [SOL15m] ENTRY blocked: Max open positions: 3
21:13:04 INFO  bot | [XRP15m] ENTRY blocked: Max open positions: 3
21:13:05 INFO  bot | [ETH15m] ENTRY blocked: Max open positions: 3
21:13:05 INFO  bot | [XRP15m] ENTRY blocked: Max open positions: 3
21:13:06 WARNING bot | [BTC15m] DEFENSE: HOLD: holding:prob=99%_danger=0.51
21:13:06 INFO  bot | [ETH15m] ENTRY blocked: Max open positions: 3
21:13:06 INFO  bot | [XRP15m] ENTRY blocked: Max open positions: 3
21:13:07 WARNING bot | [BTC15m] DEFENSE: HOLD: holding:prob=99%_danger=0.51
21:13:07 INFO  bot | [ETH15m] ENTRY blocked: Max open positions: 3
21:13:07 INFO  bot | [XRP15m] ENTRY blocked: Max open positions: 3
21:13:08 WARNING bot | [BTC15m] DEFENSE: HOLD: holding:prob=99%_danger=0.51
21:13:08 INFO  bot | [ETH15m] ENTRY blocked: Max open positions: 3
21:13:08 INFO  bot | [XRP15m] ENTRY blocked: Max open positions: 3
21:13:09 WARNING bot | [BTC15m] DEFENSE: HOLD: holding:prob=99%_danger=0.51
21:13:09 INFO  bot | [ETH15m] ENTRY blocked: Max open positions: 3
21:13:09 INFO  bot | [XRP15m] ENTRY blocked: Max open positions: 3
21:13:10 WARNING bot | [BTC15m] DEFENSE: HOLD: holding:prob=99%_danger=0.51
21:13:10 INFO  bot | [ETH15m] ENTRY blocked: Max open positions: 3
21:13:10 INFO  bot | [XRP15m] ENTRY blocked: Max open positions: 3
21:13:11 WARNING bot | [BTC15m] DEFENSE: HOLD: holding:prob=99%_danger=0.51
21:13:11 INFO  bot | [ETH15m] ENTRY blocked: Max open positions: 3
21:13:11 INFO  bot | [XRP15m] ENTRY blocked: Max open positions: 3
21:13:12 WARNING bot | [BTC15m] DEFENSE: HOLD: holding:prob=99%_danger=0.51
21:13:12 INFO  bot | [ETH15m] ENTRY blocked: Max open positions: 3
21:13:13 WARNING bot | [BTC15m] DEFENSE: HOLD: holding:prob=99%_danger=0.51
21:13:14 WARNING bot | [BTC15m] DEFENSE: HOLD: holding:prob=99%_danger=0.51
21:13:14 INFO  bot | [ETH15m] ENTRY blocked: Max open positions: 3
21:13:14 INFO  bot | [XRP15m] ENTRY blocked: Max open positions: 3
21:13:15 WARNING bot | [BTC15m] DEFENSE: HOLD: holding:prob=99%_danger=0.51
21:13:15 INFO  bot | [ETH15m] ENTRY blocked: Max open positions: 3
21:13:15 INFO  bot | [XRP15m] ENTRY blocked: Max open positions: 3
21:13:16 WARNING bot | [BTC15m] DEFENSE: HOLD: holding:prob=99%_danger=0.51
21:13:16 INFO  bot | [ETH15m] ENTRY blocked: Max open positions: 3
21:13:16 INFO  bot | [XRP15m] ENTRY blocked: Max open positions: 3
21:13:17 WARNING bot | [BTC15m] DEFENSE: HOLD: holding:prob=99%_danger=0.51
21:13:17 INFO  bot | [ETH15m] ENTRY blocked: Max open positions: 3
21:13:17 INFO  bot | [XRP15m] ENTRY blocked: Max open positions: 3
21:13:18 WARNING bot | [BTC15m] DEFENSE: HOLD: holding:prob=99%_danger=0.51
21:13:18 INFO  bot | [ETH15m] ENTRY blocked: Max open positions: 3
21:13:18 INFO  bot | [XRP15m] ENTRY blocked: Max open positions: 3
21:13:19 WARNING bot | [BTC15m] DEFENSE: HOLD: holding:prob=99%_danger=0.51
21:13:19 INFO  bot | [ETH15m] ENTRY blocked: Max open positions: 3
21:13:19 INFO  bot | [XRP15m] ENTRY blocked: Max open positions: 3
21:13:20 WARNING bot | [BTC15m] DEFENSE: HOLD: holding:prob=99%_danger=0.51
21:13:20 INFO  bot | [ETH15m] ENTRY blocked: Max open positions: 3
21:13:20 INFO  bot | [XRP15m] ENTRY blocked: Max open positions: 3
21:13:21 WARNING bot | [BTC15m] DEFENSE: HOLD: holding:prob=99%_danger=0.51
21:13:22 WARNING bot | [BTC15m] DEFENSE: HOLD: holding:prob=99%_danger=0.51
21:13:22 INFO  bot | [ETH15m] ENTRY blocked: Max open positions: 3
21:13:22 INFO  bot | [XRP15m] ENTRY blocked: Max open positions: 3
21:13:23 WARNING bot | [BTC15m] DEFENSE: HOLD: holding:prob=99%_danger=0.51
21:13:23 INFO  bot | [ETH15m] ENTRY blocked: Max open positions: 3
21:13:23 INFO  bot | [XRP15m] ENTRY blocked: Max open positions: 3
21:13:24 WARNING bot | [BTC15m] DEFENSE: HOLD: holding:prob=99%_danger=0.51
21:13:24 INFO  bot | [ETH15m] ENTRY blocked: Max open positions: 3
21:13:24 INFO  bot | [XRP15m] ENTRY blocked: Max open positions: 3
21:13:25 WARNING bot | [BTC15m] DEFENSE: HOLD: holding:prob=99%_danger=0.51
21:13:25 INFO  bot | [ETH15m] ENTRY blocked: Max open positions: 3
21:13:25 INFO  bot | [XRP15m] ENTRY blocked: Max open positions: 3
21:13:26 WARNING bot | [BTC15m] DEFENSE: HOLD: holding:prob=99%_danger=0.51
21:13:26 INFO  bot | [ETH15m] ENTRY blocked: Max open positions: 3
21:13:26 INFO  bot | [XRP15m] ENTRY blocked: Max open positions: 3
21:13:27 WARNING bot | [BTC15m] DEFENSE: HOLD: holding:prob=99%_danger=0.51
21:13:27 INFO  bot | [ETH15m] ENTRY blocked: Max open positions: 3
21:13:27 INFO  bot | [XRP15m] ENTRY blocked: Max open positions: 3
21:13:28 WARNING bot | [BTC15m] DEFENSE: HOLD: holding:prob=99%_danger=0.51
21:13:28 INFO  bot | [ETH15m] ENTRY blocked: Max open positions: 3
21:13:28 INFO  bot | [XRP15m] ENTRY blocked: Max open positions: 3
21:13:29 WARNING bot | [BTC15m] DEFENSE: HOLD: holding:prob=99%_danger=0.51
21:13:29 INFO  bot | [ETH15m] ENTRY blocked: Max open positions: 3
21:13:29 INFO  bot | [XRP15m] ENTRY blocked: Max open positions: 3
21:13:30 WARNING bot | [BTC15m] DEFENSE: HOLD: holding:prob=99%_danger=0.51
21:13:30 INFO  bot | [ETH15m] ENTRY blocked: Max open positions: 3
21:13:30 INFO  bot | [XRP15m] ENTRY blocked: Max open positions: 3
21:13:31 WARNING bot | [BTC15m] DEFENSE: HOLD: holding:prob=99%_danger=0.51
21:13:31 INFO  bot | [ETH15m] ENTRY blocked: Max open positions: 3
21:13:31 INFO  bot | [XRP15m] ENTRY blocked: Max open positions: 3
21:13:31 INFO  bot | Status: Trades: 3 | W/L: 0/0 (0%) | P&L: $+0.00 | Bankroll: $1000.00
21:13:31 INFO  bot | Risk: Open: 3/3 | Losses: 0/5 | Hourly: 0/20
21:13:32 WARNING bot | [BTC15m] DEFENSE: HOLD: holding:prob=99%_danger=0.51
21:13:32 INFO  bot | [ETH15m] ENTRY blocked: Max open positions: 3
21:13:32 INFO  bot | [XRP15m] ENTRY blocked: Max open positions: 3
21:13:33 WARNING bot | [BTC15m] DEFENSE: HOLD: holding:prob=99%_danger=0.51
21:13:33 INFO  bot | [ETH15m] ENTRY blocked: Max open positions: 3
21:13:33 INFO  bot | [XRP15m] ENTRY blocked: Max open positions: 3
21:13:34 WARNING bot | [BTC15m] DEFENSE: HOLD: holding:prob=99%_danger=0.51
21:13:34 INFO  bot | [ETH15m] ENTRY blocked: Max open positions: 3
21:13:34 INFO  bot | [XRP15m] ENTRY blocked: Max open positions: 3
21:13:35 WARNING bot | [BTC15m] DEFENSE: HOLD: holding:prob=99%_danger=0.51
21:13:35 INFO  bot | [ETH15m] ENTRY blocked: Max open positions: 3
21:13:35 INFO  bot | [XRP15m] ENTRY blocked: Max open positions: 3
21:13:36 WARNING bot | [BTC15m] DEFENSE: HOLD: holding:prob=99%_danger=0.51
21:13:36 INFO  bot | [ETH15m] ENTRY blocked: Max open positions: 3
21:13:36 INFO  bot | [XRP15m] ENTRY blocked: Max open positions: 3
21:13:37 WARNING bot | [BTC15m] DEFENSE: HOLD: holding:prob=99%_danger=0.51
21:13:37 INFO  bot | [ETH15m] ENTRY blocked: Max open positions: 3
21:13:37 INFO  bot | [XRP15m] ENTRY blocked: Max open positions: 3
21:13:38 WARNING bot | [BTC15m] DEFENSE: HOLD: holding:prob=99%_danger=0.51
21:13:38 INFO  bot | [ETH15m] ENTRY blocked: Max open positions: 3
21:13:38 INFO  bot | [XRP15m] ENTRY blocked: Max open positions: 3
21:13:39 WARNING bot | [BTC15m] DEFENSE: HOLD: holding:prob=99%_danger=0.51
21:13:39 INFO  bot | [ETH15m] ENTRY blocked: Max open positions: 3
21:13:39 INFO  bot | [XRP15m] ENTRY blocked: Max open positions: 3
21:13:40 WARNING bot | [BTC15m] DEFENSE: HOLD: holding:prob=99%_danger=0.51
21:13:40 INFO  bot | [ETH15m] ENTRY blocked: Max open positions: 3
21:13:40 INFO  bot | [XRP15m] ENTRY blocked: Max open positions: 3
21:13:41 WARNING bot | [BTC15m] DEFENSE: HOLD: holding:prob=99%_danger=0.51
21:13:41 INFO  bot | [ETH15m] ENTRY blocked: Max open positions: 3
21:13:41 INFO  bot | [XRP15m] ENTRY blocked: Max open positions: 3
21:13:42 WARNING bot | [BTC15m] DEFENSE: HOLD: holding:prob=99%_danger=0.51
21:13:42 INFO  bot | [ETH15m] ENTRY blocked: Max open positions: 3
21:13:42 INFO  bot | [XRP15m] ENTRY blocked: Max open positions: 3
21:13:43 WARNING bot | [BTC15m] DEFENSE: HOLD: holding:prob=99%_danger=0.51
21:13:43 INFO  bot | [XRP15m] ENTRY blocked: Max open positions: 3
21:13:44 WARNING bot | [BTC15m] DEFENSE: HOLD: holding:prob=99%_danger=0.51
21:13:44 INFO  bot | [XRP15m] ENTRY blocked: Max open positions: 3
21:13:45 WARNING bot | [BTC15m] DEFENSE: HOLD: holding:prob=99%_danger=0.51
21:13:45 INFO  bot | [XRP15m] ENTRY blocked: Max open positions: 3
21:13:46 WARNING bot | [BTC15m] DEFENSE: HOLD: holding:prob=99%_danger=0.51
21:13:46 INFO  bot | [XRP15m] ENTRY blocked: Max open positions: 3
21:13:47 WARNING bot | [BTC15m] DEFENSE: HOLD: holding:prob=99%_danger=0.51
21:13:47 INFO  bot | [XRP15m] ENTRY blocked: Max open positions: 3
21:13:48 WARNING bot | [BTC15m] DEFENSE: HOLD: holding:prob=99%_danger=0.51
21:13:48 INFO  bot | [XRP15m] ENTRY blocked: Max open positions: 3
21:13:49 WARNING bot | [BTC15m] DEFENSE: HOLD: holding:prob=99%_danger=0.51
21:13:49 INFO  bot | [XRP15m] ENTRY blocked: Max open positions: 3
21:13:50 WARNING bot | [BTC15m] DEFENSE: HOLD: holding:prob=99%_danger=0.51
21:13:50 INFO  bot | [XRP15m] ENTRY blocked: Max open positions: 3
21:13:51 WARNING bot | [BTC15m] DEFENSE: HOLD: holding:prob=99%_danger=0.51
21:13:51 INFO  bot | [XRP15m] ENTRY blocked: Max open positions: 3
21:13:52 WARNING bot | [BTC15m] DEFENSE: HOLD: holding:prob=99%_danger=0.51
21:13:52 INFO  bot | [XRP15m] ENTRY blocked: Max open positions: 3
21:13:53 WARNING bot | [BTC15m] DEFENSE: HOLD: holding:prob=99%_danger=0.51
21:13:53 INFO  bot | [XRP15m] ENTRY blocked: Max open positions: 3
21:13:54 WARNING bot | [BTC15m] DEFENSE: HOLD: holding:prob=99%_danger=0.51
21:13:54 INFO  bot | [XRP15m] ENTRY blocked: Max open positions: 3
21:13:55 WARNING bot | [BTC15m] DEFENSE: HOLD: holding:prob=99%_danger=0.51
21:13:55 INFO  bot | [XRP15m] ENTRY blocked: Max open positions: 3
21:13:56 WARNING bot | [BTC15m] DEFENSE: HOLD: holding:prob=99%_danger=0.51
21:13:56 INFO  bot | [XRP15m] ENTRY blocked: Max open positions: 3
21:13:57 WARNING bot | [BTC15m] DEFENSE: HOLD: holding:prob=99%_danger=0.51
21:13:57 INFO  bot | [XRP15m] ENTRY blocked: Max open positions: 3
21:13:58 WARNING bot | [BTC15m] DEFENSE: HOLD: holding:prob=99%_danger=0.51
21:13:58 INFO  bot | [XRP15m] ENTRY blocked: Max open positions: 3
21:13:59 WARNING bot | [BTC15m] DEFENSE: HOLD: holding:prob=99%_danger=0.51
21:13:59 INFO  bot | [XRP15m] ENTRY blocked: Max open positions: 3
21:14:00 WARNING bot | [BTC15m] DEFENSE: HOLD: holding:prob=99%_danger=0.51
21:14:00 INFO  bot | [XRP15m] ENTRY blocked: Max open positions: 3
21:14:01 WARNING bot | [BTC15m] DEFENSE: HOLD: holding:prob=99%_danger=0.51
21:14:01 INFO  bot | [XRP15m] ENTRY blocked: Max open positions: 3
21:14:02 WARNING bot | [BTC15m] DEFENSE: HOLD: holding:prob=99%_danger=0.51
21:14:02 WARNING bot | [SOL15m] DEFENSE: HOLD: holding:prob=99%_danger=0.51
21:14:02 INFO  bot | [XRP15m] ENTRY blocked: Max open positions: 3
21:14:03 WARNING bot | [BTC15m] DEFENSE: HOLD: holding:prob=99%_danger=0.51
21:14:03 WARNING bot | [SOL15m] DEFENSE: HOLD: holding:prob=99%_danger=0.51
21:14:04 WARNING bot | [BTC15m] DEFENSE: HOLD: holding:prob=99%_danger=0.51
21:14:04 WARNING bot | [SOL15m] DEFENSE: HOLD: holding:prob=99%_danger=0.51
21:14:05 WARNING bot | [SOL15m] DEFENSE: HOLD: holding:prob=99%_danger=0.51
21:14:05 INFO  bot | [XRP15m] ENTRY blocked: Max open positions: 3
21:14:06 WARNING bot | [SOL15m] DEFENSE: HOLD: holding:prob=99%_danger=0.51
21:14:06 INFO  bot | [XRP15m] ENTRY blocked: Max open positions: 3
21:14:07 WARNING bot | [SOL15m] DEFENSE: HOLD: holding:prob=100%_danger=0.51
21:14:08 WARNING bot | [SOL15m] DEFENSE: HOLD: holding:prob=100%_danger=0.51
21:14:09 WARNING bot | [SOL15m] DEFENSE: HOLD: holding:prob=100%_danger=0.51
21:14:10 WARNING bot | [SOL15m] DEFENSE: HOLD: holding:prob=100%_danger=0.51
21:14:11 WARNING bot | [SOL15m] DEFENSE: HOLD: holding:prob=100%_danger=0.51
21:14:12 WARNING bot | [SOL15m] DEFENSE: HOLD: holding:prob=100%_danger=0.51
21:14:13 WARNING bot | [ETH15m] DEFENSE: HOLD: holding:prob=99%_danger=0.51
21:14:13 WARNING bot | [SOL15m] DEFENSE: HOLD: holding:prob=100%_danger=0.51
21:14:14 WARNING bot | [ETH15m] DEFENSE: HOLD: holding:prob=99%_danger=0.51
21:14:14 WARNING bot | [SOL15m] DEFENSE: HOLD: holding:prob=100%_danger=0.51
21:14:15 WARNING bot | [ETH15m] DEFENSE: HOLD: holding:prob=99%_danger=0.51
21:14:15 WARNING bot | [SOL15m] DEFENSE: HOLD: holding:prob=100%_danger=0.51
21:14:16 WARNING bot | [ETH15m] DEFENSE: HOLD: holding:prob=99%_danger=0.51
21:14:16 WARNING bot | [SOL15m] DEFENSE: HOLD: holding:prob=100%_danger=0.51
21:14:17 WARNING bot | [ETH15m] DEFENSE: HOLD: holding:prob=99%_danger=0.51
21:14:17 WARNING bot | [SOL15m] DEFENSE: HOLD: holding:prob=100%_danger=0.51
21:14:18 WARNING bot | [ETH15m] DEFENSE: HOLD: holding:prob=99%_danger=0.51
21:14:18 WARNING bot | [SOL15m] DEFENSE: HOLD: holding:prob=100%_danger=0.51
21:14:19 WARNING bot | [ETH15m] DEFENSE: HOLD: holding:prob=99%_danger=0.51
21:14:19 WARNING bot | [SOL15m] DEFENSE: HOLD: holding:prob=100%_danger=0.51
21:14:20 WARNING bot | [ETH15m] DEFENSE: HOLD: holding:prob=99%_danger=0.51
21:14:20 WARNING bot | [SOL15m] DEFENSE: HOLD: holding:prob=100%_danger=0.51
21:14:21 WARNING bot | [ETH15m] DEFENSE: HOLD: holding:prob=99%_danger=0.51
21:14:21 WARNING bot | [SOL15m] DEFENSE: HOLD: holding:prob=100%_danger=0.51
21:14:22 WARNING bot | [ETH15m] DEFENSE: HOLD: holding:prob=99%_danger=0.51
21:14:22 WARNING bot | [SOL15m] DEFENSE: HOLD: holding:prob=100%_danger=0.51
21:14:23 WARNING bot | [ETH15m] DEFENSE: HOLD: holding:prob=99%_danger=0.51
21:14:23 WARNING bot | [SOL15m] DEFENSE: HOLD: holding:prob=100%_danger=0.51
21:14:24 WARNING bot | [ETH15m] DEFENSE: HOLD: holding:prob=99%_danger=0.51
21:14:24 WARNING bot | [SOL15m] DEFENSE: HOLD: holding:prob=100%_danger=0.51
21:14:25 WARNING bot | [ETH15m] DEFENSE: HOLD: holding:prob=100%_danger=0.51
21:14:25 WARNING bot | [SOL15m] DEFENSE: HOLD: holding:prob=100%_danger=0.51
21:14:26 WARNING bot | [ETH15m] DEFENSE: HOLD: holding:prob=100%_danger=0.51
21:14:26 WARNING bot | [SOL15m] DEFENSE: HOLD: holding:prob=100%_danger=0.51
21:14:27 WARNING bot | [ETH15m] DEFENSE: HOLD: holding:prob=100%_danger=0.51
21:14:27 WARNING bot | [SOL15m] DEFENSE: HOLD: holding:prob=100%_danger=0.51
21:14:28 WARNING bot | [ETH15m] DEFENSE: HOLD: holding:prob=100%_danger=0.51
21:14:28 WARNING bot | [SOL15m] DEFENSE: HOLD: holding:prob=100%_danger=0.51
21:14:29 WARNING bot | [ETH15m] DEFENSE: HOLD: holding:prob=100%_danger=0.51
21:14:29 WARNING bot | [SOL15m] DEFENSE: HOLD: holding:prob=100%_danger=0.51
21:14:30 WARNING bot | [ETH15m] DEFENSE: HOLD: holding:prob=100%_danger=0.51
21:14:30 WARNING bot | [SOL15m] DEFENSE: HOLD: holding:prob=100%_danger=0.51
21:14:31 WARNING bot | [ETH15m] DEFENSE: HOLD: holding:prob=100%_danger=0.51
21:14:31 WARNING bot | [SOL15m] DEFENSE: HOLD: holding:prob=100%_danger=0.51
21:14:31 INFO  bot | Status: Trades: 3 | W/L: 0/0 (0%) | P&L: $+0.00 | Bankroll: $1000.00
21:14:31 INFO  bot | Risk: Open: 3/3 | Losses: 0/5 | Hourly: 0/20
21:14:32 WARNING bot | [ETH15m] DEFENSE: HOLD: holding:prob=100%_danger=0.51
21:14:32 WARNING bot | [SOL15m] DEFENSE: HOLD: holding:prob=100%_danger=0.51
21:14:33 WARNING bot | [ETH15m] DEFENSE: HOLD: holding:prob=100%_danger=0.51
21:14:33 WARNING bot | [SOL15m] DEFENSE: HOLD: holding:prob=100%_danger=0.51
21:14:34 WARNING bot | [ETH15m] DEFENSE: HOLD: holding:prob=100%_danger=0.51
21:14:34 WARNING bot | [SOL15m] DEFENSE: HOLD: holding:prob=100%_danger=0.51
21:14:35 WARNING bot | [ETH15m] DEFENSE: HOLD: holding:prob=100%_danger=0.51
21:14:35 WARNING bot | [SOL15m] DEFENSE: HOLD: holding:prob=100%_danger=0.51
21:14:36 WARNING bot | [ETH15m] DEFENSE: HOLD: holding:prob=100%_danger=0.51
21:14:36 WARNING bot | [SOL15m] DEFENSE: HOLD: holding:prob=100%_danger=0.51
21:14:37 WARNING bot | [ETH15m] DEFENSE: HOLD: holding:prob=100%_danger=0.51
21:14:37 WARNING bot | [SOL15m] DEFENSE: HOLD: holding:prob=100%_danger=0.51
21:14:38 WARNING bot | [ETH15m] DEFENSE: HOLD: holding:prob=100%_danger=0.51
21:14:38 WARNING bot | [SOL15m] DEFENSE: HOLD: holding:prob=100%_danger=0.51
21:14:39 WARNING bot | [ETH15m] DEFENSE: HOLD: holding:prob=100%_danger=0.51
21:14:39 WARNING bot | [SOL15m] DEFENSE: HOLD: holding:prob=100%_danger=0.51
21:14:40 WARNING bot | [ETH15m] DEFENSE: HOLD: holding:prob=100%_danger=0.51
21:14:40 WARNING bot | [SOL15m] DEFENSE: HOLD: holding:prob=100%_danger=0.51
21:14:41 WARNING bot | [ETH15m] DEFENSE: HOLD: holding:prob=100%_danger=0.51
21:14:42 WARNING bot | [SOL15m] DEFENSE: HOLD: holding:prob=100%_danger=0.51
21:14:42 WARNING bot | [ETH15m] DEFENSE: HOLD: holding:prob=100%_danger=0.51
21:14:42 WARNING bot | [SOL15m] DEFENSE: HOLD: holding:prob=100%_danger=0.51
21:14:43 WARNING bot | [ETH15m] DEFENSE: HOLD: holding:prob=100%_danger=0.51
21:14:43 WARNING bot | [SOL15m] DEFENSE: HOLD: holding:prob=100%_danger=0.51
21:14:44 WARNING bot | [ETH15m] DEFENSE: HOLD: holding:prob=100%_danger=0.51
21:14:44 WARNING bot | [SOL15m] DEFENSE: HOLD: holding:prob=100%_danger=0.51
21:14:45 WARNING bot | [ETH15m] DEFENSE: HOLD: holding:prob=100%_danger=0.51
21:14:45 WARNING bot | [SOL15m] DEFENSE: HOLD: holding:prob=100%_danger=0.51
21:14:46 WARNING bot | [ETH15m] DEFENSE: HOLD: holding:prob=100%_danger=0.51
21:14:46 WARNING bot | [SOL15m] DEFENSE: HOLD: holding:prob=100%_danger=0.51
21:14:47 WARNING bot | [ETH15m] DEFENSE: HOLD: holding:prob=100%_danger=0.51
21:14:47 WARNING bot | [SOL15m] DEFENSE: HOLD: holding:prob=100%_danger=0.51
21:14:48 WARNING bot | [ETH15m] DEFENSE: HOLD: holding:prob=100%_danger=0.51
21:14:48 WARNING bot | [SOL15m] DEFENSE: HOLD: holding:prob=100%_danger=0.51
21:14:49 WARNING bot | [ETH15m] DEFENSE: HOLD: holding:prob=100%_danger=0.51
21:14:49 WARNING bot | [SOL15m] DEFENSE: HOLD: holding:prob=100%_danger=0.51
21:14:50 WARNING bot | [ETH15m] DEFENSE: HOLD: holding:prob=100%_danger=0.51
21:14:50 WARNING bot | [SOL15m] DEFENSE: HOLD: holding:prob=100%_danger=0.51
21:14:51 WARNING bot | [ETH15m] DEFENSE: HOLD: holding:prob=100%_danger=0.51
21:14:51 WARNING bot | [SOL15m] DEFENSE: HOLD: holding:prob=100%_danger=0.51
21:14:52 WARNING bot | [ETH15m] DEFENSE: HOLD: holding:prob=100%_danger=0.51
21:14:52 WARNING bot | [SOL15m] DEFENSE: HOLD: holding:prob=100%_danger=0.51
21:14:53 WARNING bot | [ETH15m] DEFENSE: HOLD: holding:prob=100%_danger=0.51
21:14:53 WARNING bot | [SOL15m] DEFENSE: HOLD: holding:prob=100%_danger=0.51
21:14:54 WARNING bot | [ETH15m] DEFENSE: HOLD: holding:prob=100%_danger=0.51
21:14:54 WARNING bot | [SOL15m] DEFENSE: HOLD: holding:prob=100%_danger=0.51
21:14:55 WARNING bot | [ETH15m] DEFENSE: HOLD: holding:prob=100%_danger=0.51
21:14:55 WARNING bot | [SOL15m] DEFENSE: HOLD: holding:prob=100%_danger=0.51
21:14:56 WARNING bot | [ETH15m] DEFENSE: HOLD: holding:prob=100%_danger=0.51
21:14:56 WARNING bot | [SOL15m] DEFENSE: HOLD: holding:prob=100%_danger=0.51
21:14:57 WARNING bot | [ETH15m] DEFENSE: HOLD: holding:prob=100%_danger=0.51
21:14:57 WARNING bot | [SOL15m] DEFENSE: HOLD: holding:prob=100%_danger=0.51
21:14:58 WARNING bot | [ETH15m] DEFENSE: HOLD: holding:prob=100%_danger=0.51
21:14:58 WARNING bot | [SOL15m] DEFENSE: HOLD: holding:prob=100%_danger=0.51
21:14:59 WARNING bot | [ETH15m] DEFENSE: HOLD: holding:prob=100%_danger=0.51
21:14:59 WARNING bot | [SOL15m] DEFENSE: HOLD: holding:prob=100%_danger=0.51
21:15:00 WARNING bot | [ETH15m] DEFENSE: HOLD: holding:prob=100%_danger=0.51
21:15:00 WARNING bot | [SOL15m] DEFENSE: HOLD: holding:prob=100%_danger=0.51
21:15:02 WARNING bot | [BTC15m] DEFENSE: EXIT_EMERGENCY! multi_signal(2):imbalance_flip:-0.515+prob_dropping:50%
21:15:02 WARNING bot | [BTC15m] EMERGENCY EXIT: multi_signal(2):imbalance_flip:-0.515+prob_dropping:50%
21:15:02 INFO  bot | [BTC15m] Closed early: P&L=$-2.41
21:15:02 WARNING bot | [ETH15m] DEFENSE: EXIT_EMERGENCY! multi_signal(3):imbalance_flip:-1.005+microprice_against:66s
21:15:02 WARNING bot | [ETH15m] EMERGENCY EXIT: multi_signal(3):imbalance_flip:-1.005+microprice_against:66s
21:15:02 INFO  bot | [ETH15m] Closed early: P&L=$-2.41
21:15:02 WARNING bot | [SOL15m] DEFENSE: EXIT_EMERGENCY! multi_signal(2):imbalance_flip:-1.006+prob_dropping:48%
21:15:02 WARNING bot | [SOL15m] EMERGENCY EXIT: multi_signal(2):imbalance_flip:-1.006+prob_dropping:48%
21:15:02 INFO  bot | [SOL15m] Closed early: P&L=$-2.46
21:15:32 INFO  bot | Status: Trades: 3 | W/L: 0/3 (0%) | P&L: $-7.28 | Bankroll: $992.72
21:15:32 INFO  bot | Risk: Open: 3/3 | Losses: 0/5 | Hourly: 0/20
21:16:32 INFO  bot | Status: Trades: 3 | W/L: 0/3 (0%) | P&L: $-7.28 | Bankroll: $992.72
21:16:32 INFO  bot | Risk: Open: 3/3 | Losses: 0/5 | Hourly: 0/20
