19:45:49 INFO  | ============================================================
19:45:49 INFO  | 📈 PAPER TRADING BOT
19:45:49 INFO  | ============================================================
19:45:49 INFO  | Coins: BTC, ETH, SOL, XRP
19:45:49 INFO  | Data: /root/bookpoly/data/raw/books
19:45:49 INFO  | 
19:45:49 INFO  | Parâmetros (docs/LOGICA_BOT.md):
19:45:49 INFO  |   Bankroll: $100
19:45:49 INFO  |   Size/trade: $5 (fixo)
19:45:49 INFO  |   Max trades/dia: 20
19:45:49 INFO  |   Max perda/dia: $25
19:45:49 INFO  |   Max posições: 3
19:45:49 INFO  |   Time Gate: 30s-240s
19:45:49 INFO  |   Spread Gate: ≤10%
19:45:49 INFO  |   Volatility Gate: ≤100%
19:45:49 INFO  |   Min Depth: $300
19:45:49 INFO  |   Forced Entry: prob≥95% + ≤2min
19:45:49 INFO  | ============================================================
19:45:49 INFO  | [BTC15m] [T:✗L:✓S:✓V:✓N:✓] ALL:✗ | prob=49.5% zone=neutral score=0.56 | spread=2.0% depth=$112766 vol=28% | persist=0s remain=852s | ○ NO_ENTER
19:45:49 INFO  | [ETH15m] [T:✗L:✓S:✓V:✓N:✓] ALL:✗ | prob=47.5% zone=neutral score=0.65 | spread=2.1% depth=$31351 vol=53% | persist=0s remain=852s | ○ NO_ENTER
19:45:49 INFO  | [SOL15m] [T:✗L:✓S:✓V:✓N:✓] ALL:✗ | prob=45.5% zone=neutral score=0.57 | spread=2.2% depth=$25310 vol=59% | persist=0s remain=852s | ○ NO_ENTER
19:45:49 INFO  | [XRP15m] [T:✗L:✓S:✓V:✓N:✓] ALL:✗ | prob=44.5% zone=neutral score=0.63 | spread=2.2% depth=$22242 vol=51% | persist=0s remain=852s | ○ NO_ENTER
19:45:50 INFO  | [BTC15m] [T:✗L:✓S:✓V:✓N:✓] ALL:✗ | prob=49.5% zone=neutral score=0.56 | spread=2.0% depth=$112832 vol=28% | persist=0s remain=851s | ○ NO_ENTER
19:45:50 INFO  | [ETH15m] [T:✗L:✓S:✓V:✓N:✓] ALL:✗ | prob=47.5% zone=neutral score=0.66 | spread=2.1% depth=$31394 vol=53% | persist=0s remain=851s | ○ NO_ENTER
19:45:50 INFO  | [SOL15m] [T:✗L:✓S:✓V:✓N:✓] ALL:✗ | prob=45.5% zone=neutral score=0.57 | spread=2.2% depth=$25305 vol=59% | persist=0s remain=851s | ○ NO_ENTER
19:45:50 INFO  | [XRP15m] [T:✗L:✓S:✓V:✓N:✓] ALL:✗ | prob=44.5% zone=neutral score=0.63 | spread=2.2% depth=$22356 vol=51% | persist=0s remain=851s | ○ NO_ENTER
19:45:51 INFO  | [BTC15m] [T:✗L:✓S:✓V:✓N:✓] ALL:✗ | prob=49.5% zone=neutral score=0.56 | spread=2.0% depth=$112858 vol=28% | persist=0s remain=850s | ○ NO_ENTER
19:45:51 INFO  | [ETH15m] [T:✗L:✓S:✓V:✓N:✓] ALL:✗ | prob=47.5% zone=neutral score=0.66 | spread=2.1% depth=$31273 vol=53% | persist=0s remain=850s | ○ NO_ENTER
19:45:51 INFO  | [SOL15m] [T:✗L:✓S:✓V:✓N:✓] ALL:✗ | prob=45.5% zone=neutral score=0.59 | spread=2.2% depth=$25006 vol=59% | persist=0s remain=850s | ○ NO_ENTER
19:45:51 INFO  | [XRP15m] [T:✗L:✓S:✓V:✓N:✓] ALL:✗ | prob=44.0% zone=neutral score=0.61 | spread=4.5% depth=$22370 vol=51% | persist=0s remain=850s | ○ NO_ENTER
19:45:52 INFO  | [BTC15m] [T:✗L:✓S:✓V:✓N:✓] ALL:✗ | prob=49.5% zone=neutral score=0.56 | spread=2.0% depth=$112950 vol=28% | persist=0s remain=849s | ○ NO_ENTER
19:45:52 INFO  | [ETH15m] [T:✗L:✓S:✓V:✓N:✓] ALL:✗ | prob=47.5% zone=neutral score=0.65 | spread=2.1% depth=$31391 vol=53% | persist=0s remain=849s | ○ NO_ENTER
19:45:52 INFO  | [SOL15m] [T:✗L:✓S:✓V:✓N:✓] ALL:✗ | prob=45.5% zone=neutral score=0.58 | spread=2.2% depth=$24923 vol=59% | persist=0s remain=849s | ○ NO_ENTER
19:45:52 INFO  | [XRP15m] [T:✗L:✓S:✓V:✓N:✓] ALL:✗ | prob=44.5% zone=neutral score=0.63 | spread=2.2% depth=$22262 vol=51% | persist=0s remain=849s | ○ NO_ENTER
19:45:53 INFO  | [BTC15m] [T:✗L:✓S:✓V:✓N:✓] ALL:✗ | prob=49.5% zone=neutral score=0.56 | spread=2.0% depth=$113138 vol=28% | persist=0s remain=848s | ○ NO_ENTER
19:45:53 INFO  | [ETH15m] [T:✗L:✓S:✓V:✓N:✓] ALL:✗ | prob=47.5% zone=neutral score=0.65 | spread=2.1% depth=$31299 vol=53% | persist=0s remain=848s | ○ NO_ENTER
19:45:53 INFO  | [SOL15m] [T:✗L:✓S:✓V:✓N:✓] ALL:✗ | prob=45.5% zone=neutral score=0.59 | spread=2.2% depth=$25031 vol=59% | persist=0s remain=848s | ○ NO_ENTER
19:45:53 INFO  | [XRP15m] [T:✗L:✓S:✓V:✓N:✓] ALL:✗ | prob=44.5% zone=neutral score=0.63 | spread=2.2% depth=$22234 vol=51% | persist=0s remain=848s | ○ NO_ENTER
19:45:54 INFO  | [BTC15m] [T:✗L:✓S:✓V:✓N:✓] ALL:✗ | prob=49.5% zone=neutral score=0.57 | spread=2.0% depth=$112287 vol=28% | persist=0s remain=847s | ○ NO_ENTER
19:45:54 INFO  | [ETH15m] [T:✗L:✓S:✓V:✓N:✓] ALL:✗ | prob=49.5% zone=neutral score=0.54 | spread=2.0% depth=$45864 vol=53% | persist=0s remain=847s | ○ NO_ENTER
19:45:54 INFO  | [SOL15m] [T:✗L:✓S:✓V:✓N:✓] ALL:✗ | prob=45.5% zone=neutral score=0.57 | spread=2.2% depth=$24907 vol=59% | persist=0s remain=847s | ○ NO_ENTER
19:45:54 INFO  | [XRP15m] [T:✗L:✓S:✓V:✓N:✓] ALL:✗ | prob=44.5% zone=neutral score=0.62 | spread=2.2% depth=$22101 vol=51% | persist=0s remain=847s | ○ NO_ENTER
19:45:55 INFO  | [BTC15m] [T:✗L:✓S:✓V:✓N:✓] ALL:✗ | prob=49.5% zone=neutral score=0.56 | spread=2.0% depth=$112942 vol=28% | persist=0s remain=846s | ○ NO_ENTER
19:45:55 INFO  | [ETH15m] [T:✗L:✓S:✓V:✓N:✓] ALL:✗ | prob=49.5% zone=neutral score=0.57 | spread=2.0% depth=$44931 vol=53% | persist=0s remain=846s | ○ NO_ENTER
19:45:55 INFO  | [SOL15m] [T:✗L:✓S:✓V:✓N:✓] ALL:✗ | prob=46.5% zone=neutral score=0.55 | spread=2.2% depth=$24900 vol=59% | persist=0s remain=846s | ○ NO_ENTER
19:45:55 INFO  | [XRP15m] [T:✗L:✓S:✓V:✓N:✓] ALL:✗ | prob=43.5% zone=neutral score=0.61 | spread=2.3% depth=$22261 vol=51% | persist=0s remain=846s | ○ NO_ENTER
19:45:56 INFO  | [BTC15m] [T:✗L:✓S:✓V:✓N:✓] ALL:✗ | prob=49.5% zone=neutral score=0.56 | spread=2.0% depth=$112248 vol=28% | persist=0s remain=845s | ○ NO_ENTER
19:45:56 INFO  | [ETH15m] [T:✗L:✓S:✓V:✓N:✓] ALL:✗ | prob=46.5% zone=neutral score=0.69 | spread=2.2% depth=$31442 vol=53% | persist=0s remain=845s | ○ NO_ENTER
19:45:56 INFO  | [SOL15m] [T:✗L:✓S:✓V:✓N:✓] ALL:✗ | prob=46.5% zone=neutral score=0.56 | spread=2.2% depth=$24955 vol=59% | persist=0s remain=845s | ○ NO_ENTER
19:45:56 INFO  | [XRP15m] [T:✗L:✓S:✓V:✓N:✓] ALL:✗ | prob=43.5% zone=neutral score=0.64 | spread=2.3% depth=$21985 vol=51% | persist=0s remain=845s | ○ NO_ENTER
19:45:57 INFO  | [BTC15m] [T:✗L:✓S:✓V:✓N:✓] ALL:✗ | prob=49.5% zone=neutral score=0.56 | spread=2.0% depth=$113234 vol=28% | persist=0s remain=844s | ○ NO_ENTER
19:45:57 INFO  | [ETH15m] [T:✗L:✓S:✓V:✓N:✓] ALL:✗ | prob=46.5% zone=neutral score=0.64 | spread=2.2% depth=$31258 vol=53% | persist=0s remain=844s | ○ NO_ENTER
19:45:57 INFO  | [SOL15m] [T:✗L:✓S:✓V:✓N:✓] ALL:✗ | prob=46.5% zone=neutral score=0.56 | spread=2.2% depth=$24987 vol=59% | persist=0s remain=844s | ○ NO_ENTER
19:45:57 INFO  | [XRP15m] [T:✗L:✓S:✓V:✓N:✓] ALL:✗ | prob=43.5% zone=neutral score=0.64 | spread=2.3% depth=$22016 vol=51% | persist=0s remain=844s | ○ NO_ENTER
19:45:58 INFO  | [BTC15m] [T:✗L:✓S:✓V:✓N:✓] ALL:✗ | prob=47.5% zone=neutral score=0.69 | spread=2.1% depth=$87818 vol=28% | persist=0s remain=843s | ○ NO_ENTER
19:45:58 INFO  | [ETH15m] [T:✗L:✓S:✓V:✓N:✓] ALL:✗ | prob=44.5% zone=neutral score=0.66 | spread=2.2% depth=$30628 vol=53% | persist=0s remain=843s | ○ NO_ENTER
19:45:58 INFO  | [SOL15m] [T:✗L:✓S:✓V:✓N:✓] ALL:✗ | prob=45.5% zone=neutral score=0.62 | spread=2.2% depth=$24670 vol=59% | persist=0s remain=843s | ○ NO_ENTER
19:45:58 INFO  | [XRP15m] [T:✗L:✓S:✓V:✓N:✓] ALL:✗ | prob=41.5% zone=neutral score=0.62 | spread=2.4% depth=$21829 vol=51% | persist=0s remain=843s | ○ NO_ENTER
19:45:59 INFO  | [BTC15m] [T:✗L:✓S:✓V:✓N:✓] ALL:✗ | prob=47.5% zone=neutral score=0.63 | spread=2.1% depth=$89025 vol=28% | persist=0s remain=842s | ○ NO_ENTER
19:45:59 INFO  | [ETH15m] [T:✗L:✓S:✓V:✓N:✓] ALL:✗ | prob=44.5% zone=neutral score=0.64 | spread=2.2% depth=$30675 vol=53% | persist=0s remain=842s | ○ NO_ENTER
19:45:59 INFO  | [SOL15m] [T:✗L:✓S:✓V:✓N:✓] ALL:✗ | prob=45.5% zone=neutral score=0.59 | spread=2.2% depth=$25022 vol=59% | persist=0s remain=842s | ○ NO_ENTER
19:45:59 INFO  | [XRP15m] [T:✗L:✓S:✓V:✓N:✓] ALL:✗ | prob=42.5% zone=neutral score=0.61 | spread=2.4% depth=$22063 vol=51% | persist=0s remain=842s | ○ NO_ENTER
19:46:00 INFO  | [BTC15m] [T:✗L:✓S:✓V:✓N:✓] ALL:✗ | prob=48.5% zone=neutral score=0.60 | spread=2.1% depth=$95235 vol=28% | persist=0s remain=841s | ○ NO_ENTER
19:46:00 INFO  | [ETH15m] [T:✗L:✓S:✓V:✓N:✓] ALL:✗ | prob=44.5% zone=neutral score=0.64 | spread=2.2% depth=$31038 vol=53% | persist=0s remain=841s | ○ NO_ENTER
19:46:00 INFO  | [SOL15m] [T:✗L:✓S:✓V:✓N:✓] ALL:✗ | prob=45.5% zone=neutral score=0.57 | spread=2.2% depth=$25058 vol=59% | persist=0s remain=841s | ○ NO_ENTER
19:46:00 INFO  | [XRP15m] [T:✗L:✓S:✓V:✓N:✓] ALL:✗ | prob=42.5% zone=neutral score=0.62 | spread=2.4% depth=$22077 vol=51% | persist=0s remain=841s | ○ NO_ENTER
19:46:01 INFO  | [BTC15m] [T:✗L:✓S:✓V:✓N:✓] ALL:✗ | prob=48.5% zone=neutral score=0.63 | spread=2.1% depth=$95502 vol=28% | persist=0s remain=840s | ○ NO_ENTER
19:46:01 INFO  | [ETH15m] [T:✗L:✓S:✓V:✓N:✓] ALL:✗ | prob=44.5% zone=neutral score=0.63 | spread=2.2% depth=$31108 vol=53% | persist=0s remain=840s | ○ NO_ENTER
19:46:01 INFO  | [SOL15m] [T:✗L:✓S:✓V:✓N:✓] ALL:✗ | prob=48.5% zone=neutral score=0.49 | spread=2.1% depth=$30594 vol=59% | persist=0s remain=840s | ○ NO_ENTER
19:46:01 INFO  | [XRP15m] [T:✗L:✓S:✓V:✓N:✓] ALL:✗ | prob=42.5% zone=neutral score=0.62 | spread=2.4% depth=$22076 vol=51% | persist=0s remain=840s | ○ NO_ENTER
19:46:02 INFO  | [BTC15m] [T:✗L:✓S:✓V:✓N:✓] ALL:✗ | prob=48.5% zone=neutral score=0.62 | spread=2.1% depth=$94546 vol=28% | persist=0s remain=839s | ○ NO_ENTER
19:46:02 INFO  | [ETH15m] [T:✗L:✓S:✓V:✓N:✓] ALL:✗ | prob=44.5% zone=neutral score=0.64 | spread=2.2% depth=$31019 vol=53% | persist=0s remain=839s | ○ NO_ENTER
19:46:02 INFO  | [SOL15m] [T:✗L:✓S:✓V:✓N:✓] ALL:✗ | prob=48.5% zone=neutral score=0.55 | spread=2.1% depth=$30334 vol=59% | persist=0s remain=839s | ○ NO_ENTER
19:46:02 INFO  | [XRP15m] [T:✗L:✓S:✓V:✓N:✓] ALL:✗ | prob=42.5% zone=neutral score=0.62 | spread=2.4% depth=$21900 vol=51% | persist=0s remain=839s | ○ NO_ENTER
19:46:03 INFO  | [BTC15m] [T:✗L:✓S:✓V:✓N:✓] ALL:✗ | prob=48.5% zone=neutral score=0.63 | spread=2.1% depth=$96472 vol=28% | persist=0s remain=838s | ○ NO_ENTER
19:46:03 INFO  | [ETH15m] [T:✗L:✓S:✓V:✓N:✓] ALL:✗ | prob=43.5% zone=neutral score=0.64 | spread=2.3% depth=$29957 vol=53% | persist=0s remain=838s | ○ NO_ENTER
19:46:03 INFO  | [SOL15m] [T:✗L:✓S:✓V:✓N:✓] ALL:✗ | prob=46.5% zone=neutral score=0.61 | spread=2.2% depth=$24743 vol=59% | persist=0s remain=838s | ○ NO_ENTER
19:46:03 INFO  | [XRP15m] [T:✗L:✓S:✓V:✓N:✓] ALL:✗ | prob=41.5% zone=neutral score=0.62 | spread=2.4% depth=$21770 vol=51% | persist=0s remain=838s | ○ NO_ENTER
19:46:04 INFO  | [BTC15m] [T:✗L:✓S:✓V:✓N:✓] ALL:✗ | prob=48.5% zone=neutral score=0.63 | spread=2.1% depth=$96772 vol=28% | persist=0s remain=837s | ○ NO_ENTER
19:46:04 INFO  | [ETH15m] [T:✗L:✓S:✓V:✓N:✓] ALL:✗ | prob=43.5% zone=neutral score=0.65 | spread=2.3% depth=$30597 vol=53% | persist=0s remain=837s | ○ NO_ENTER
19:46:04 INFO  | [SOL15m] [T:✗L:✓S:✓V:✓N:✓] ALL:✗ | prob=48.5% zone=neutral score=0.47 | spread=2.1% depth=$29939 vol=59% | persist=0s remain=837s | ○ NO_ENTER
19:46:04 INFO  | [XRP15m] [T:✗L:✓S:✓V:✓N:✓] ALL:✗ | prob=41.5% zone=neutral score=0.62 | spread=2.4% depth=$21667 vol=51% | persist=0s remain=837s | ○ NO_ENTER
19:46:05 INFO  | [BTC15m] [T:✗L:✓S:✓V:✓N:✓] ALL:✗ | prob=48.5% zone=neutral score=0.62 | spread=2.1% depth=$96677 vol=28% | persist=0s remain=836s | ○ NO_ENTER
19:46:05 INFO  | [ETH15m] [T:✗L:✓S:✓V:✓N:✓] ALL:✗ | prob=40.5% zone=neutral score=0.61 | spread=2.5% depth=$29557 vol=49% | persist=0s remain=836s | ○ NO_ENTER
19:46:05 INFO  | [SOL15m] [T:✗L:✓S:✓V:✓N:✓] ALL:✗ | prob=48.5% zone=neutral score=0.53 | spread=2.1% depth=$30021 vol=58% | persist=0s remain=836s | ○ NO_ENTER
19:46:05 INFO  | [XRP15m] [T:✗L:✓S:✓V:✓N:✓] ALL:✗ | prob=41.5% zone=neutral score=0.62 | spread=2.4% depth=$21663 vol=51% | persist=0s remain=836s | ○ NO_ENTER
19:46:06 INFO  | [BTC15m] [T:✗L:✓S:✓V:✓N:✓] ALL:✗ | prob=48.5% zone=neutral score=0.62 | spread=2.1% depth=$96573 vol=28% | persist=0s remain=835s | ○ NO_ENTER
19:46:06 INFO  | [ETH15m] [T:✗L:✓S:✓V:✓N:✓] ALL:✗ | prob=40.5% zone=neutral score=0.64 | spread=2.5% depth=$30372 vol=49% | persist=0s remain=835s | ○ NO_ENTER
19:46:06 INFO  | [SOL15m] [T:✗L:✓S:✓V:✓N:✓] ALL:✗ | prob=48.5% zone=neutral score=0.54 | spread=2.1% depth=$30055 vol=58% | persist=0s remain=835s | ○ NO_ENTER
19:46:06 INFO  | [XRP15m] [T:✗L:✓S:✓V:✓N:✓] ALL:✗ | prob=41.5% zone=neutral score=0.61 | spread=2.4% depth=$21824 vol=51% | persist=0s remain=835s | ○ NO_ENTER
19:46:07 INFO  | [BTC15m] [T:✗L:✓S:✓V:✓N:✓] ALL:✗ | prob=48.5% zone=neutral score=0.61 | spread=2.1% depth=$96506 vol=28% | persist=0s remain=834s | ○ NO_ENTER
19:46:07 INFO  | [ETH15m] [T:✗L:✓S:✓V:✓N:✓] ALL:✗ | prob=40.5% zone=neutral score=0.65 | spread=2.5% depth=$30406 vol=49% | persist=0s remain=834s | ○ NO_ENTER
19:46:07 INFO  | [SOL15m] [T:✗L:✓S:✓V:✓N:✓] ALL:✗ | prob=48.5% zone=neutral score=0.54 | spread=2.1% depth=$30035 vol=58% | persist=0s remain=834s | ○ NO_ENTER
19:46:07 INFO  | [XRP15m] [T:✗L:✓S:✓V:✓N:✓] ALL:✗ | prob=44.5% zone=neutral score=0.60 | spread=2.2% depth=$21903 vol=51% | persist=0s remain=834s | ○ NO_ENTER
19:46:08 INFO  | [BTC15m] [T:✗L:✓S:✓V:✓N:✓] ALL:✗ | prob=48.5% zone=neutral score=0.61 | spread=2.1% depth=$96886 vol=28% | persist=0s remain=833s | ○ NO_ENTER
19:46:08 INFO  | [ETH15m] [T:✗L:✓S:✓V:✓N:✓] ALL:✗ | prob=40.5% zone=neutral score=0.65 | spread=2.5% depth=$30426 vol=49% | persist=0s remain=833s | ○ NO_ENTER
19:46:08 INFO  | [SOL15m] [T:✗L:✓S:✓V:✓N:✓] ALL:✗ | prob=48.5% zone=neutral score=0.53 | spread=2.1% depth=$30575 vol=58% | persist=0s remain=833s | ○ NO_ENTER
19:46:08 INFO  | [XRP15m] [T:✗L:✓S:✓V:✓N:✓] ALL:✗ | prob=44.5% zone=neutral score=0.60 | spread=2.2% depth=$21869 vol=51% | persist=0s remain=833s | ○ NO_ENTER
19:46:09 INFO  | [BTC15m] [T:✗L:✓S:✓V:✓N:✓] ALL:✗ | prob=48.5% zone=neutral score=0.61 | spread=2.1% depth=$94420 vol=28% | persist=0s remain=832s | ○ NO_ENTER
19:46:09 INFO  | [ETH15m] [T:✗L:✓S:✓V:✓N:✓] ALL:✗ | prob=41.5% zone=neutral score=0.59 | spread=2.4% depth=$29760 vol=49% | persist=0s remain=832s | ○ NO_ENTER
19:46:09 INFO  | [SOL15m] [T:✗L:✓S:✓V:✓N:✓] ALL:✗ | prob=48.5% zone=neutral score=0.53 | spread=2.1% depth=$29270 vol=58% | persist=0s remain=832s | ○ NO_ENTER
19:46:09 INFO  | [XRP15m] [T:✗L:✓S:✓V:✓N:✓] ALL:✗ | prob=45.0% zone=neutral score=0.61 | spread=4.4% depth=$20077 vol=51% | persist=0s remain=832s | ○ NO_ENTER
19:46:10 INFO  | [BTC15m] [T:✗L:✓S:✓V:✓N:✓] ALL:✗ | prob=47.5% zone=neutral score=0.67 | spread=2.1% depth=$87388 vol=28% | persist=0s remain=831s | ○ NO_ENTER
19:46:10 INFO  | [ETH15m] [T:✗L:✓S:✓V:✓N:✓] ALL:✗ | prob=41.5% zone=neutral score=0.58 | spread=2.4% depth=$30349 vol=49% | persist=0s remain=831s | ○ NO_ENTER
19:46:10 INFO  | [SOL15m] [T:✗L:✓S:✓V:✓N:✓] ALL:✗ | prob=50.5% zone=neutral score=0.37 | spread=2.0% depth=$38284 vol=58% | persist=0s remain=831s | ○ NO_ENTER
19:46:10 INFO  | [XRP15m] [T:✗L:✓S:✓V:✓N:✓] ALL:✗ | prob=45.0% zone=neutral score=0.59 | spread=4.4% depth=$20062 vol=51% | persist=0s remain=831s | ○ NO_ENTER
19:46:11 INFO  | [BTC15m] [T:✗L:✓S:✓V:✓N:✓] ALL:✗ | prob=47.5% zone=neutral score=0.62 | spread=2.1% depth=$82865 vol=28% | persist=0s remain=830s | ○ NO_ENTER
19:46:11 INFO  | [ETH15m] [T:✗L:✓S:✓V:✓N:✓] ALL:✗ | prob=44.5% zone=neutral score=0.65 | spread=2.2% depth=$29411 vol=49% | persist=0s remain=830s | ○ NO_ENTER
19:46:11 INFO  | [SOL15m] [T:✗L:✓S:✓V:✓N:✓] ALL:✗ | prob=50.5% zone=neutral score=0.45 | spread=2.0% depth=$37503 vol=58% | persist=0s remain=830s | ○ NO_ENTER
19:46:11 INFO  | [XRP15m] [T:✗L:✓S:✓V:✓N:✓] ALL:✗ | prob=45.5% zone=neutral score=0.52 | spread=2.2% depth=$25688 vol=51% | persist=0s remain=830s | ○ NO_ENTER
19:46:12 INFO  | [BTC15m] [T:✗L:✓S:✓V:✓N:✓] ALL:✗ | prob=52.0% zone=neutral score=0.48 | spread=3.8% depth=$89829 vol=28% | persist=0s remain=829s | ○ NO_ENTER
19:46:12 INFO  | [ETH15m] [T:✗L:✓S:✓V:✓N:✓] ALL:✗ | prob=46.5% zone=neutral score=0.59 | spread=2.2% depth=$29548 vol=49% | persist=0s remain=829s | ○ NO_ENTER
19:46:12 INFO  | [SOL15m] [T:✗L:✓S:✓V:✓N:✓] ALL:✗ | prob=54.5% zone=neutral score=0.26 | spread=1.8% depth=$22783 vol=58% | persist=0s remain=829s | ○ NO_ENTER
19:46:12 INFO  | [XRP15m] [T:✗L:✓S:✓V:✓N:✓] ALL:✗ | prob=47.0% zone=neutral score=0.63 | spread=4.3% depth=$21889 vol=51% | persist=0s remain=829s | ○ NO_ENTER
19:46:13 INFO  | [BTC15m] [T:✗L:✓S:✓V:✓N:✓] ALL:✗ | prob=52.5% zone=neutral score=0.49 | spread=1.9% depth=$82569 vol=28% | persist=0s remain=828s | ○ NO_ENTER
19:46:13 INFO  | [ETH15m] [T:✗L:✓S:✓V:✓N:✓] ALL:✗ | prob=46.5% zone=neutral score=0.64 | spread=2.2% depth=$29038 vol=49% | persist=0s remain=828s | ○ NO_ENTER
19:46:13 INFO  | [SOL15m] [T:✗L:✓S:✓V:✓N:✓] ALL:✗ | prob=56.5% zone=neutral score=0.37 | spread=1.8% depth=$22199 vol=58% | persist=0s remain=828s | ○ NO_ENTER
19:46:13 INFO  | [XRP15m] [T:✗L:✓S:✓V:✓N:✓] ALL:✗ | prob=47.5% zone=neutral score=0.53 | spread=2.1% depth=$25930 vol=51% | persist=0s remain=828s | ○ NO_ENTER
19:46:14 INFO  | [BTC15m] [T:✗L:✓S:✓V:✓N:✓] ALL:✗ | prob=53.0% zone=neutral score=0.45 | spread=3.8% depth=$81047 vol=28% | persist=0s remain=827s | ○ NO_ENTER
19:46:14 INFO  | [ETH15m] [T:✗L:✓S:✓V:✓N:✓] ALL:✗ | prob=43.5% zone=neutral score=0.64 | spread=2.3% depth=$30294 vol=49% | persist=0s remain=827s | ○ NO_ENTER
19:46:14 INFO  | [SOL15m] [T:✗L:✓S:✓V:✓N:✓] ALL:✗ | prob=56.5% zone=neutral score=0.33 | spread=1.8% depth=$23071 vol=58% | persist=0s remain=827s | ○ NO_ENTER
19:46:14 INFO  | [XRP15m] [T:✗L:✓S:✓V:✓N:✓] ALL:✗ | prob=44.0% zone=neutral score=0.60 | spread=4.5% depth=$19887 vol=51% | persist=0s remain=827s | ○ NO_ENTER
19:46:15 INFO  | [BTC15m] [T:✗L:✓S:✓V:✓N:✓] ALL:✗ | prob=53.0% zone=neutral score=0.43 | spread=3.8% depth=$78063 vol=28% | persist=0s remain=826s | ○ NO_ENTER
19:46:15 INFO  | [ETH15m] [T:✗L:✓S:✓V:✓N:✓] ALL:✗ | prob=42.5% zone=neutral score=0.65 | spread=2.4% depth=$30297 vol=49% | persist=0s remain=826s | ○ NO_ENTER
19:46:15 INFO  | [SOL15m] [T:✗L:✓S:✓V:✓N:✓] ALL:✗ | prob=57.0% zone=neutral score=0.31 | spread=3.5% depth=$23073 vol=58% | persist=0s remain=826s | ○ NO_ENTER
19:46:15 INFO  | [XRP15m] [T:✗L:✓S:✓V:✓N:✓] ALL:✗ | prob=43.5% zone=neutral score=0.59 | spread=2.3% depth=$19902 vol=51% | persist=0s remain=826s | ○ NO_ENTER
19:46:16 INFO  | [BTC15m] [T:✗L:✓S:✓V:✓N:✓] ALL:✗ | prob=55.0% zone=neutral score=0.38 | spread=3.6% depth=$80662 vol=28% | persist=0s remain=825s | ○ NO_ENTER
19:46:16 INFO  | [ETH15m] [T:✗L:✓S:✓V:✓N:✓] ALL:✗ | prob=45.5% zone=neutral score=0.65 | spread=2.2% depth=$29478 vol=49% | persist=0s remain=825s | ○ NO_ENTER
19:46:16 INFO  | [SOL15m] [T:✗L:✓S:✓V:✓N:✓] ALL:✗ | prob=56.5% zone=neutral score=0.41 | spread=1.8% depth=$24659 vol=58% | persist=0s remain=825s | ○ NO_ENTER
19:46:16 INFO  | [XRP15m] [T:✗L:✓S:✓V:✓N:✓] ALL:✗ | prob=44.5% zone=neutral score=0.61 | spread=2.2% depth=$19908 vol=51% | persist=0s remain=825s | ○ NO_ENTER
19:46:17 INFO  | [BTC15m] [T:✗L:✓S:✓V:✓N:✓] ALL:✗ | prob=55.5% zone=neutral score=0.46 | spread=1.8% depth=$74320 vol=28% | persist=0s remain=824s | ○ NO_ENTER
19:46:17 INFO  | [ETH15m] [T:✗L:✓S:✓V:✓N:✓] ALL:✗ | prob=41.5% zone=neutral score=0.62 | spread=2.4% depth=$29245 vol=49% | persist=0s remain=824s | ○ NO_ENTER
19:46:17 INFO  | [SOL15m] [T:✗L:✓S:✓V:✓N:✓] ALL:✗ | prob=55.5% zone=neutral score=0.31 | spread=1.8% depth=$22698 vol=58% | persist=0s remain=824s | ○ NO_ENTER
19:46:17 INFO  | [XRP15m] [T:✗L:✓S:✓V:✓N:✓] ALL:✗ | prob=43.5% zone=neutral score=0.62 | spread=2.3% depth=$19894 vol=51% | persist=0s remain=824s | ○ NO_ENTER
19:46:18 INFO  | [BTC15m] [T:✗L:✓S:✓V:✓N:✓] ALL:✗ | prob=56.5% zone=neutral score=0.50 | spread=1.8% depth=$79449 vol=28% | persist=0s remain=823s | ○ NO_ENTER
19:46:18 INFO  | [ETH15m] [T:✗L:✓S:✓V:✓N:✓] ALL:✗ | prob=42.5% zone=neutral score=0.64 | spread=2.4% depth=$29247 vol=49% | persist=0s remain=823s | ○ NO_ENTER
19:46:18 INFO  | [SOL15m] [T:✗L:✓S:✓V:✓N:✓] ALL:✗ | prob=55.5% zone=neutral score=0.33 | spread=1.8% depth=$22696 vol=58% | persist=0s remain=823s | ○ NO_ENTER
19:46:18 INFO  | [XRP15m] [T:✗L:✓S:✓V:✓N:✓] ALL:✗ | prob=45.0% zone=neutral score=0.59 | spread=4.4% depth=$20339 vol=51% | persist=0s remain=823s | ○ NO_ENTER
19:46:19 INFO  | [BTC15m] [T:✗L:✓S:✓V:✓N:✓] ALL:✗ | prob=56.5% zone=neutral score=0.51 | spread=1.8% depth=$81551 vol=28% | persist=0s remain=821s | ○ NO_ENTER
19:46:19 INFO  | [ETH15m] [T:✗L:✓S:✓V:✓N:✓] ALL:✗ | prob=42.5% zone=neutral score=0.62 | spread=2.4% depth=$30191 vol=49% | persist=0s remain=821s | ○ NO_ENTER
19:46:19 INFO  | [SOL15m] [T:✗L:✓S:✓V:✓N:✓] ALL:✗ | prob=55.5% zone=neutral score=0.32 | spread=1.8% depth=$22715 vol=58% | persist=0s remain=821s | ○ NO_ENTER
19:46:19 INFO  | [XRP15m] [T:✗L:✓S:✓V:✓N:✓] ALL:✗ | prob=45.0% zone=neutral score=0.60 | spread=4.4% depth=$20341 vol=51% | persist=0s remain=821s | ○ NO_ENTER
19:46:20 INFO  | [BTC15m] [T:✗L:✓S:✓V:✓N:✓] ALL:✗ | prob=56.5% zone=neutral score=0.48 | spread=1.8% depth=$77444 vol=28% | persist=0s remain=820s | ○ NO_ENTER
19:46:20 INFO  | [ETH15m] [T:✗L:✓S:✓V:✓N:✓] ALL:✗ | prob=42.5% zone=neutral score=0.62 | spread=2.4% depth=$30707 vol=49% | persist=0s remain=820s | ○ NO_ENTER
19:46:20 INFO  | [SOL15m] [T:✗L:✓S:✓V:✓N:✓] ALL:✗ | prob=55.5% zone=neutral score=0.32 | spread=1.8% depth=$23087 vol=58% | persist=0s remain=820s | ○ NO_ENTER
19:46:20 INFO  | [XRP15m] [T:✗L:✓S:✓V:✓N:✓] ALL:✗ | prob=45.5% zone=neutral score=0.62 | spread=2.2% depth=$20374 vol=51% | persist=0s remain=820s | ○ NO_ENTER
19:46:21 INFO  | [BTC15m] [T:✗L:✓S:✓V:✓N:✓] ALL:✗ | prob=58.5% zone=neutral score=0.52 | spread=1.7% depth=$79511 vol=28% | persist=0s remain=819s | ○ NO_ENTER
19:46:21 INFO  | [ETH15m] [T:✗L:✓S:✓V:✓N:✓] ALL:✗ | prob=43.5% zone=neutral score=0.59 | spread=2.3% depth=$30638 vol=49% | persist=0s remain=819s | ○ NO_ENTER
19:46:21 INFO  | [SOL15m] [T:✗L:✓S:✓V:✓N:✓] ALL:✗ | prob=55.5% zone=neutral score=0.33 | spread=1.8% depth=$23199 vol=58% | persist=0s remain=819s | ○ NO_ENTER
19:46:21 INFO  | [XRP15m] [T:✗L:✓S:✓V:✓N:✓] ALL:✗ | prob=46.5% zone=neutral score=0.63 | spread=2.2% depth=$20657 vol=51% | persist=0s remain=819s | ○ NO_ENTER
19:46:22 INFO  | [BTC15m] [T:✗L:✓S:✓V:✓N:✓] ALL:✗ | prob=58.5% zone=neutral score=0.51 | spread=1.7% depth=$80143 vol=28% | persist=0s remain=818s | ○ NO_ENTER
19:46:22 INFO  | [ETH15m] [T:✗L:✓S:✓V:✓N:✓] ALL:✗ | prob=43.5% zone=neutral score=0.57 | spread=2.3% depth=$30408 vol=49% | persist=0s remain=818s | ○ NO_ENTER
19:46:22 INFO  | [SOL15m] [T:✗L:✓S:✓V:✓N:✓] ALL:✗ | prob=55.5% zone=neutral score=0.33 | spread=1.8% depth=$23104 vol=58% | persist=0s remain=818s | ○ NO_ENTER
19:46:22 INFO  | [XRP15m] [T:✗L:✓S:✓V:✓N:✓] ALL:✗ | prob=46.5% zone=neutral score=0.64 | spread=2.2% depth=$20637 vol=51% | persist=0s remain=818s | ○ NO_ENTER
19:46:23 INFO  | [BTC15m] [T:✗L:✓S:✓V:✓N:✓] ALL:✗ | prob=59.5% zone=neutral score=0.50 | spread=1.7% depth=$79832 vol=28% | persist=0s remain=817s | ○ NO_ENTER
19:46:23 INFO  | [ETH15m] [T:✗L:✓S:✓V:✓N:✓] ALL:✗ | prob=44.5% zone=neutral score=0.59 | spread=2.2% depth=$30739 vol=49% | persist=0s remain=817s | ○ NO_ENTER
19:46:23 INFO  | [SOL15m] [T:✗L:✓S:✓V:✓N:✓] ALL:✗ | prob=59.5% zone=neutral score=0.35 | spread=1.7% depth=$23057 vol=58% | persist=0s remain=817s | ○ NO_ENTER
19:46:23 INFO  | [XRP15m] [T:✗L:✓S:✓V:✓N:✓] ALL:✗ | prob=46.5% zone=neutral score=0.64 | spread=2.2% depth=$20635 vol=51% | persist=0s remain=817s | ○ NO_ENTER
19:46:24 INFO  | [BTC15m] [T:✗L:✓S:✓V:✓N:✓] ALL:✗ | prob=59.5% zone=neutral score=0.50 | spread=1.7% depth=$79856 vol=28% | persist=0s remain=816s | ○ NO_ENTER
19:46:24 INFO  | [ETH15m] [T:✗L:✓S:✓V:✓N:✓] ALL:✗ | prob=44.5% zone=neutral score=0.60 | spread=2.2% depth=$30121 vol=49% | persist=0s remain=816s | ○ NO_ENTER
19:46:24 INFO  | [SOL15m] [T:✗L:✓S:✓V:✓N:✓] ALL:✗ | prob=59.5% zone=neutral score=0.33 | spread=1.7% depth=$22393 vol=58% | persist=0s remain=816s | ○ NO_ENTER
19:46:24 INFO  | [XRP15m] [T:✗L:✓S:✓V:✓N:✓] ALL:✗ | prob=46.5% zone=neutral score=0.64 | spread=2.2% depth=$20567 vol=51% | persist=0s remain=816s | ○ NO_ENTER
19:46:25 INFO  | [BTC15m] [T:✗L:✓S:✓V:✓N:✓] ALL:✗ | prob=59.5% zone=neutral score=0.49 | spread=1.7% depth=$73081 vol=28% | persist=0s remain=815s | ○ NO_ENTER
19:46:25 INFO  | [ETH15m] [T:✗L:✓S:✓V:✓N:✓] ALL:✗ | prob=46.5% zone=neutral score=0.60 | spread=2.2% depth=$29446 vol=49% | persist=0s remain=815s | ○ NO_ENTER
19:46:25 INFO  | [SOL15m] [T:✗L:✓S:✓V:✓N:✓] ALL:✗ | prob=63.5% zone=neutral score=0.36 | spread=1.6% depth=$21677 vol=58% | persist=0s remain=815s | ○ NO_ENTER
19:46:25 INFO  | [XRP15m] [T:✗L:✓S:✓V:✓N:✓] ALL:✗ | prob=48.5% zone=neutral score=0.51 | spread=2.1% depth=$25901 vol=51% | persist=0s remain=815s | ○ NO_ENTER
19:46:26 INFO  | [BTC15m] [T:✗L:✓S:✓V:✓N:✓] ALL:✗ | prob=61.0% zone=neutral score=0.40 | spread=3.3% depth=$71218 vol=28% | persist=0s remain=814s | ○ NO_ENTER
19:46:26 INFO  | [ETH15m] [T:✗L:✓S:✓V:✓N:✓] ALL:✗ | prob=50.5% zone=neutral score=0.54 | spread=2.0% depth=$43723 vol=49% | persist=0s remain=814s | ○ NO_ENTER
19:46:26 INFO  | [SOL15m] [T:✗L:✓S:✓V:✓N:✓] ALL:✗ | prob=68.5% zone=neutral score=0.33 | spread=1.5% depth=$21485 vol=58% | persist=0s remain=814s | ○ NO_ENTER
19:46:26 INFO  | [XRP15m] [T:✗L:✓S:✓V:✓N:✓] ALL:✗ | prob=47.5% zone=neutral score=0.66 | spread=2.1% depth=$22213 vol=51% | persist=0s remain=814s | ○ NO_ENTER
19:46:27 INFO  | [BTC15m] [T:✗L:✓S:✓V:✓N:✓] ALL:✗ | prob=60.5% zone=neutral score=0.49 | spread=1.7% depth=$66788 vol=28% | persist=0s remain=813s | ○ NO_ENTER
19:46:27 INFO  | [ETH15m] [T:✗L:✓S:✓V:✓N:✓] ALL:✗ | prob=45.5% zone=neutral score=0.73 | spread=2.2% depth=$29872 vol=49% | persist=0s remain=813s | ○ NO_ENTER
19:46:27 INFO  | [SOL15m] [T:✗L:✓S:✓V:✓N:✓] ALL:✗ | prob=66.0% zone=neutral score=0.32 | spread=3.0% depth=$21673 vol=58% | persist=0s remain=813s | ○ NO_ENTER
19:46:27 INFO  | [XRP15m] [T:✗L:✓S:✓V:✓N:✓] ALL:✗ | prob=47.5% zone=neutral score=0.61 | spread=2.1% depth=$22263 vol=51% | persist=0s remain=813s | ○ NO_ENTER
19:46:28 INFO  | [BTC15m] [T:✗L:✓S:✓V:✓N:✓] ALL:✗ | prob=58.5% zone=neutral score=0.53 | spread=1.7% depth=$68755 vol=28% | persist=0s remain=812s | ○ NO_ENTER
19:46:28 INFO  | [ETH15m] [T:✗L:✓S:✓V:✓N:✓] ALL:✗ | prob=47.5% zone=neutral score=0.55 | spread=6.3% depth=$31317 vol=49% | persist=0s remain=812s | ○ NO_ENTER
19:46:28 INFO  | [SOL15m] [T:✗L:✓S:✓V:✓N:✓] ALL:✗ | prob=67.5% zone=neutral score=0.36 | spread=1.5% depth=$21471 vol=58% | persist=0s remain=812s | ○ NO_ENTER
19:46:28 INFO  | [XRP15m] [T:✗L:✓S:✓V:✓N:✓] ALL:✗ | prob=49.5% zone=neutral score=0.44 | spread=2.0% depth=$35247 vol=51% | persist=0s remain=812s | ○ NO_ENTER
19:46:29 INFO  | [BTC15m] [T:✗L:✓S:✓V:✓N:✓] ALL:✗ | prob=58.5% zone=neutral score=0.50 | spread=1.7% depth=$74880 vol=28% | persist=0s remain=811s | ○ NO_ENTER
19:46:29 INFO  | [ETH15m] [T:✗L:✓S:✓V:✓N:✓] ALL:✗ | prob=46.5% zone=neutral score=0.67 | spread=2.2% depth=$30368 vol=49% | persist=0s remain=811s | ○ NO_ENTER
19:46:29 INFO  | [SOL15m] [T:✗L:✓S:✓V:✓N:✓] ALL:✗ | prob=64.5% zone=neutral score=0.28 | spread=4.7% depth=$22265 vol=58% | persist=0s remain=811s | ○ NO_ENTER
19:46:29 INFO  | [XRP15m] [T:✗L:✓S:✓V:✓N:✓] ALL:✗ | prob=49.5% zone=neutral score=0.50 | spread=2.0% depth=$35160 vol=51% | persist=0s remain=811s | ○ NO_ENTER
19:46:30 INFO  | [BTC15m] [T:✗L:✓S:✓V:✓N:✓] ALL:✗ | prob=58.5% zone=neutral score=0.50 | spread=1.7% depth=$77182 vol=28% | persist=0s remain=810s | ○ NO_ENTER
19:46:30 INFO  | [ETH15m] [T:✗L:✓S:✓V:✓N:✓] ALL:✗ | prob=46.5% zone=neutral score=0.65 | spread=2.2% depth=$30611 vol=49% | persist=0s remain=810s | ○ NO_ENTER
19:46:30 INFO  | [SOL15m] [T:✗L:✓S:✓V:✓N:✓] ALL:✗ | prob=67.0% zone=neutral score=0.37 | spread=3.0% depth=$22326 vol=58% | persist=0s remain=810s | ○ NO_ENTER
19:46:30 INFO  | [XRP15m] [T:✗L:✓S:✓V:✓N:✓] ALL:✗ | prob=49.5% zone=neutral score=0.52 | spread=2.0% depth=$35389 vol=51% | persist=0s remain=810s | ○ NO_ENTER
19:46:31 INFO  | [BTC15m] [T:✗L:✓S:✓V:✓N:✓] ALL:✗ | prob=55.5% zone=neutral score=0.56 | spread=1.8% depth=$76146 vol=28% | persist=0s remain=809s | ○ NO_ENTER
19:46:31 INFO  | [ETH15m] [T:✗L:✓S:✓V:✓N:✓] ALL:✗ | prob=45.5% zone=neutral score=0.66 | spread=2.2% depth=$30794 vol=49% | persist=0s remain=809s | ○ NO_ENTER
19:46:31 INFO  | [SOL15m] [T:✗L:✓S:✓V:✓N:✓] ALL:✗ | prob=65.0% zone=neutral score=0.27 | spread=3.1% depth=$22422 vol=58% | persist=0s remain=809s | ○ NO_ENTER
19:46:31 INFO  | [XRP15m] [T:✗L:✓S:✓V:✓N:✓] ALL:✗ | prob=46.5% zone=neutral score=0.68 | spread=2.2% depth=$20545 vol=51% | persist=0s remain=809s | ○ NO_ENTER
19:46:32 INFO  | [BTC15m] [T:✗L:✓S:✓V:✓N:✓] ALL:✗ | prob=52.5% zone=neutral score=0.54 | spread=1.9% depth=$86721 vol=28% | persist=0s remain=808s | ○ NO_ENTER
19:46:32 INFO  | [ETH15m] [T:✗L:✓S:✓V:✓N:✓] ALL:✗ | prob=43.5% zone=neutral score=0.62 | spread=2.3% depth=$30626 vol=49% | persist=0s remain=808s | ○ NO_ENTER
19:46:32 INFO  | [SOL15m] [T:✗L:✓S:✓V:✓N:✓] ALL:✗ | prob=60.5% zone=neutral score=0.36 | spread=1.7% depth=$22933 vol=58% | persist=0s remain=808s | ○ NO_ENTER
19:46:32 INFO  | [XRP15m] [T:✗L:✓S:✓V:✓N:✓] ALL:✗ | prob=44.5% zone=neutral score=0.64 | spread=2.2% depth=$20051 vol=51% | persist=0s remain=808s | ○ NO_ENTER
19:46:33 INFO  | [BTC15m] [T:✗L:✓S:✓V:✓N:✓] ALL:✗ | prob=51.5% zone=neutral score=0.56 | spread=1.9% depth=$95664 vol=28% | persist=0s remain=807s | ○ NO_ENTER
19:46:33 INFO  | [ETH15m] [T:✗L:✓S:✓V:✓N:✓] ALL:✗ | prob=43.5% zone=neutral score=0.62 | spread=2.3% depth=$30685 vol=49% | persist=0s remain=807s | ○ NO_ENTER
19:46:33 INFO  | [SOL15m] [T:✗L:✓S:✓V:✓N:✓] ALL:✗ | prob=60.5% zone=neutral score=0.36 | spread=1.7% depth=$23021 vol=58% | persist=0s remain=807s | ○ NO_ENTER
19:46:33 INFO  | [XRP15m] [T:✗L:✓S:✓V:✓N:✓] ALL:✗ | prob=45.0% zone=neutral score=0.61 | spread=4.4% depth=$20330 vol=51% | persist=0s remain=807s | ○ NO_ENTER
19:46:34 INFO  | [BTC15m] [T:✗L:✓S:✓V:✓N:✓] ALL:✗ | prob=51.5% zone=neutral score=0.53 | spread=1.9% depth=$95563 vol=28% | persist=0s remain=806s | ○ NO_ENTER
19:46:34 INFO  | [ETH15m] [T:✗L:✓S:✓V:✓N:✓] ALL:✗ | prob=43.5% zone=neutral score=0.61 | spread=2.3% depth=$31385 vol=49% | persist=0s remain=806s | ○ NO_ENTER
19:46:34 INFO  | [SOL15m] [T:✗L:✓S:✓V:✓N:✓] ALL:✗ | prob=60.5% zone=neutral score=0.36 | spread=1.7% depth=$23106 vol=58% | persist=0s remain=806s | ○ NO_ENTER
19:46:34 INFO  | [XRP15m] [T:✗L:✓S:✓V:✓N:✓] ALL:✗ | prob=44.5% zone=neutral score=0.63 | spread=2.2% depth=$20105 vol=51% | persist=0s remain=806s | ○ NO_ENTER
19:46:35 INFO  | [BTC15m] [T:✗L:✓S:✓V:✓N:✓] ALL:✗ | prob=51.5% zone=neutral score=0.53 | spread=1.9% depth=$96057 vol=28% | persist=0s remain=805s | ○ NO_ENTER
19:46:35 INFO  | [ETH15m] [T:✗L:✓S:✓V:✓N:✓] ALL:✗ | prob=43.5% zone=neutral score=0.62 | spread=2.3% depth=$31298 vol=49% | persist=0s remain=805s | ○ NO_ENTER
19:46:35 INFO  | [SOL15m] [T:✗L:✓S:✓V:✓N:✓] ALL:✗ | prob=60.5% zone=neutral score=0.34 | spread=1.7% depth=$23215 vol=58% | persist=0s remain=805s | ○ NO_ENTER
19:46:35 INFO  | [XRP15m] [T:✗L:✓S:✓V:✓N:✓] ALL:✗ | prob=45.0% zone=neutral score=0.59 | spread=4.4% depth=$20483 vol=51% | persist=0s remain=805s | ○ NO_ENTER
19:46:36 INFO  | [BTC15m] [T:✗L:✓S:✓V:✓N:✓] ALL:✗ | prob=51.5% zone=neutral score=0.50 | spread=1.9% depth=$95406 vol=28% | persist=0s remain=804s | ○ NO_ENTER
19:46:36 INFO  | [ETH15m] [T:✗L:✓S:✓V:✓N:✓] ALL:✗ | prob=44.5% zone=neutral score=0.65 | spread=2.2% depth=$31557 vol=49% | persist=0s remain=804s | ○ NO_ENTER
19:46:36 INFO  | [SOL15m] [T:✗L:✓S:✓V:✓N:✓] ALL:✗ | prob=62.5% zone=neutral score=0.37 | spread=1.6% depth=$22820 vol=58% | persist=0s remain=804s | ○ NO_ENTER
19:46:36 INFO  | [XRP15m] [T:✗L:✓S:✓V:✓N:✓] ALL:✗ | prob=44.5% zone=neutral score=0.64 | spread=2.2% depth=$20206 vol=51% | persist=0s remain=804s | ○ NO_ENTER
19:46:37 INFO  | [BTC15m] [T:✗L:✓S:✓V:✓N:✓] ALL:✗ | prob=50.5% zone=neutral score=0.61 | spread=2.0% depth=$110995 vol=28% | persist=0s remain=803s | ○ NO_ENTER
19:46:37 INFO  | [ETH15m] [T:✗L:✓S:✓V:✓N:✓] ALL:✗ | prob=43.5% zone=neutral score=0.62 | spread=2.3% depth=$30997 vol=49% | persist=0s remain=803s | ○ NO_ENTER
19:46:37 INFO  | [SOL15m] [T:✗L:✓S:✓V:✓N:✓] ALL:✗ | prob=57.0% zone=neutral score=0.32 | spread=3.5% depth=$22085 vol=58% | persist=0s remain=803s | ○ NO_ENTER
19:46:37 INFO  | [XRP15m] [T:✗L:✓S:✓V:✓N:✓] ALL:✗ | prob=42.5% zone=neutral score=0.62 | spread=2.4% depth=$19799 vol=51% | persist=0s remain=803s | ○ NO_ENTER
19:46:38 INFO  | [BTC15m] [T:✗L:✓S:✓V:✓N:✓] ALL:✗ | prob=47.5% zone=neutral score=0.66 | spread=2.1% depth=$90213 vol=28% | persist=0s remain=802s | ○ NO_ENTER
19:46:38 INFO  | [ETH15m] [T:✗L:✓S:✓V:✓N:✓] ALL:✗ | prob=41.5% zone=neutral score=0.66 | spread=2.4% depth=$29522 vol=49% | persist=0s remain=802s | ○ NO_ENTER
19:46:38 INFO  | [SOL15m] [T:✗L:✓S:✓V:✓N:✓] ALL:✗ | prob=56.5% zone=neutral score=0.41 | spread=1.8% depth=$23965 vol=58% | persist=0s remain=802s | ○ NO_ENTER
19:46:38 INFO  | [XRP15m] [T:✗L:✓S:✓V:✓N:✓] ALL:✗ | prob=40.5% zone=neutral score=0.61 | spread=2.5% depth=$19739 vol=51% | persist=0s remain=802s | ○ NO_ENTER
19:46:39 INFO  | [BTC15m] [T:✗L:✓S:✓V:✓N:✓] ALL:✗ | prob=47.5% zone=neutral score=0.61 | spread=2.1% depth=$90917 vol=28% | persist=0s remain=801s | ○ NO_ENTER
19:46:39 INFO  | [ETH15m] [T:✗L:✓S:✓V:✓N:✓] ALL:✗ | prob=40.5% zone=neutral score=0.67 | spread=2.5% depth=$29107 vol=49% | persist=0s remain=801s | ○ NO_ENTER
19:46:39 INFO  | [SOL15m] [T:✗L:✓S:✓V:✓N:✓] ALL:✗ | prob=51.5% zone=neutral score=0.46 | spread=1.9% depth=$28365 vol=58% | persist=0s remain=801s | ○ NO_ENTER
19:46:39 INFO  | [XRP15m] [T:✗L:✓S:✓V:✓N:✓] ALL:✗ | prob=39.5% zone=neutral score=0.62 | spread=2.5% depth=$19749 vol=51% | persist=0s remain=801s | ○ NO_ENTER
19:46:40 INFO  | [BTC15m] [T:✗L:✓S:✓V:✓N:✓] ALL:✗ | prob=45.5% zone=neutral score=0.64 | spread=2.2% depth=$85950 vol=28% | persist=0s remain=800s | ○ NO_ENTER
19:46:40 INFO  | [ETH15m] [T:✗L:✓S:✓V:✓N:✓] ALL:✗ | prob=39.5% zone=neutral score=0.66 | spread=2.5% depth=$28472 vol=49% | persist=0s remain=800s | ○ NO_ENTER
19:46:40 INFO  | [SOL15m] [T:✗L:✓S:✓V:✓N:✓] ALL:✗ | prob=51.5% zone=neutral score=0.40 | spread=1.9% depth=$28666 vol=58% | persist=0s remain=800s | ○ NO_ENTER
19:46:40 INFO  | [XRP15m] [T:✗L:✓S:✓V:✓N:✓] ALL:✗ | prob=40.5% zone=neutral score=0.61 | spread=2.5% depth=$19713 vol=51% | persist=0s remain=800s | ○ NO_ENTER
19:46:41 INFO  | [BTC15m] [T:✗L:✓S:✓V:✓N:✓] ALL:✗ | prob=46.5% zone=neutral score=0.57 | spread=2.2% depth=$88162 vol=28% | persist=0s remain=799s | ○ NO_ENTER
19:46:41 INFO  | [ETH15m] [T:✗L:✓S:✓V:✓N:✓] ALL:✗ | prob=40.5% zone=neutral score=0.59 | spread=2.5% depth=$29263 vol=49% | persist=0s remain=799s | ○ NO_ENTER
19:46:41 INFO  | [SOL15m] [T:✗L:✓S:✓V:✓N:✓] ALL:✗ | prob=54.5% zone=neutral score=0.27 | spread=1.8% depth=$22784 vol=58% | persist=0s remain=799s | ○ NO_ENTER
19:46:41 INFO  | [XRP15m] [T:✗L:✓S:✓V:✓N:✓] ALL:✗ | prob=40.5% zone=neutral score=0.62 | spread=2.5% depth=$19850 vol=51% | persist=0s remain=799s | ○ NO_ENTER
19:46:42 INFO  | [BTC15m] [T:✗L:✓S:✓V:✓N:✓] ALL:✗ | prob=50.0% zone=neutral score=0.45 | spread=4.0% depth=$110242 vol=28% | persist=0s remain=798s | ○ NO_ENTER
19:46:42 INFO  | [ETH15m] [T:✗L:✓S:✓V:✓N:✓] ALL:✗ | prob=41.5% zone=neutral score=0.64 | spread=2.4% depth=$30116 vol=49% | persist=0s remain=798s | ○ NO_ENTER
19:46:42 INFO  | [SOL15m] [T:✗L:✓S:✓V:✓N:✓] ALL:✗ | prob=56.5% zone=neutral score=0.29 | spread=1.8% depth=$22584 vol=58% | persist=0s remain=798s | ○ NO_ENTER
19:46:42 INFO  | [XRP15m] [T:✗L:✓S:✓V:✓N:✓] ALL:✗ | prob=41.5% zone=neutral score=0.61 | spread=2.4% depth=$19814 vol=51% | persist=0s remain=798s | ○ NO_ENTER
19:46:43 INFO  | [BTC15m] [T:✗L:✓S:✓V:✓N:✓] ALL:✗ | prob=50.5% zone=neutral score=0.58 | spread=2.0% depth=$114699 vol=28% | persist=0s remain=797s | ○ NO_ENTER
19:46:43 INFO  | [ETH15m] [T:✗L:✓S:✓V:✓N:✓] ALL:✗ | prob=41.5% zone=neutral score=0.65 | spread=2.4% depth=$29995 vol=49% | persist=0s remain=797s | ○ NO_ENTER
19:46:43 INFO  | [SOL15m] [T:✗L:✓S:✓V:✓N:✓] ALL:✗ | prob=58.5% zone=neutral score=0.28 | spread=1.7% depth=$22420 vol=58% | persist=0s remain=797s | ○ NO_ENTER
19:46:43 INFO  | [XRP15m] [T:✗L:✓S:✓V:✓N:✓] ALL:✗ | prob=41.0% zone=neutral score=0.58 | spread=4.9% depth=$19780 vol=51% | persist=0s remain=797s | ○ NO_ENTER
19:46:44 INFO  | [BTC15m] [T:✗L:✓S:✓V:✓N:✓] ALL:✗ | prob=50.5% zone=neutral score=0.57 | spread=2.0% depth=$114242 vol=28% | persist=0s remain=796s | ○ NO_ENTER
19:46:44 INFO  | [ETH15m] [T:✗L:✓S:✓V:✓N:✓] ALL:✗ | prob=42.5% zone=neutral score=0.63 | spread=2.4% depth=$29474 vol=49% | persist=0s remain=796s | ○ NO_ENTER
19:46:44 INFO  | [SOL15m] [T:✗L:✓S:✓V:✓N:✓] ALL:✗ | prob=60.5% zone=neutral score=0.35 | spread=1.7% depth=$22450 vol=58% | persist=0s remain=796s | ○ NO_ENTER
19:46:44 INFO  | [XRP15m] [T:✗L:✓S:✓V:✓N:✓] ALL:✗ | prob=41.5% zone=neutral score=0.59 | spread=2.4% depth=$19830 vol=51% | persist=0s remain=796s | ○ NO_ENTER
19:46:45 INFO  | [BTC15m] [T:✗L:✓S:✓V:✓N:✓] ALL:✗ | prob=50.5% zone=neutral score=0.53 | spread=2.0% depth=$120678 vol=28% | persist=0s remain=795s | ○ NO_ENTER
19:46:45 INFO  | [ETH15m] [T:✗L:✓S:✓V:✓N:✓] ALL:✗ | prob=42.5% zone=neutral score=0.65 | spread=2.4% depth=$29291 vol=49% | persist=0s remain=795s | ○ NO_ENTER
19:46:45 INFO  | [SOL15m] [T:✗L:✓S:✓V:✓N:✓] ALL:✗ | prob=61.5% zone=neutral score=0.35 | spread=1.6% depth=$21279 vol=58% | persist=0s remain=795s | ○ NO_ENTER
19:46:45 INFO  | [XRP15m] [T:✗L:✓S:✓V:✓N:✓] ALL:✗ | prob=44.5% zone=neutral score=0.42 | spread=2.2% depth=$35081 vol=51% | persist=0s remain=795s | ○ NO_ENTER
19:46:46 INFO  | [BTC15m] [T:✗L:✓S:✓V:✓N:✓] ALL:✗ | prob=55.5% zone=neutral score=0.42 | spread=1.8% depth=$87907 vol=28% | persist=0s remain=794s | ○ NO_ENTER
19:46:46 INFO  | [ETH15m] [T:✗L:✓S:✓V:✓N:✓] ALL:✗ | prob=50.5% zone=neutral score=0.48 | spread=2.0% depth=$43209 vol=49% | persist=0s remain=794s | ○ NO_ENTER
19:46:46 INFO  | [SOL15m] [T:✗L:✓S:✓V:✓N:✓] ALL:✗ | prob=68.5% zone=neutral score=0.33 | spread=1.5% depth=$21048 vol=58% | persist=0s remain=794s | ○ NO_ENTER
19:46:46 INFO  | [XRP15m] [T:✗L:✓S:✓V:✓N:✓] ALL:✗ | prob=50.5% zone=neutral score=0.46 | spread=2.0% depth=$35053 vol=51% | persist=0s remain=794s | ○ NO_ENTER
19:46:47 INFO  | [BTC15m] [T:✗L:✓S:✓V:✓N:✓] ALL:✗ | prob=57.5% zone=neutral score=0.42 | spread=5.2% depth=$81013 vol=28% | persist=0s remain=793s | ○ NO_ENTER
19:46:47 INFO  | [ETH15m] [T:✗L:✓S:✓V:✓N:✓] ALL:✗ | prob=50.5% zone=neutral score=0.58 | spread=2.0% depth=$43657 vol=49% | persist=0s remain=793s | ○ NO_ENTER
19:46:47 INFO  | [SOL15m] [T:✗L:✓S:✓V:✓N:✓] ALL:✗ | prob=70.0% zone=neutral score=0.26 | spread=2.9% depth=$21638 vol=58% | persist=0s remain=793s | ○ NO_ENTER
19:46:47 INFO  | [XRP15m] [T:✗L:✓S:✓V:✓N:✓] ALL:✗ | prob=51.5% zone=neutral score=0.31 | spread=1.9% depth=$25763 vol=51% | persist=0s remain=793s | ○ NO_ENTER
19:46:48 INFO  | [BTC15m] [T:✗L:✓S:✓V:✓N:✓] ALL:✗ | prob=58.5% zone=neutral score=0.48 | spread=1.7% depth=$85278 vol=28% | persist=0s remain=792s | ○ NO_ENTER
19:46:48 INFO  | [ETH15m] [T:✗L:✓S:✓V:✓N:✓] ALL:✗ | prob=49.5% zone=neutral score=0.59 | spread=2.0% depth=$44576 vol=49% | persist=0s remain=792s | ○ NO_ENTER
19:46:48 INFO  | [SOL15m] [T:✗L:✓S:✓V:✓N:✓] ALL:✗ | prob=68.5% zone=neutral score=0.35 | spread=1.5% depth=$20862 vol=58% | persist=0s remain=792s | ○ NO_ENTER
19:46:48 INFO  | [XRP15m] [T:✗L:✓S:✓V:✓N:✓] ALL:✗ | prob=51.5% zone=neutral score=0.56 | spread=1.9% depth=$35110 vol=51% | persist=0s remain=792s | ○ NO_ENTER
19:46:49 INFO  | [BTC15m] [T:✗L:✓S:✓V:✓N:✓] ALL:✗ | prob=58.5% zone=neutral score=0.46 | spread=1.7% depth=$83041 vol=28% | persist=0s remain=791s | ○ NO_ENTER
19:46:49 INFO  | [ETH15m] [T:✗L:✓S:✓V:✓N:✓] ALL:✗ | prob=47.5% zone=neutral score=0.74 | spread=2.1% depth=$30298 vol=49% | persist=0s remain=791s | ○ NO_ENTER
19:46:49 INFO  | [SOL15m] [T:✗L:✓S:✓V:✓N:✓] ALL:✗ | prob=63.5% zone=neutral score=0.33 | spread=1.6% depth=$21631 vol=58% | persist=0s remain=791s | ○ NO_ENTER
19:46:49 INFO  | [XRP15m] [T:✗L:✓S:✓V:✓N:✓] ALL:✗ | prob=47.5% zone=neutral score=0.67 | spread=2.1% depth=$22181 vol=51% | persist=0s remain=791s | ○ NO_ENTER
19:46:49 INFO  | 📊 Balance: $100.00 | Open: 0 | Trades: 0 (W:0/L:0) | Win Rate: 0% | PnL: $+0.00 | ROI: +0.0%
19:46:50 INFO  | [BTC15m] [T:✗L:✓S:✓V:✓N:✓] ALL:✗ | prob=58.5% zone=neutral score=0.47 | spread=1.7% depth=$84889 vol=28% | persist=0s remain=790s | ○ NO_ENTER
19:46:50 INFO  | [ETH15m] [T:✗L:✓S:✓V:✓N:✓] ALL:✗ | prob=47.5% zone=neutral score=0.68 | spread=2.1% depth=$30138 vol=49% | persist=0s remain=790s | ○ NO_ENTER
19:46:50 INFO  | [SOL15m] [T:✗L:✓S:✓V:✓N:✓] ALL:✗ | prob=63.5% zone=neutral score=0.34 | spread=1.6% depth=$22310 vol=58% | persist=0s remain=790s | ○ NO_ENTER
19:46:50 INFO  | [XRP15m] [T:✗L:✓S:✓V:✓N:✓] ALL:✗ | prob=47.5% zone=neutral score=0.62 | spread=2.1% depth=$22234 vol=51% | persist=0s remain=790s | ○ NO_ENTER
19:46:51 INFO  | [BTC15m] [T:✗L:✓S:✓V:✓N:✓] ALL:✗ | prob=58.5% zone=neutral score=0.49 | spread=1.7% depth=$88007 vol=28% | persist=0s remain=789s | ○ NO_ENTER
19:46:51 INFO  | [ETH15m] [T:✗L:✓S:✓V:✓N:✓] ALL:✗ | prob=47.5% zone=neutral score=0.67 | spread=2.1% depth=$30825 vol=49% | persist=0s remain=789s | ○ NO_ENTER
19:46:51 INFO  | [SOL15m] [T:✗L:✓S:✓V:✓N:✓] ALL:✗ | prob=63.5% zone=neutral score=0.36 | spread=1.6% depth=$22130 vol=58% | persist=0s remain=789s | ○ NO_ENTER
19:46:51 INFO  | [XRP15m] [T:✗L:✓S:✓V:✓N:✓] ALL:✗ | prob=47.5% zone=neutral score=0.62 | spread=2.1% depth=$22370 vol=51% | persist=0s remain=789s | ○ NO_ENTER
19:46:52 INFO  | [BTC15m] [T:✗L:✓S:✓V:✓N:✓] ALL:✗ | prob=57.5% zone=neutral score=0.49 | spread=1.7% depth=$90132 vol=28% | persist=0s remain=788s | ○ NO_ENTER
19:46:52 INFO  | [ETH15m] [T:✗L:✓S:✓V:✓N:✓] ALL:✗ | prob=47.5% zone=neutral score=0.68 | spread=2.1% depth=$30317 vol=49% | persist=0s remain=788s | ○ NO_ENTER
19:46:52 INFO  | [SOL15m] [T:✗L:✓S:✓V:✓N:✓] ALL:✗ | prob=63.0% zone=neutral score=0.31 | spread=3.2% depth=$22439 vol=58% | persist=0s remain=788s | ○ NO_ENTER
19:46:52 INFO  | [XRP15m] [T:✗L:✓S:✓V:✓N:✓] ALL:✗ | prob=47.5% zone=neutral score=0.62 | spread=2.1% depth=$22420 vol=51% | persist=0s remain=788s | ○ NO_ENTER
19:46:53 INFO  | [BTC15m] [T:✗L:✓S:✓V:✓N:✓] ALL:✗ | prob=56.5% zone=neutral score=0.52 | spread=1.8% depth=$91641 vol=28% | persist=0s remain=787s | ○ NO_ENTER
19:46:53 INFO  | [ETH15m] [T:✗L:✓S:✓V:✓N:✓] ALL:✗ | prob=47.5% zone=neutral score=0.61 | spread=2.1% depth=$30433 vol=49% | persist=0s remain=787s | ○ NO_ENTER
19:46:53 INFO  | [SOL15m] [T:✗L:✓S:✓V:✓N:✓] ALL:✗ | prob=62.5% zone=neutral score=0.36 | spread=1.6% depth=$22503 vol=58% | persist=0s remain=787s | ○ NO_ENTER
19:46:53 INFO  | [XRP15m] [T:✗L:✓S:✓V:✓N:✓] ALL:✗ | prob=47.5% zone=neutral score=0.63 | spread=2.1% depth=$22729 vol=51% | persist=0s remain=787s | ○ NO_ENTER
19:46:54 INFO  | [BTC15m] [T:✗L:✓S:✓V:✓N:✓] ALL:✗ | prob=56.5% zone=neutral score=0.51 | spread=1.8% depth=$90557 vol=28% | persist=0s remain=786s | ○ NO_ENTER
19:46:54 INFO  | [ETH15m] [T:✗L:✓S:✓V:✓N:✓] ALL:✗ | prob=47.5% zone=neutral score=0.61 | spread=2.1% depth=$30455 vol=49% | persist=0s remain=786s | ○ NO_ENTER
19:46:54 INFO  | [SOL15m] [T:✗L:✓S:✓V:✓N:✓] ALL:✗ | prob=62.5% zone=neutral score=0.34 | spread=1.6% depth=$22587 vol=58% | persist=0s remain=786s | ○ NO_ENTER
19:46:54 INFO  | [XRP15m] [T:✗L:✓S:✓V:✓N:✓] ALL:✗ | prob=47.5% zone=neutral score=0.63 | spread=2.1% depth=$22651 vol=51% | persist=0s remain=786s | ○ NO_ENTER
19:46:55 INFO  | [BTC15m] [T:✗L:✓S:✓V:✓N:✓] ALL:✗ | prob=55.5% zone=neutral score=0.46 | spread=1.8% depth=$92191 vol=28% | persist=0s remain=785s | ○ NO_ENTER
19:46:55 INFO  | [ETH15m] [T:✗L:✓S:✓V:✓N:✓] ALL:✗ | prob=48.5% zone=neutral score=0.61 | spread=2.1% depth=$32758 vol=49% | persist=0s remain=785s | ○ NO_ENTER
19:46:55 INFO  | [SOL15m] [T:✗L:✓S:✓V:✓N:✓] ALL:✗ | prob=63.5% zone=neutral score=0.34 | spread=1.6% depth=$22819 vol=58% | persist=0s remain=785s | ○ NO_ENTER
19:46:55 INFO  | [XRP15m] [T:✗L:✓S:✓V:✓N:✓] ALL:✗ | prob=47.5% zone=neutral score=0.61 | spread=2.1% depth=$22703 vol=51% | persist=0s remain=785s | ○ NO_ENTER
19:46:56 INFO  | [BTC15m] [T:✗L:✓S:✓V:✓N:✓] ALL:✗ | prob=55.5% zone=neutral score=0.46 | spread=1.8% depth=$92447 vol=28% | persist=0s remain=784s | ○ NO_ENTER
19:46:56 INFO  | [ETH15m] [T:✗L:✓S:✓V:✓N:✓] ALL:✗ | prob=48.5% zone=neutral score=0.66 | spread=2.1% depth=$32702 vol=49% | persist=0s remain=784s | ○ NO_ENTER
19:46:56 INFO  | [SOL15m] [T:✗L:✓S:✓V:✓N:✓] ALL:✗ | prob=63.5% zone=neutral score=0.32 | spread=1.6% depth=$22881 vol=58% | persist=0s remain=784s | ○ NO_ENTER
19:46:56 INFO  | [XRP15m] [T:✗L:✓S:✓V:✓N:✓] ALL:✗ | prob=47.5% zone=neutral score=0.63 | spread=2.1% depth=$22731 vol=51% | persist=0s remain=784s | ○ NO_ENTER
19:46:57 INFO  | [BTC15m] [T:✗L:✓S:✓V:✓N:✓] ALL:✗ | prob=55.5% zone=neutral score=0.48 | spread=1.8% depth=$92192 vol=28% | persist=0s remain=783s | ○ NO_ENTER
19:46:57 INFO  | [ETH15m] [T:✗L:✓S:✓V:✓N:✓] ALL:✗ | prob=48.5% zone=neutral score=0.65 | spread=2.1% depth=$32920 vol=49% | persist=0s remain=783s | ○ NO_ENTER
19:46:57 INFO  | [SOL15m] [T:✗L:✓S:✓V:✓N:✓] ALL:✗ | prob=62.5% zone=neutral score=0.32 | spread=1.6% depth=$23054 vol=58% | persist=0s remain=783s | ○ NO_ENTER
19:46:57 INFO  | [XRP15m] [T:✗L:✓S:✓V:✓N:✓] ALL:✗ | prob=47.5% zone=neutral score=0.61 | spread=2.1% depth=$22735 vol=51% | persist=0s remain=783s | ○ NO_ENTER
19:46:58 INFO  | [BTC15m] [T:✗L:✓S:✓V:✓N:✓] ALL:✗ | prob=55.5% zone=neutral score=0.47 | spread=1.8% depth=$93392 vol=28% | persist=0s remain=782s | ○ NO_ENTER
19:46:58 INFO  | [ETH15m] [T:✗L:✓S:✓V:✓N:✓] ALL:✗ | prob=48.5% zone=neutral score=0.66 | spread=2.1% depth=$33460 vol=49% | persist=0s remain=782s | ○ NO_ENTER
19:46:58 INFO  | [SOL15m] [T:✗L:✓S:✓V:✓N:✓] ALL:✗ | prob=62.0% zone=neutral score=0.28 | spread=3.2% depth=$23076 vol=58% | persist=0s remain=782s | ○ NO_ENTER
19:46:58 INFO  | [XRP15m] [T:✗L:✓S:✓V:✓N:✓] ALL:✗ | prob=48.0% zone=neutral score=0.51 | spread=4.2% depth=$26489 vol=51% | persist=0s remain=782s | ○ NO_ENTER
19:46:59 INFO  | [BTC15m] [T:✗L:✓S:✓V:✓N:✓] ALL:✗ | prob=55.5% zone=neutral score=0.47 | spread=1.8% depth=$93398 vol=28% | persist=0s remain=781s | ○ NO_ENTER
19:46:59 INFO  | [ETH15m] [T:✗L:✓S:✓V:✓N:✓] ALL:✗ | prob=48.5% zone=neutral score=0.67 | spread=2.1% depth=$33324 vol=49% | persist=0s remain=781s | ○ NO_ENTER
19:46:59 INFO  | [SOL15m] [T:✗L:✓S:✓V:✓N:✓] ALL:✗ | prob=61.5% zone=neutral score=0.39 | spread=1.6% depth=$22994 vol=58% | persist=0s remain=781s | ○ NO_ENTER
19:46:59 INFO  | [XRP15m] [T:✗L:✓S:✓V:✓N:✓] ALL:✗ | prob=47.0% zone=neutral score=0.64 | spread=4.3% depth=$22692 vol=51% | persist=0s remain=781s | ○ NO_ENTER
19:47:00 INFO  | [BTC15m] [T:✗L:✓S:✓V:✓N:✓] ALL:✗ | prob=54.5% zone=neutral score=0.47 | spread=1.8% depth=$93663 vol=28% | persist=0s remain=780s | ○ NO_ENTER
19:47:00 INFO  | [ETH15m] [T:✗L:✓S:✓V:✓N:✓] ALL:✗ | prob=47.5% zone=neutral score=0.68 | spread=2.1% depth=$31008 vol=49% | persist=0s remain=780s | ○ NO_ENTER
19:47:00 INFO  | [SOL15m] [T:✗L:✓S:✓V:✓N:✓] ALL:✗ | prob=62.5% zone=neutral score=0.31 | spread=1.6% depth=$22922 vol=58% | persist=0s remain=780s | ○ NO_ENTER
19:47:00 INFO  | [XRP15m] [T:✗L:✓S:✓V:✓N:✓] ALL:✗ | prob=48.5% zone=neutral score=0.52 | spread=2.1% depth=$26399 vol=51% | persist=0s remain=780s | ○ NO_ENTER
19:47:01 INFO  | [BTC15m] [T:✗L:✓S:✓V:✓N:✓] ALL:✗ | prob=55.5% zone=neutral score=0.45 | spread=1.8% depth=$92917 vol=28% | persist=0s remain=779s | ○ NO_ENTER
19:47:01 INFO  | [ETH15m] [T:✗L:✓S:✓V:✓N:✓] ALL:✗ | prob=47.5% zone=neutral score=0.66 | spread=2.1% depth=$31072 vol=49% | persist=0s remain=779s | ○ NO_ENTER
19:47:01 INFO  | [SOL15m] [T:✗L:✓S:✓V:✓N:✓] ALL:✗ | prob=61.5% zone=neutral score=0.40 | spread=1.6% depth=$22814 vol=58% | persist=0s remain=779s | ○ NO_ENTER
19:47:01 INFO  | [XRP15m] [T:✗L:✓S:✓V:✓N:✓] ALL:✗ | prob=48.5% zone=neutral score=0.60 | spread=2.1% depth=$26351 vol=51% | persist=0s remain=779s | ○ NO_ENTER
19:47:02 INFO  | [BTC15m] [T:✗L:✓S:✓V:✓N:✓] ALL:✗ | prob=55.5% zone=neutral score=0.46 | spread=1.8% depth=$92919 vol=28% | persist=0s remain=778s | ○ NO_ENTER
19:47:02 INFO  | [ETH15m] [T:✗L:✓S:✓V:✓N:✓] ALL:✗ | prob=47.5% zone=neutral score=0.65 | spread=2.1% depth=$31012 vol=49% | persist=0s remain=778s | ○ NO_ENTER
19:47:02 INFO  | [SOL15m] [T:✗L:✓S:✓V:✓N:✓] ALL:✗ | prob=61.5% zone=neutral score=0.38 | spread=1.6% depth=$22988 vol=58% | persist=0s remain=778s | ○ NO_ENTER
19:47:03 INFO  | [XRP15m] [T:✗L:✓S:✓V:✓N:✓] ALL:✗ | prob=43.5% zone=neutral score=0.66 | spread=2.3% depth=$20378 vol=51% | persist=0s remain=777s | ○ NO_ENTER
19:47:03 INFO  | [BTC15m] [T:✗L:✓S:✓V:✓N:✓] ALL:✗ | prob=55.5% zone=neutral score=0.47 | spread=1.8% depth=$92823 vol=28% | persist=0s remain=777s | ○ NO_ENTER
19:47:03 INFO  | [ETH15m] [T:✗L:✓S:✓V:✓N:✓] ALL:✗ | prob=47.5% zone=neutral score=0.62 | spread=2.1% depth=$31177 vol=49% | persist=0s remain=777s | ○ NO_ENTER
19:47:03 INFO  | [SOL15m] [T:✗L:✓S:✓V:✓N:✓] ALL:✗ | prob=61.5% zone=neutral score=0.37 | spread=1.6% depth=$22924 vol=58% | persist=0s remain=777s | ○ NO_ENTER
19:47:03 INFO  | [XRP15m] [T:✗L:✓S:✓V:✓N:✓] ALL:✗ | prob=43.5% zone=neutral score=0.61 | spread=2.3% depth=$20378 vol=51% | persist=0s remain=777s | ○ NO_ENTER
19:47:04 INFO  | [BTC15m] [T:✗L:✓S:✓V:✓N:✓] ALL:✗ | prob=55.5% zone=neutral score=0.47 | spread=1.8% depth=$92928 vol=28% | persist=0s remain=776s | ○ NO_ENTER
19:47:04 INFO  | [ETH15m] [T:✗L:✓S:✓V:✓N:✓] ALL:✗ | prob=47.5% zone=neutral score=0.61 | spread=2.1% depth=$31269 vol=51% | persist=0s remain=776s | ○ NO_ENTER
19:47:04 INFO  | [SOL15m] [T:✗L:✓S:✓V:✓N:✓] ALL:✗ | prob=58.5% zone=neutral score=0.31 | spread=1.7% depth=$22488 vol=59% | persist=0s remain=776s | ○ NO_ENTER
19:47:04 INFO  | [XRP15m] [T:✗L:✓S:✓V:✓N:✓] ALL:✗ | prob=43.5% zone=neutral score=0.60 | spread=2.3% depth=$20398 vol=51% | persist=0s remain=776s | ○ NO_ENTER
19:47:05 INFO  | [BTC15m] [T:✗L:✓S:✓V:✓N:✓] ALL:✗ | prob=55.5% zone=neutral score=0.47 | spread=1.8% depth=$92958 vol=28% | persist=0s remain=775s | ○ NO_ENTER
19:47:05 INFO  | [ETH15m] [T:✗L:✓S:✓V:✓N:✓] ALL:✗ | prob=47.5% zone=neutral score=0.61 | spread=2.1% depth=$31018 vol=51% | persist=0s remain=775s | ○ NO_ENTER
19:47:05 INFO  | [SOL15m] [T:✗L:✓S:✓V:✓N:✓] ALL:✗ | prob=58.5% zone=neutral score=0.35 | spread=1.7% depth=$22642 vol=59% | persist=0s remain=775s | ○ NO_ENTER
19:47:05 INFO  | [XRP15m] [T:✗L:✓S:✓V:✓N:✓] ALL:✗ | prob=44.5% zone=neutral score=0.61 | spread=2.2% depth=$20520 vol=50% | persist=0s remain=775s | ○ NO_ENTER
19:47:06 INFO  | [BTC15m] [T:✗L:✓S:✓V:✓N:✓] ALL:✗ | prob=54.5% zone=neutral score=0.46 | spread=1.8% depth=$93296 vol=34% | persist=0s remain=774s | ○ NO_ENTER
19:47:06 INFO  | [ETH15m] [T:✗L:✓S:✓V:✓N:✓] ALL:✗ | prob=50.5% zone=neutral score=0.53 | spread=2.0% depth=$44890 vol=51% | persist=0s remain=774s | ○ NO_ENTER
19:47:06 INFO  | [SOL15m] [T:✗L:✓S:✓V:✓N:✓] ALL:✗ | prob=61.5% zone=neutral score=0.35 | spread=1.6% depth=$22241 vol=59% | persist=0s remain=774s | ○ NO_ENTER
19:47:06 INFO  | [XRP15m] [T:✗L:✓S:✓V:✓N:✓] ALL:✗ | prob=45.5% zone=neutral score=0.63 | spread=2.2% depth=$20818 vol=50% | persist=0s remain=774s | ○ NO_ENTER
19:47:07 INFO  | [BTC15m] [T:✗L:✓S:✓V:✓N:✓] ALL:✗ | prob=54.5% zone=neutral score=0.45 | spread=1.8% depth=$93413 vol=34% | persist=0s remain=773s | ○ NO_ENTER
19:47:07 INFO  | [ETH15m] [T:✗L:✓S:✓V:✓N:✓] ALL:✗ | prob=50.5% zone=neutral score=0.54 | spread=2.0% depth=$45313 vol=51% | persist=0s remain=773s | ○ NO_ENTER
19:47:07 INFO  | [SOL15m] [T:✗L:✓S:✓V:✓N:✓] ALL:✗ | prob=61.5% zone=neutral score=0.35 | spread=1.6% depth=$22304 vol=59% | persist=0s remain=773s | ○ NO_ENTER
19:47:07 INFO  | [XRP15m] [T:✗L:✓S:✓V:✓N:✓] ALL:✗ | prob=45.5% zone=neutral score=0.63 | spread=2.2% depth=$20831 vol=50% | persist=0s remain=773s | ○ NO_ENTER
19:47:08 INFO  | [BTC15m] [T:✗L:✓S:✓V:✓N:✓] ALL:✗ | prob=54.5% zone=neutral score=0.45 | spread=1.8% depth=$92558 vol=34% | persist=0s remain=772s | ○ NO_ENTER
19:47:08 INFO  | [ETH15m] [T:✗L:✓S:✓V:✓N:✓] ALL:✗ | prob=50.5% zone=neutral score=0.55 | spread=2.0% depth=$45511 vol=51% | persist=0s remain=772s | ○ NO_ENTER
19:47:08 INFO  | [SOL15m] [T:✗L:✓S:✓V:✓N:✓] ALL:✗ | prob=61.5% zone=neutral score=0.35 | spread=1.6% depth=$22607 vol=59% | persist=0s remain=772s | ○ NO_ENTER
19:47:08 INFO  | [XRP15m] [T:✗L:✓S:✓V:✓N:✓] ALL:✗ | prob=45.0% zone=neutral score=0.58 | spread=4.4% depth=$20670 vol=50% | persist=0s remain=772s | ○ NO_ENTER
19:47:09 INFO  | [BTC15m] [T:✗L:✓S:✓V:✓N:✓] ALL:✗ | prob=54.5% zone=neutral score=0.46 | spread=1.8% depth=$92663 vol=34% | persist=0s remain=771s | ○ NO_ENTER
19:47:09 INFO  | [ETH15m] [T:✗L:✓S:✓V:✓N:✓] ALL:✗ | prob=50.5% zone=neutral score=0.55 | spread=2.0% depth=$45404 vol=51% | persist=0s remain=771s | ○ NO_ENTER
19:47:09 INFO  | [SOL15m] [T:✗L:✓S:✓V:✓N:✓] ALL:✗ | prob=61.5% zone=neutral score=0.39 | spread=1.6% depth=$22852 vol=59% | persist=0s remain=771s | ○ NO_ENTER
19:47:09 INFO  | [XRP15m] [T:✗L:✓S:✓V:✓N:✓] ALL:✗ | prob=45.5% zone=neutral score=0.61 | spread=2.2% depth=$20707 vol=50% | persist=0s remain=771s | ○ NO_ENTER
19:47:10 INFO  | [BTC15m] [T:✗L:✓S:✓V:✓N:✓] ALL:✗ | prob=54.5% zone=neutral score=0.45 | spread=1.8% depth=$93400 vol=34% | persist=0s remain=770s | ○ NO_ENTER
19:47:10 INFO  | [ETH15m] [T:✗L:✓S:✓V:✓N:✓] ALL:✗ | prob=50.5% zone=neutral score=0.56 | spread=2.0% depth=$45439 vol=51% | persist=0s remain=770s | ○ NO_ENTER
19:47:10 INFO  | [SOL15m] [T:✗L:✓S:✓V:✓N:✓] ALL:✗ | prob=61.5% zone=neutral score=0.38 | spread=1.6% depth=$22902 vol=59% | persist=0s remain=770s | ○ NO_ENTER
19:47:10 INFO  | [XRP15m] [T:✗L:✓S:✓V:✓N:✓] ALL:✗ | prob=45.5% zone=neutral score=0.60 | spread=2.2% depth=$20700 vol=50% | persist=0s remain=770s | ○ NO_ENTER
19:47:11 INFO  | [BTC15m] [T:✗L:✓S:✓V:✓N:✓] ALL:✗ | prob=54.5% zone=neutral score=0.44 | spread=1.8% depth=$93303 vol=34% | persist=0s remain=769s | ○ NO_ENTER
19:47:11 INFO  | [ETH15m] [T:✗L:✓S:✓V:✓N:✓] ALL:✗ | prob=50.5% zone=neutral score=0.55 | spread=2.0% depth=$44795 vol=51% | persist=0s remain=769s | ○ NO_ENTER
19:47:11 INFO  | [SOL15m] [T:✗L:✓S:✓V:✓N:✓] ALL:✗ | prob=61.5% zone=neutral score=0.39 | spread=1.6% depth=$22797 vol=59% | persist=0s remain=769s | ○ NO_ENTER
19:47:11 INFO  | [XRP15m] [T:✗L:✓S:✓V:✓N:✓] ALL:✗ | prob=44.5% zone=neutral score=0.60 | spread=2.2% depth=$20533 vol=50% | persist=0s remain=769s | ○ NO_ENTER
19:47:12 INFO  | [BTC15m] [T:✗L:✓S:✓V:✓N:✓] ALL:✗ | prob=54.5% zone=neutral score=0.45 | spread=1.8% depth=$93919 vol=34% | persist=0s remain=768s | ○ NO_ENTER
19:47:12 INFO  | [ETH15m] [T:✗L:✓S:✓V:✓N:✓] ALL:✗ | prob=50.5% zone=neutral score=0.55 | spread=2.0% depth=$44673 vol=51% | persist=0s remain=768s | ○ NO_ENTER
19:47:12 INFO  | [SOL15m] [T:✗L:✓S:✓V:✓N:✓] ALL:✗ | prob=61.5% zone=neutral score=0.39 | spread=1.6% depth=$23155 vol=59% | persist=0s remain=768s | ○ NO_ENTER
19:47:12 INFO  | [XRP15m] [T:✗L:✓S:✓V:✓N:✓] ALL:✗ | prob=44.5% zone=neutral score=0.59 | spread=2.2% depth=$20548 vol=50% | persist=0s remain=768s | ○ NO_ENTER
19:47:13 INFO  | [BTC15m] [T:✗L:✓S:✓V:✓N:✓] ALL:✗ | prob=55.5% zone=neutral score=0.46 | spread=1.8% depth=$92878 vol=34% | persist=0s remain=767s | ○ NO_ENTER
19:47:13 INFO  | [ETH15m] [T:✗L:✓S:✓V:✓N:✓] ALL:✗ | prob=52.5% zone=neutral score=0.36 | spread=1.9% depth=$28343 vol=51% | persist=0s remain=767s | ○ NO_ENTER
19:47:13 INFO  | [SOL15m] [T:✗L:✓S:✓V:✓N:✓] ALL:✗ | prob=63.5% zone=neutral score=0.35 | spread=1.6% depth=$22875 vol=59% | persist=0s remain=767s | ○ NO_ENTER
19:47:13 INFO  | [XRP15m] [T:✗L:✓S:✓V:✓N:✓] ALL:✗ | prob=44.5% zone=neutral score=0.59 | spread=2.2% depth=$20525 vol=50% | persist=0s remain=767s | ○ NO_ENTER
19:47:14 INFO  | [BTC15m] [T:✗L:✓S:✓V:✓N:✓] ALL:✗ | prob=55.5% zone=neutral score=0.42 | spread=1.8% depth=$81705 vol=34% | persist=0s remain=766s | ○ NO_ENTER
19:47:14 INFO  | [ETH15m] [T:✗L:✓S:✓V:✓N:✓] ALL:✗ | prob=56.5% zone=neutral score=0.39 | spread=1.8% depth=$25194 vol=51% | persist=0s remain=766s | ○ NO_ENTER
19:47:14 INFO  | [SOL15m] [T:✗L:✓S:✓V:✓N:✓] ALL:✗ | prob=64.5% zone=neutral score=0.38 | spread=1.6% depth=$22132 vol=59% | persist=0s remain=766s | ○ NO_ENTER
19:47:14 INFO  | [XRP15m] [T:✗L:✓S:✓V:✓N:✓] ALL:✗ | prob=49.5% zone=neutral score=0.43 | spread=2.0% depth=$35564 vol=50% | persist=0s remain=766s | ○ NO_ENTER
19:47:15 INFO  | [BTC15m] [T:✗L:✓S:✓V:✓N:✓] ALL:✗ | prob=58.5% zone=neutral score=0.47 | spread=1.7% depth=$86213 vol=34% | persist=0s remain=765s | ○ NO_ENTER
19:47:15 INFO  | [ETH15m] [T:✗L:✓S:✓V:✓N:✓] ALL:✗ | prob=58.5% zone=neutral score=0.39 | spread=1.7% depth=$24120 vol=51% | persist=0s remain=765s | ○ NO_ENTER
19:47:15 INFO  | [SOL15m] [T:✗L:✓S:✓V:✓N:✓] ALL:✗ | prob=69.5% zone=neutral score=0.34 | spread=1.4% depth=$21325 vol=59% | persist=0s remain=765s | ○ NO_ENTER
19:47:15 INFO  | [XRP15m] [T:✗L:✓S:✓V:✓N:✓] ALL:✗ | prob=52.5% zone=neutral score=0.33 | spread=1.9% depth=$22490 vol=50% | persist=0s remain=765s | ○ NO_ENTER
19:47:16 INFO  | [BTC15m] [T:✗L:✓S:✓V:✓N:✓] ALL:✗ | prob=64.5% zone=neutral score=0.43 | spread=4.7% depth=$72328 vol=34% | persist=0s remain=764s | ○ NO_ENTER
19:47:16 INFO  | [ETH15m] [T:✗L:✓S:✓V:✓N:✓] ALL:✗ | prob=60.5% zone=neutral score=0.39 | spread=1.7% depth=$22972 vol=51% | persist=0s remain=764s | ○ NO_ENTER
19:47:16 INFO  | [SOL15m] [T:✗L:✓S:✓V:✓N:✓] ALL:✗ | prob=69.5% zone=neutral score=0.31 | spread=1.4% depth=$21658 vol=59% | persist=0s remain=764s | ○ NO_ENTER
19:47:16 INFO  | [XRP15m] [T:✗L:✓S:✓V:✓N:✓] ALL:✗ | prob=53.5% zone=neutral score=0.30 | spread=1.9% depth=$20861 vol=50% | persist=0s remain=764s | ○ NO_ENTER
19:47:17 INFO  | [BTC15m] [T:✗L:✓S:✓V:✓N:✓] ALL:✗ | prob=62.5% zone=neutral score=0.45 | spread=1.6% depth=$80683 vol=34% | persist=0s remain=763s | ○ NO_ENTER
19:47:17 INFO  | [ETH15m] [T:✗L:✓S:✓V:✓N:✓] ALL:✗ | prob=61.5% zone=neutral score=0.42 | spread=1.6% depth=$24054 vol=51% | persist=0s remain=763s | ○ NO_ENTER
19:47:17 INFO  | [SOL15m] [T:✗L:✓S:✓V:✓N:✓] ALL:✗ | prob=68.5% zone=neutral score=0.36 | spread=1.5% depth=$21759 vol=59% | persist=0s remain=763s | ○ NO_ENTER
19:47:17 INFO  | [XRP15m] [T:✗L:✓S:✓V:✓N:✓] ALL:✗ | prob=54.5% zone=neutral score=0.34 | spread=1.8% depth=$20646 vol=50% | persist=0s remain=763s | ○ NO_ENTER
19:47:18 INFO  | [BTC15m] [T:✗L:✓S:✓V:✓N:✓] ALL:✗ | prob=63.5% zone=neutral score=0.46 | spread=1.6% depth=$81700 vol=34% | persist=0s remain=762s | ○ NO_ENTER
19:47:18 INFO  | [ETH15m] [T:✗L:✓S:✓V:✓N:✓] ALL:✗ | prob=59.5% zone=neutral score=0.43 | spread=1.7% depth=$24037 vol=51% | persist=0s remain=762s | ○ NO_ENTER
19:47:18 INFO  | [SOL15m] [T:✗L:✓S:✓V:✓N:✓] ALL:✗ | prob=69.5% zone=neutral score=0.36 | spread=1.4% depth=$22040 vol=59% | persist=0s remain=762s | ○ NO_ENTER
19:47:18 INFO  | [XRP15m] [T:✗L:✓S:✓V:✓N:✓] ALL:✗ | prob=52.5% zone=neutral score=0.48 | spread=1.9% depth=$26483 vol=50% | persist=0s remain=762s | ○ NO_ENTER
19:47:19 INFO  | [BTC15m] [T:✗L:✓S:✓V:✓N:✓] ALL:✗ | prob=63.5% zone=neutral score=0.46 | spread=1.6% depth=$80735 vol=34% | persist=0s remain=761s | ○ NO_ENTER
19:47:19 INFO  | [ETH15m] [T:✗L:✓S:✓V:✓N:✓] ALL:✗ | prob=57.5% zone=neutral score=0.42 | spread=1.7% depth=$24954 vol=51% | persist=0s remain=761s | ○ NO_ENTER
19:47:19 INFO  | [SOL15m] [T:✗L:✓S:✓V:✓N:✓] ALL:✗ | prob=67.5% zone=neutral score=0.34 | spread=1.5% depth=$22944 vol=59% | persist=0s remain=761s | ○ NO_ENTER
19:47:19 INFO  | [XRP15m] [T:✗L:✓S:✓V:✓N:✓] ALL:✗ | prob=50.5% zone=neutral score=0.58 | spread=2.0% depth=$35651 vol=50% | persist=0s remain=761s | ○ NO_ENTER
19:47:20 INFO  | [BTC15m] [T:✗L:✓S:✓V:✓N:✓] ALL:✗ | prob=61.5% zone=neutral score=0.39 | spread=1.6% depth=$75168 vol=34% | persist=0s remain=760s | ○ NO_ENTER
19:47:20 INFO  | [ETH15m] [T:✗L:✓S:✓V:✓N:✓] ALL:✗ | prob=57.5% zone=neutral score=0.40 | spread=1.7% depth=$25882 vol=51% | persist=0s remain=760s | ○ NO_ENTER
19:47:20 INFO  | [SOL15m] [T:✗L:✓S:✓V:✓N:✓] ALL:✗ | prob=67.5% zone=neutral score=0.34 | spread=1.5% depth=$22936 vol=59% | persist=0s remain=760s | ○ NO_ENTER
19:47:20 INFO  | [XRP15m] [T:✗L:✓S:✓V:✓N:✓] ALL:✗ | prob=50.5% zone=neutral score=0.51 | spread=2.0% depth=$35748 vol=50% | persist=0s remain=760s | ○ NO_ENTER
19:47:21 INFO  | [BTC15m] [T:✗L:✓S:✓V:✓N:✓] ALL:✗ | prob=61.5% zone=neutral score=0.42 | spread=1.6% depth=$74328 vol=34% | persist=0s remain=759s | ○ NO_ENTER
19:47:21 INFO  | [ETH15m] [T:✗L:✓S:✓V:✓N:✓] ALL:✗ | prob=57.5% zone=neutral score=0.40 | spread=1.7% depth=$25715 vol=51% | persist=0s remain=759s | ○ NO_ENTER
19:47:21 INFO  | [SOL15m] [T:✗L:✓S:✓V:✓N:✓] ALL:✗ | prob=67.5% zone=neutral score=0.34 | spread=1.5% depth=$22969 vol=59% | persist=0s remain=759s | ○ NO_ENTER
19:47:21 INFO  | [XRP15m] [T:✗L:✓S:✓V:✓N:✓] ALL:✗ | prob=50.5% zone=neutral score=0.52 | spread=2.0% depth=$35717 vol=50% | persist=0s remain=759s | ○ NO_ENTER
19:47:22 INFO  | [BTC15m] [T:✗L:✓S:✓V:✓N:✓] ALL:✗ | prob=60.5% zone=neutral score=0.41 | spread=1.7% depth=$75439 vol=34% | persist=0s remain=758s | ○ NO_ENTER
19:47:22 INFO  | [ETH15m] [T:✗L:✓S:✓V:✓N:✓] ALL:✗ | prob=57.5% zone=neutral score=0.37 | spread=1.7% depth=$25748 vol=51% | persist=0s remain=758s | ○ NO_ENTER
19:47:22 INFO  | [SOL15m] [T:✗L:✓S:✓V:✓N:✓] ALL:✗ | prob=67.5% zone=neutral score=0.34 | spread=1.5% depth=$23114 vol=59% | persist=0s remain=758s | ○ NO_ENTER
19:47:22 INFO  | [XRP15m] [T:✗L:✓S:✓V:✓N:✓] ALL:✗ | prob=51.5% zone=neutral score=0.34 | spread=1.9% depth=$26520 vol=50% | persist=0s remain=758s | ○ NO_ENTER
19:47:23 INFO  | [BTC15m] [T:✗L:✓S:✓V:✓N:✓] ALL:✗ | prob=60.5% zone=neutral score=0.41 | spread=1.7% depth=$75491 vol=34% | persist=0s remain=757s | ○ NO_ENTER
19:47:23 INFO  | [ETH15m] [T:✗L:✓S:✓V:✓N:✓] ALL:✗ | prob=57.5% zone=neutral score=0.37 | spread=1.7% depth=$25703 vol=51% | persist=0s remain=757s | ○ NO_ENTER
19:47:23 INFO  | [SOL15m] [T:✗L:✓S:✓V:✓N:✓] ALL:✗ | prob=67.5% zone=neutral score=0.34 | spread=1.5% depth=$23143 vol=59% | persist=0s remain=757s | ○ NO_ENTER
19:47:23 INFO  | [XRP15m] [T:✗L:✓S:✓V:✓N:✓] ALL:✗ | prob=52.5% zone=neutral score=0.30 | spread=1.9% depth=$22771 vol=50% | persist=0s remain=757s | ○ NO_ENTER
19:47:24 INFO  | [BTC15m] [T:✗L:✓S:✓V:✓N:✓] ALL:✗ | prob=59.5% zone=neutral score=0.46 | spread=1.7% depth=$68929 vol=34% | persist=0s remain=756s | ○ NO_ENTER
19:47:24 INFO  | [ETH15m] [T:✗L:✓S:✓V:✓N:✓] ALL:✗ | prob=56.5% zone=neutral score=0.40 | spread=1.8% depth=$27267 vol=51% | persist=0s remain=756s | ○ NO_ENTER
19:47:24 INFO  | [SOL15m] [T:✗L:✓S:✓V:✓N:✓] ALL:✗ | prob=67.5% zone=neutral score=0.34 | spread=1.5% depth=$23400 vol=59% | persist=0s remain=756s | ○ NO_ENTER
19:47:24 INFO  | [XRP15m] [T:✗L:✓S:✓V:✓N:✓] ALL:✗ | prob=52.5% zone=neutral score=0.35 | spread=1.9% depth=$22801 vol=50% | persist=0s remain=756s | ○ NO_ENTER
19:47:25 INFO  | [BTC15m] [T:✗L:✓S:✓V:✓N:✓] ALL:✗ | prob=59.5% zone=neutral score=0.41 | spread=1.7% depth=$62014 vol=34% | persist=0s remain=755s | ○ NO_ENTER
19:47:25 INFO  | [ETH15m] [T:✗L:✓S:✓V:✓N:✓] ALL:✗ | prob=55.5% zone=neutral score=0.43 | spread=1.8% depth=$26125 vol=51% | persist=0s remain=755s | ○ NO_ENTER
19:47:25 INFO  | [SOL15m] [T:✗L:✓S:✓V:✓N:✓] ALL:✗ | prob=67.5% zone=neutral score=0.34 | spread=1.5% depth=$23438 vol=59% | persist=0s remain=755s | ○ NO_ENTER
19:47:25 INFO  | [XRP15m] [T:✗L:✓S:✓V:✓N:✓] ALL:✗ | prob=51.5% zone=neutral score=0.48 | spread=1.9% depth=$26512 vol=50% | persist=0s remain=755s | ○ NO_ENTER
19:47:26 INFO  | [BTC15m] [T:✗L:✓S:✓V:✓N:✓] ALL:✗ | prob=59.5% zone=neutral score=0.43 | spread=1.7% depth=$62626 vol=34% | persist=0s remain=754s | ○ NO_ENTER
19:47:26 INFO  | [ETH15m] [T:✗L:✓S:✓V:✓N:✓] ALL:✗ | prob=55.5% zone=neutral score=0.41 | spread=1.8% depth=$27094 vol=51% | persist=0s remain=754s | ○ NO_ENTER
19:47:26 INFO  | [SOL15m] [T:✗L:✓S:✓V:✓N:✓] ALL:✗ | prob=67.5% zone=neutral score=0.34 | spread=1.5% depth=$23544 vol=59% | persist=0s remain=754s | ○ NO_ENTER
19:47:26 INFO  | [XRP15m] [T:✗L:✓S:✓V:✓N:✓] ALL:✗ | prob=51.5% zone=neutral score=0.42 | spread=1.9% depth=$26603 vol=50% | persist=0s remain=754s | ○ NO_ENTER
19:47:27 INFO  | [BTC15m] [T:✗L:✓S:✓V:✓N:✓] ALL:✗ | prob=59.5% zone=neutral score=0.43 | spread=1.7% depth=$62915 vol=34% | persist=0s remain=753s | ○ NO_ENTER
19:47:27 INFO  | [ETH15m] [T:✗L:✓S:✓V:✓N:✓] ALL:✗ | prob=55.5% zone=neutral score=0.40 | spread=1.8% depth=$27055 vol=51% | persist=0s remain=753s | ○ NO_ENTER
19:47:27 INFO  | [SOL15m] [T:✗L:✓S:✓V:✓N:✓] ALL:✗ | prob=67.5% zone=neutral score=0.34 | spread=1.5% depth=$23542 vol=59% | persist=0s remain=753s | ○ NO_ENTER
19:47:27 INFO  | [XRP15m] [T:✗L:✓S:✓V:✓N:✓] ALL:✗ | prob=51.5% zone=neutral score=0.42 | spread=1.9% depth=$26595 vol=50% | persist=0s remain=753s | ○ NO_ENTER
19:47:28 INFO  | [BTC15m] [T:✗L:✓S:✓V:✓N:✓] ALL:✗ | prob=59.5% zone=neutral score=0.45 | spread=1.7% depth=$69565 vol=34% | persist=0s remain=752s | ○ NO_ENTER
19:47:28 INFO  | [ETH15m] [T:✗L:✓S:✓V:✓N:✓] ALL:✗ | prob=55.5% zone=neutral score=0.40 | spread=1.8% depth=$27303 vol=51% | persist=0s remain=752s | ○ NO_ENTER
19:47:28 INFO  | [SOL15m] [T:✗L:✓S:✓V:✓N:✓] ALL:✗ | prob=67.5% zone=neutral score=0.34 | spread=1.5% depth=$23557 vol=59% | persist=0s remain=752s | ○ NO_ENTER
19:47:28 INFO  | [XRP15m] [T:✗L:✓S:✓V:✓N:✓] ALL:✗ | prob=51.5% zone=neutral score=0.43 | spread=1.9% depth=$26619 vol=50% | persist=0s remain=752s | ○ NO_ENTER
19:47:29 INFO  | [BTC15m] [T:✗L:✓S:✓V:✓N:✓] ALL:✗ | prob=59.5% zone=neutral score=0.43 | spread=1.7% depth=$68156 vol=34% | persist=0s remain=751s | ○ NO_ENTER
19:47:29 INFO  | [ETH15m] [T:✗L:✓S:✓V:✓N:✓] ALL:✗ | prob=54.5% zone=neutral score=0.42 | spread=1.8% depth=$27632 vol=51% | persist=0s remain=751s | ○ NO_ENTER
19:47:29 INFO  | [SOL15m] [T:✗L:✓S:✓V:✓N:✓] ALL:✗ | prob=67.5% zone=neutral score=0.33 | spread=1.5% depth=$23558 vol=59% | persist=0s remain=751s | ○ NO_ENTER
19:47:29 INFO  | [XRP15m] [T:✗L:✓S:✓V:✓N:✓] ALL:✗ | prob=51.5% zone=neutral score=0.44 | spread=1.9% depth=$26691 vol=50% | persist=0s remain=751s | ○ NO_ENTER
19:47:30 INFO  | [BTC15m] [T:✗L:✓S:✓V:✓N:✓] ALL:✗ | prob=58.5% zone=neutral score=0.43 | spread=1.7% depth=$69604 vol=34% | persist=0s remain=750s | ○ NO_ENTER
19:47:30 INFO  | [ETH15m] [T:✗L:✓S:✓V:✓N:✓] ALL:✗ | prob=53.5% zone=neutral score=0.41 | spread=1.9% depth=$27871 vol=51% | persist=0s remain=750s | ○ NO_ENTER
19:47:30 INFO  | [SOL15m] [T:✗L:✓S:✓V:✓N:✓] ALL:✗ | prob=67.5% zone=neutral score=0.34 | spread=1.5% depth=$23563 vol=59% | persist=0s remain=750s | ○ NO_ENTER
19:47:30 INFO  | [XRP15m] [T:✗L:✓S:✓V:✓N:✓] ALL:✗ | prob=51.5% zone=neutral score=0.43 | spread=1.9% depth=$26694 vol=50% | persist=0s remain=750s | ○ NO_ENTER
19:47:31 INFO  | [BTC15m] [T:✗L:✓S:✓V:✓N:✓] ALL:✗ | prob=58.5% zone=neutral score=0.42 | spread=1.7% depth=$69283 vol=34% | persist=0s remain=749s | ○ NO_ENTER
19:47:31 INFO  | [ETH15m] [T:✗L:✓S:✓V:✓N:✓] ALL:✗ | prob=53.5% zone=neutral score=0.40 | spread=1.9% depth=$27815 vol=51% | persist=0s remain=749s | ○ NO_ENTER
19:47:31 INFO  | [SOL15m] [T:✗L:✓S:✓V:✓N:✓] ALL:✗ | prob=67.5% zone=neutral score=0.34 | spread=1.5% depth=$23570 vol=59% | persist=0s remain=749s | ○ NO_ENTER
19:47:31 INFO  | [XRP15m] [T:✗L:✓S:✓V:✓N:✓] ALL:✗ | prob=51.5% zone=neutral score=0.43 | spread=1.9% depth=$26727 vol=50% | persist=0s remain=749s | ○ NO_ENTER
19:47:32 INFO  | [BTC15m] [T:✗L:✓S:✓V:✓N:✓] ALL:✗ | prob=58.5% zone=neutral score=0.45 | spread=1.7% depth=$70355 vol=34% | persist=0s remain=748s | ○ NO_ENTER
19:47:32 INFO  | [ETH15m] [T:✗L:✓S:✓V:✓N:✓] ALL:✗ | prob=52.5% zone=neutral score=0.49 | spread=5.7% depth=$34092 vol=51% | persist=0s remain=748s | ○ NO_ENTER
19:47:32 INFO  | [SOL15m] [T:✗L:✓S:✓V:✓N:✓] ALL:✗ | prob=65.5% zone=neutral score=0.36 | spread=1.5% depth=$22911 vol=59% | persist=0s remain=748s | ○ NO_ENTER
19:47:32 INFO  | [XRP15m] [T:✗L:✓S:✓V:✓N:✓] ALL:✗ | prob=50.5% zone=neutral score=0.55 | spread=2.0% depth=$34409 vol=50% | persist=0s remain=748s | ○ NO_ENTER
19:47:33 INFO  | [BTC15m] [T:✗L:✓S:✓V:✓N:✓] ALL:✗ | prob=57.5% zone=neutral score=0.44 | spread=1.7% depth=$70978 vol=34% | persist=0s remain=747s | ○ NO_ENTER
19:47:33 INFO  | [ETH15m] [T:✗L:✓S:✓V:✓N:✓] ALL:✗ | prob=50.5% zone=neutral score=0.57 | spread=2.0% depth=$46349 vol=51% | persist=0s remain=747s | ○ NO_ENTER
19:47:33 INFO  | [SOL15m] [T:✗L:✓S:✓V:✓N:✓] ALL:✗ | prob=64.5% zone=neutral score=0.36 | spread=1.6% depth=$22445 vol=59% | persist=0s remain=747s | ○ NO_ENTER
19:47:33 INFO  | [XRP15m] [T:✗L:✓S:✓V:✓N:✓] ALL:✗ | prob=50.5% zone=neutral score=0.51 | spread=2.0% depth=$34392 vol=50% | persist=0s remain=747s | ○ NO_ENTER
19:47:34 INFO  | [BTC15m] [T:✗L:✓S:✓V:✓N:✓] ALL:✗ | prob=54.5% zone=neutral score=0.41 | spread=1.8% depth=$65530 vol=34% | persist=0s remain=746s | ○ NO_ENTER
19:47:34 INFO  | [ETH15m] [T:✗L:✓S:✓V:✓N:✓] ALL:✗ | prob=48.5% zone=neutral score=0.71 | spread=2.1% depth=$33112 vol=51% | persist=0s remain=746s | ○ NO_ENTER
19:47:34 INFO  | [SOL15m] [T:✗L:✓S:✓V:✓N:✓] ALL:✗ | prob=60.5% zone=neutral score=0.36 | spread=1.7% depth=$22467 vol=59% | persist=0s remain=746s | ○ NO_ENTER
19:47:34 INFO  | [XRP15m] [T:✗L:✓S:✓V:✓N:✓] ALL:✗ | prob=45.5% zone=neutral score=0.50 | spread=2.2% depth=$34336 vol=50% | persist=0s remain=746s | ○ NO_ENTER
19:47:35 INFO  | [BTC15m] [T:✗L:✓S:✓V:✓N:✓] ALL:✗ | prob=53.5% zone=neutral score=0.44 | spread=1.9% depth=$73709 vol=34% | persist=0s remain=745s | ○ NO_ENTER
19:47:35 INFO  | [ETH15m] [T:✗L:✓S:✓V:✓N:✓] ALL:✗ | prob=45.5% zone=neutral score=0.67 | spread=2.2% depth=$30643 vol=51% | persist=0s remain=745s | ○ NO_ENTER
19:47:35 INFO  | [SOL15m] [T:✗L:✓S:✓V:✓N:✓] ALL:✗ | prob=60.5% zone=neutral score=0.35 | spread=1.7% depth=$22594 vol=59% | persist=0s remain=745s | ○ NO_ENTER
19:47:35 INFO  | [XRP15m] [T:✗L:✓S:✓V:✓N:✓] ALL:✗ | prob=45.5% zone=neutral score=0.49 | spread=2.2% depth=$33960 vol=50% | persist=0s remain=745s | ○ NO_ENTER
19:47:36 INFO  | [BTC15m] [T:✗L:✓S:✓V:✓N:✓] ALL:✗ | prob=53.5% zone=neutral score=0.44 | spread=1.9% depth=$74038 vol=34% | persist=0s remain=744s | ○ NO_ENTER
19:47:36 INFO  | [ETH15m] [T:✗L:✓S:✓V:✓N:✓] ALL:✗ | prob=44.5% zone=neutral score=0.64 | spread=2.2% depth=$30308 vol=51% | persist=0s remain=744s | ○ NO_ENTER
19:47:36 INFO  | [SOL15m] [T:✗L:✓S:✓V:✓N:✓] ALL:✗ | prob=60.5% zone=neutral score=0.33 | spread=1.7% depth=$22548 vol=59% | persist=0s remain=744s | ○ NO_ENTER
19:47:36 INFO  | [XRP15m] [T:✗L:✓S:✓V:✓N:✓] ALL:✗ | prob=45.5% zone=neutral score=0.49 | spread=2.2% depth=$34007 vol=50% | persist=0s remain=744s | ○ NO_ENTER
19:47:37 INFO  | [BTC15m] [T:✗L:✓S:✓V:✓N:✓] ALL:✗ | prob=53.5% zone=neutral score=0.43 | spread=1.9% depth=$74638 vol=34% | persist=0s remain=743s | ○ NO_ENTER
19:47:37 INFO  | [ETH15m] [T:✗L:✓S:✓V:✓N:✓] ALL:✗ | prob=44.5% zone=neutral score=0.63 | spread=2.2% depth=$29197 vol=51% | persist=0s remain=743s | ○ NO_ENTER
19:47:37 INFO  | [SOL15m] [T:✗L:✓S:✓V:✓N:✓] ALL:✗ | prob=60.5% zone=neutral score=0.33 | spread=1.7% depth=$22721 vol=59% | persist=0s remain=743s | ○ NO_ENTER
19:47:37 INFO  | [XRP15m] [T:✗L:✓S:✓V:✓N:✓] ALL:✗ | prob=46.0% zone=neutral score=0.46 | spread=4.3% depth=$34396 vol=50% | persist=0s remain=743s | ○ NO_ENTER
19:47:38 INFO  | [BTC15m] [T:✗L:✓S:✓V:✓N:✓] ALL:✗ | prob=53.5% zone=neutral score=0.44 | spread=1.9% depth=$75060 vol=34% | persist=0s remain=742s | ○ NO_ENTER
19:47:38 INFO  | [ETH15m] [T:✗L:✓S:✓V:✓N:✓] ALL:✗ | prob=44.5% zone=neutral score=0.60 | spread=2.2% depth=$29914 vol=51% | persist=0s remain=742s | ○ NO_ENTER
19:47:38 INFO  | [SOL15m] [T:✗L:✓S:✓V:✓N:✓] ALL:✗ | prob=60.5% zone=neutral score=0.32 | spread=1.7% depth=$22564 vol=59% | persist=0s remain=742s | ○ NO_ENTER
19:47:38 INFO  | [XRP15m] [T:✗L:✓S:✓V:✓N:✓] ALL:✗ | prob=45.5% zone=neutral score=0.46 | spread=2.2% depth=$34829 vol=50% | persist=0s remain=742s | ○ NO_ENTER
19:47:39 INFO  | [BTC15m] [T:✗L:✓S:✓V:✓N:✓] ALL:✗ | prob=54.5% zone=neutral score=0.41 | spread=1.8% depth=$69823 vol=34% | persist=0s remain=741s | ○ NO_ENTER
19:47:39 INFO  | [ETH15m] [T:✗L:✓S:✓V:✓N:✓] ALL:✗ | prob=48.5% zone=neutral score=0.55 | spread=2.1% depth=$31937 vol=51% | persist=0s remain=741s | ○ NO_ENTER
19:47:39 INFO  | [SOL15m] [T:✗L:✓S:✓V:✓N:✓] ALL:✗ | prob=65.5% zone=neutral score=0.35 | spread=1.5% depth=$22352 vol=59% | persist=0s remain=741s | ○ NO_ENTER
19:47:39 INFO  | [XRP15m] [T:✗L:✓S:✓V:✓N:✓] ALL:✗ | prob=49.5% zone=neutral score=0.48 | spread=2.0% depth=$35104 vol=50% | persist=0s remain=741s | ○ NO_ENTER
19:47:40 INFO  | [BTC15m] [T:✗L:✓S:✓V:✓N:✓] ALL:✗ | prob=54.5% zone=neutral score=0.45 | spread=1.8% depth=$73351 vol=34% | persist=0s remain=740s | ○ NO_ENTER
19:47:40 INFO  | [ETH15m] [T:✗L:✓S:✓V:✓N:✓] ALL:✗ | prob=49.5% zone=neutral score=0.48 | spread=2.0% depth=$44694 vol=51% | persist=0s remain=740s | ○ NO_ENTER
19:47:40 INFO  | [SOL15m] [T:✗L:✓S:✓V:✓N:✓] ALL:✗ | prob=65.5% zone=neutral score=0.31 | spread=1.5% depth=$22432 vol=59% | persist=0s remain=740s | ○ NO_ENTER
19:47:40 INFO  | [XRP15m] [T:✗L:✓S:✓V:✓N:✓] ALL:✗ | prob=49.0% zone=neutral score=0.45 | spread=4.1% depth=$35233 vol=50% | persist=0s remain=740s | ○ NO_ENTER
19:47:41 INFO  | [BTC15m] [T:✗L:✓S:✓V:✓N:✓] ALL:✗ | prob=55.5% zone=neutral score=0.43 | spread=1.8% depth=$72215 vol=34% | persist=0s remain=739s | ○ NO_ENTER
19:47:41 INFO  | [ETH15m] [T:✗L:✓S:✓V:✓N:✓] ALL:✗ | prob=52.5% zone=neutral score=0.40 | spread=1.9% depth=$27881 vol=51% | persist=0s remain=739s | ○ NO_ENTER
19:47:41 INFO  | [SOL15m] [T:✗L:✓S:✓V:✓N:✓] ALL:✗ | prob=65.5% zone=neutral score=0.35 | spread=1.5% depth=$22700 vol=59% | persist=0s remain=739s | ○ NO_ENTER
19:47:41 INFO  | [XRP15m] [T:✗L:✓S:✓V:✓N:✓] ALL:✗ | prob=49.0% zone=neutral score=0.48 | spread=4.1% depth=$35288 vol=50% | persist=0s remain=739s | ○ NO_ENTER
19:47:42 INFO  | [BTC15m] [T:✗L:✓S:✓V:✓N:✓] ALL:✗ | prob=55.5% zone=neutral score=0.44 | spread=1.8% depth=$72292 vol=34% | persist=0s remain=738s | ○ NO_ENTER
19:47:42 INFO  | [ETH15m] [T:✗L:✓S:✓V:✓N:✓] ALL:✗ | prob=52.5% zone=neutral score=0.46 | spread=1.9% depth=$28554 vol=51% | persist=0s remain=738s | ○ NO_ENTER
19:47:42 INFO  | [SOL15m] [T:✗L:✓S:✓V:✓N:✓] ALL:✗ | prob=65.5% zone=neutral score=0.36 | spread=1.5% depth=$22840 vol=59% | persist=0s remain=738s | ○ NO_ENTER
19:47:42 INFO  | [XRP15m] [T:✗L:✓S:✓V:✓N:✓] ALL:✗ | prob=49.0% zone=neutral score=0.47 | spread=4.1% depth=$35339 vol=50% | persist=0s remain=738s | ○ NO_ENTER
19:47:43 INFO  | [BTC15m] [T:✗L:✓S:✓V:✓N:✓] ALL:✗ | prob=55.5% zone=neutral score=0.43 | spread=1.8% depth=$72279 vol=34% | persist=0s remain=737s | ○ NO_ENTER
19:47:43 INFO  | [ETH15m] [T:✗L:✓S:✓V:✓N:✓] ALL:✗ | prob=52.5% zone=neutral score=0.42 | spread=1.9% depth=$28653 vol=51% | persist=0s remain=737s | ○ NO_ENTER
19:47:43 INFO  | [SOL15m] [T:✗L:✓S:✓V:✓N:✓] ALL:✗ | prob=65.5% zone=neutral score=0.35 | spread=1.5% depth=$22881 vol=59% | persist=0s remain=737s | ○ NO_ENTER
19:47:43 INFO  | [XRP15m] [T:✗L:✓S:✓V:✓N:✓] ALL:✗ | prob=49.0% zone=neutral score=0.48 | spread=4.1% depth=$35346 vol=50% | persist=0s remain=737s | ○ NO_ENTER
19:47:44 INFO  | [BTC15m] [T:✗L:✓S:✓V:✓N:✓] ALL:✗ | prob=55.5% zone=neutral score=0.44 | spread=1.8% depth=$71137 vol=34% | persist=0s remain=736s | ○ NO_ENTER
19:47:44 INFO  | [ETH15m] [T:✗L:✓S:✓V:✓N:✓] ALL:✗ | prob=51.5% zone=neutral score=0.54 | spread=1.9% depth=$33578 vol=51% | persist=0s remain=736s | ○ NO_ENTER
19:47:44 INFO  | [SOL15m] [T:✗L:✓S:✓V:✓N:✓] ALL:✗ | prob=65.5% zone=neutral score=0.31 | spread=1.5% depth=$22880 vol=59% | persist=0s remain=736s | ○ NO_ENTER
19:47:44 INFO  | [XRP15m] [T:✗L:✓S:✓V:✓N:✓] ALL:✗ | prob=49.0% zone=neutral score=0.47 | spread=4.1% depth=$35346 vol=50% | persist=0s remain=736s | ○ NO_ENTER
19:47:45 INFO  | [BTC15m] [T:✗L:✓S:✓V:✓N:✓] ALL:✗ | prob=55.5% zone=neutral score=0.44 | spread=1.8% depth=$72069 vol=34% | persist=0s remain=735s | ○ NO_ENTER
19:47:45 INFO  | [ETH15m] [T:✗L:✓S:✓V:✓N:✓] ALL:✗ | prob=51.5% zone=neutral score=0.49 | spread=1.9% depth=$33723 vol=51% | persist=0s remain=735s | ○ NO_ENTER
19:47:45 INFO  | [SOL15m] [T:✗L:✓S:✓V:✓N:✓] ALL:✗ | prob=65.5% zone=neutral score=0.35 | spread=1.5% depth=$22972 vol=59% | persist=0s remain=735s | ○ NO_ENTER
19:47:45 INFO  | [XRP15m] [T:✗L:✓S:✓V:✓N:✓] ALL:✗ | prob=49.0% zone=neutral score=0.48 | spread=4.1% depth=$35344 vol=50% | persist=0s remain=735s | ○ NO_ENTER
19:47:46 INFO  | [BTC15m] [T:✗L:✓S:✓V:✓N:✓] ALL:✗ | prob=55.5% zone=neutral score=0.44 | spread=1.8% depth=$71699 vol=34% | persist=0s remain=734s | ○ NO_ENTER
19:47:46 INFO  | [ETH15m] [T:✗L:✓S:✓V:✓N:✓] ALL:✗ | prob=51.5% zone=neutral score=0.50 | spread=1.9% depth=$33489 vol=51% | persist=0s remain=734s | ○ NO_ENTER
19:47:46 INFO  | [SOL15m] [T:✗L:✓S:✓V:✓N:✓] ALL:✗ | prob=65.5% zone=neutral score=0.37 | spread=1.5% depth=$23295 vol=59% | persist=0s remain=734s | ○ NO_ENTER
19:47:46 INFO  | [XRP15m] [T:✗L:✓S:✓V:✓N:✓] ALL:✗ | prob=49.0% zone=neutral score=0.49 | spread=4.1% depth=$35344 vol=50% | persist=0s remain=734s | ○ NO_ENTER
19:47:47 INFO  | [BTC15m] [T:✗L:✓S:✓V:✓N:✓] ALL:✗ | prob=55.5% zone=neutral score=0.44 | spread=1.8% depth=$71629 vol=34% | persist=0s remain=733s | ○ NO_ENTER
19:47:47 INFO  | [ETH15m] [T:✗L:✓S:✓V:✓N:✓] ALL:✗ | prob=51.5% zone=neutral score=0.46 | spread=1.9% depth=$33634 vol=51% | persist=0s remain=733s | ○ NO_ENTER
19:47:47 INFO  | [SOL15m] [T:✗L:✓S:✓V:✓N:✓] ALL:✗ | prob=65.5% zone=neutral score=0.35 | spread=1.5% depth=$23270 vol=59% | persist=0s remain=733s | ○ NO_ENTER
19:47:47 INFO  | [XRP15m] [T:✗L:✓S:✓V:✓N:✓] ALL:✗ | prob=49.0% zone=neutral score=0.48 | spread=4.1% depth=$35377 vol=50% | persist=0s remain=733s | ○ NO_ENTER
19:47:48 INFO  | [BTC15m] [T:✗L:✓S:✓V:✓N:✓] ALL:✗ | prob=56.5% zone=neutral score=0.44 | spread=1.8% depth=$72067 vol=34% | persist=0s remain=732s | ○ NO_ENTER
19:47:48 INFO  | [ETH15m] [T:✗L:✓S:✓V:✓N:✓] ALL:✗ | prob=51.5% zone=neutral score=0.46 | spread=1.9% depth=$33390 vol=51% | persist=0s remain=732s | ○ NO_ENTER
19:47:48 INFO  | [SOL15m] [T:✗L:✓S:✓V:✓N:✓] ALL:✗ | prob=65.5% zone=neutral score=0.36 | spread=1.5% depth=$23295 vol=59% | persist=0s remain=732s | ○ NO_ENTER
19:47:48 INFO  | [XRP15m] [T:✗L:✓S:✓V:✓N:✓] ALL:✗ | prob=49.5% zone=neutral score=0.48 | spread=6.1% depth=$35402 vol=50% | persist=0s remain=732s | ○ NO_ENTER
19:47:49 INFO  | [BTC15m] [T:✗L:✓S:✓V:✓N:✓] ALL:✗ | prob=56.5% zone=neutral score=0.43 | spread=1.8% depth=$71869 vol=34% | persist=0s remain=731s | ○ NO_ENTER
19:47:49 INFO  | [ETH15m] [T:✗L:✓S:✓V:✓N:✓] ALL:✗ | prob=51.5% zone=neutral score=0.45 | spread=1.9% depth=$33854 vol=51% | persist=0s remain=731s | ○ NO_ENTER
19:47:49 INFO  | [SOL15m] [T:✗L:✓S:✓V:✓N:✓] ALL:✗ | prob=65.5% zone=neutral score=0.36 | spread=1.5% depth=$23295 vol=59% | persist=0s remain=731s | ○ NO_ENTER
19:47:49 INFO  | [XRP15m] [T:✗L:✓S:✓V:✓N:✓] ALL:✗ | prob=49.0% zone=neutral score=0.47 | spread=4.1% depth=$35402 vol=50% | persist=0s remain=731s | ○ NO_ENTER
19:47:49 INFO  | 📊 Balance: $100.00 | Open: 0 | Trades: 0 (W:0/L:0) | Win Rate: 0% | PnL: $+0.00 | ROI: +0.0%
19:47:50 INFO  | [BTC15m] [T:✗L:✓S:✓V:✓N:✓] ALL:✗ | prob=56.5% zone=neutral score=0.43 | spread=1.8% depth=$71601 vol=34% | persist=0s remain=730s | ○ NO_ENTER
19:47:50 INFO  | [ETH15m] [T:✗L:✓S:✓V:✓N:✓] ALL:✗ | prob=51.5% zone=neutral score=0.49 | spread=1.9% depth=$33781 vol=51% | persist=0s remain=730s | ○ NO_ENTER
19:47:50 INFO  | [SOL15m] [T:✗L:✓S:✓V:✓N:✓] ALL:✗ | prob=65.5% zone=neutral score=0.36 | spread=1.5% depth=$23295 vol=59% | persist=0s remain=730s | ○ NO_ENTER
19:47:50 INFO  | [XRP15m] [T:✗L:✓S:✓V:✓N:✓] ALL:✗ | prob=49.5% zone=neutral score=0.48 | spread=6.1% depth=$35415 vol=50% | persist=0s remain=730s | ○ NO_ENTER
19:47:51 INFO  | [BTC15m] [T:✗L:✓S:✓V:✓N:✓] ALL:✗ | prob=56.5% zone=neutral score=0.43 | spread=1.8% depth=$71726 vol=34% | persist=0s remain=729s | ○ NO_ENTER
19:47:51 INFO  | [ETH15m] [T:✗L:✓S:✓V:✓N:✓] ALL:✗ | prob=51.5% zone=neutral score=0.49 | spread=1.9% depth=$33646 vol=51% | persist=0s remain=729s | ○ NO_ENTER
19:47:51 INFO  | [SOL15m] [T:✗L:✓S:✓V:✓N:✓] ALL:✗ | prob=65.5% zone=neutral score=0.36 | spread=1.5% depth=$23331 vol=59% | persist=0s remain=729s | ○ NO_ENTER
19:47:51 INFO  | [XRP15m] [T:✗L:✓S:✓V:✓N:✓] ALL:✗ | prob=49.0% zone=neutral score=0.48 | spread=4.1% depth=$35453 vol=50% | persist=0s remain=729s | ○ NO_ENTER
19:47:52 INFO  | [BTC15m] [T:✗L:✓S:✓V:✓N:✓] ALL:✗ | prob=56.5% zone=neutral score=0.42 | spread=1.8% depth=$69993 vol=34% | persist=0s remain=728s | ○ NO_ENTER
19:47:52 INFO  | [ETH15m] [T:✗L:✓S:✓V:✓N:✓] ALL:✗ | prob=51.5% zone=neutral score=0.45 | spread=1.9% depth=$33552 vol=51% | persist=0s remain=728s | ○ NO_ENTER
19:47:52 INFO  | [SOL15m] [T:✗L:✓S:✓V:✓N:✓] ALL:✗ | prob=65.5% zone=neutral score=0.33 | spread=1.5% depth=$22881 vol=59% | persist=0s remain=728s | ○ NO_ENTER
19:47:52 INFO  | [XRP15m] [T:✗L:✓S:✓V:✓N:✓] ALL:✗ | prob=50.5% zone=neutral score=0.46 | spread=2.0% depth=$35229 vol=50% | persist=0s remain=728s | ○ NO_ENTER
19:47:53 INFO  | [BTC15m] [T:✗L:✓S:✓V:✓N:✓] ALL:✗ | prob=60.5% zone=neutral score=0.44 | spread=1.7% depth=$67491 vol=34% | persist=0s remain=727s | ○ NO_ENTER
19:47:53 INFO  | [ETH15m] [T:✗L:✓S:✓V:✓N:✓] ALL:✗ | prob=53.5% zone=neutral score=0.31 | spread=1.9% depth=$26808 vol=51% | persist=0s remain=727s | ○ NO_ENTER
19:47:53 INFO  | [SOL15m] [T:✗L:✓S:✓V:✓N:✓] ALL:✗ | prob=69.5% zone=neutral score=0.31 | spread=1.4% depth=$22672 vol=59% | persist=0s remain=727s | ○ NO_ENTER
19:47:53 INFO  | [XRP15m] [T:✗L:✓S:✓V:✓N:✓] ALL:✗ | prob=50.5% zone=neutral score=0.44 | spread=2.0% depth=$35261 vol=50% | persist=0s remain=727s | ○ NO_ENTER
19:47:54 INFO  | [BTC15m] [T:✗L:✓S:✓V:✓N:✓] ALL:✗ | prob=57.5% zone=neutral score=0.39 | spread=1.7% depth=$68441 vol=34% | persist=0s remain=726s | ○ NO_ENTER
19:47:54 INFO  | [ETH15m] [T:✗L:✓S:✓V:✓N:✓] ALL:✗ | prob=53.5% zone=neutral score=0.39 | spread=1.9% depth=$25867 vol=51% | persist=0s remain=726s | ○ NO_ENTER
19:47:54 INFO  | [SOL15m] [T:✗L:✓S:✓V:✓N:✓] ALL:✗ | prob=69.5% zone=neutral score=0.36 | spread=1.4% depth=$22769 vol=59% | persist=0s remain=726s | ○ NO_ENTER
19:47:54 INFO  | [XRP15m] [T:✗L:✓S:✓V:✓N:✓] ALL:✗ | prob=50.0% zone=neutral score=0.43 | spread=4.0% depth=$35378 vol=50% | persist=0s remain=726s | ○ NO_ENTER
19:47:55 INFO  | [BTC15m] [T:✗L:✓S:✓V:✓N:✓] ALL:✗ | prob=59.5% zone=neutral score=0.45 | spread=1.7% depth=$67555 vol=34% | persist=0s remain=725s | ○ NO_ENTER
19:47:55 INFO  | [ETH15m] [T:✗L:✓S:✓V:✓N:✓] ALL:✗ | prob=53.5% zone=neutral score=0.39 | spread=1.9% depth=$27008 vol=51% | persist=0s remain=725s | ○ NO_ENTER
19:47:55 INFO  | [SOL15m] [T:✗L:✓S:✓V:✓N:✓] ALL:✗ | prob=69.5% zone=neutral score=0.35 | spread=1.4% depth=$22866 vol=59% | persist=0s remain=725s | ○ NO_ENTER
19:47:55 INFO  | [XRP15m] [T:✗L:✓S:✓V:✓N:✓] ALL:✗ | prob=50.0% zone=neutral score=0.44 | spread=4.0% depth=$35312 vol=50% | persist=0s remain=725s | ○ NO_ENTER
19:47:56 INFO  | [BTC15m] [T:✗L:✓S:✓V:✓N:✓] ALL:✗ | prob=59.5% zone=neutral score=0.45 | spread=1.7% depth=$68007 vol=34% | persist=0s remain=724s | ○ NO_ENTER
19:47:56 INFO  | [ETH15m] [T:✗L:✓S:✓V:✓N:✓] ALL:✗ | prob=53.5% zone=neutral score=0.40 | spread=1.9% depth=$26500 vol=51% | persist=0s remain=724s | ○ NO_ENTER
19:47:56 INFO  | [SOL15m] [T:✗L:✓S:✓V:✓N:✓] ALL:✗ | prob=69.5% zone=neutral score=0.36 | spread=1.4% depth=$22788 vol=59% | persist=0s remain=724s | ○ NO_ENTER
19:47:56 INFO  | [XRP15m] [T:✗L:✓S:✓V:✓N:✓] ALL:✗ | prob=50.0% zone=neutral score=0.44 | spread=4.0% depth=$35434 vol=50% | persist=0s remain=724s | ○ NO_ENTER
19:47:57 INFO  | [BTC15m] [T:✗L:✓S:✓V:✓N:✓] ALL:✗ | prob=60.5% zone=neutral score=0.40 | spread=1.7% depth=$61075 vol=34% | persist=0s remain=723s | ○ NO_ENTER
19:47:57 INFO  | [ETH15m] [T:✗L:✓S:✓V:✓N:✓] ALL:✗ | prob=53.5% zone=neutral score=0.39 | spread=1.9% depth=$27278 vol=51% | persist=0s remain=723s | ○ NO_ENTER
19:47:57 INFO  | [SOL15m] [T:✗L:✓S:✓V:✓N:✓] ALL:✗ | prob=69.5% zone=neutral score=0.36 | spread=1.4% depth=$22767 vol=59% | persist=0s remain=723s | ○ NO_ENTER
19:47:57 INFO  | [XRP15m] [T:✗L:✓S:✓V:✓N:✓] ALL:✗ | prob=50.5% zone=neutral score=0.47 | spread=2.0% depth=$35359 vol=50% | persist=0s remain=723s | ○ NO_ENTER
19:47:58 INFO  | [BTC15m] [T:✗L:✓S:✓V:✓N:✓] ALL:✗ | prob=61.5% zone=neutral score=0.43 | spread=1.6% depth=$67548 vol=34% | persist=0s remain=722s | ○ NO_ENTER
19:47:58 INFO  | [ETH15m] [T:✗L:✓S:✓V:✓N:✓] ALL:✗ | prob=54.5% zone=neutral score=0.39 | spread=1.8% depth=$26995 vol=51% | persist=0s remain=722s | ○ NO_ENTER
19:47:58 INFO  | [SOL15m] [T:✗L:✓S:✓V:✓N:✓] ALL:✗ | prob=70.5% zone=neutral score=0.30 | spread=1.4% depth=$21770 vol=59% | persist=0s remain=722s | ○ NO_ENTER
19:47:58 INFO  | [XRP15m] [T:✗L:✓S:✓V:✓N:✓] ALL:✗ | prob=52.0% zone=neutral score=0.30 | spread=3.8% depth=$26083 vol=50% | persist=0s remain=722s | ○ NO_ENTER
19:47:59 INFO  | [BTC15m] [T:✗L:✓S:✓V:✓N:✓] ALL:✗ | prob=62.5% zone=neutral score=0.41 | spread=1.6% depth=$64601 vol=34% | persist=0s remain=721s | ○ NO_ENTER
19:47:59 INFO  | [ETH15m] [T:✗L:✓S:✓V:✓N:✓] ALL:✗ | prob=57.5% zone=neutral score=0.37 | spread=1.7% depth=$25936 vol=51% | persist=0s remain=721s | ○ NO_ENTER
19:47:59 INFO  | [SOL15m] [T:✗L:✓S:✓V:✓N:✓] ALL:✗ | prob=74.5% zone=neutral score=0.35 | spread=1.3% depth=$20401 vol=59% | persist=0s remain=721s | ○ NO_ENTER
19:47:59 INFO  | [XRP15m] [T:✗L:✓S:✓V:✓N:✓] ALL:✗ | prob=54.5% zone=neutral score=0.30 | spread=1.8% depth=$20280 vol=50% | persist=0s remain=721s | ○ NO_ENTER
19:48:00 INFO  | [BTC15m] [T:✗L:✓S:✓V:✓N:✓] ALL:✗ | prob=64.5% zone=neutral score=0.32 | spread=4.7% depth=$56937 vol=34% | persist=0s remain=720s | ○ NO_ENTER
19:48:00 INFO  | [ETH15m] [T:✗L:✓S:✓V:✓N:✓] ALL:✗ | prob=59.5% zone=neutral score=0.38 | spread=1.7% depth=$25384 vol=51% | persist=0s remain=720s | ○ NO_ENTER
19:48:00 INFO  | [SOL15m] [T:✗L:✓S:✓V:✓N:✓] ALL:✗ | prob=79.5% zone=neutral score=0.38 | spread=1.3% depth=$20678 vol=59% | persist=0s remain=720s | ○ NO_ENTER
19:48:00 INFO  | [XRP15m] [T:✗L:✓S:✓V:✓N:✓] ALL:✗ | prob=57.5% zone=neutral score=0.35 | spread=1.7% depth=$19695 vol=50% | persist=0s remain=720s | ○ NO_ENTER
19:48:01 INFO  | [BTC15m] [T:✗L:✓S:✓V:✓N:✓] ALL:✗ | prob=65.5% zone=neutral score=0.40 | spread=1.5% depth=$60191 vol=34% | persist=0s remain=719s | ○ NO_ENTER
19:48:01 INFO  | [ETH15m] [T:✗L:✓S:✓V:✓N:✓] ALL:✗ | prob=63.5% zone=neutral score=0.38 | spread=1.6% depth=$23846 vol=51% | persist=0s remain=719s | ○ NO_ENTER
19:48:01 INFO  | [SOL15m] [T:✗L:✓S:✓V:✓N:✓] ALL:✗ | prob=79.5% zone=neutral score=0.40 | spread=1.3% depth=$19662 vol=59% | persist=0s remain=719s | ○ NO_ENTER
19:48:01 INFO  | [XRP15m] [T:✗L:✓S:✓V:✓N:✓] ALL:✗ | prob=62.5% zone=neutral score=0.37 | spread=1.6% depth=$19379 vol=50% | persist=0s remain=719s | ○ NO_ENTER
19:48:02 INFO  | [BTC15m] [T:✗L:✓S:✓V:✓N:✓] ALL:✗ | prob=69.5% zone=neutral score=0.47 | spread=1.4% depth=$65036 vol=43% | persist=0s remain=718s | ○ NO_ENTER
19:48:02 INFO  | [ETH15m] [T:✗L:✓S:✓V:✓N:✓] ALL:✗ | prob=63.5% zone=neutral score=0.41 | spread=1.6% depth=$24459 vol=51% | persist=0s remain=718s | ○ NO_ENTER
19:48:02 INFO  | [SOL15m] [T:✗L:✓S:✓V:✓N:✓] ALL:✗ | prob=79.5% zone=neutral score=0.35 | spread=1.3% depth=$19827 vol=78% | persist=0s remain=717s | ○ NO_ENTER
19:48:02 INFO  | [XRP15m] [T:✗L:✓S:✓V:✓N:✓] ALL:✗ | prob=63.5% zone=neutral score=0.36 | spread=1.6% depth=$19695 vol=50% | persist=0s remain=717s | ○ NO_ENTER
19:48:03 INFO  | [BTC15m] [T:✗L:✓S:✓V:✓N:✓] ALL:✗ | prob=71.5% zone=neutral score=0.43 | spread=1.4% depth=$64874 vol=43% | persist=0s remain=717s | ○ NO_ENTER
19:48:03 INFO  | [ETH15m] [T:✗L:✓S:✓V:✓N:✓] ALL:✗ | prob=67.5% zone=neutral score=0.36 | spread=1.5% depth=$24857 vol=51% | persist=0s remain=717s | ○ NO_ENTER
19:48:03 INFO  | [SOL15m] [T:✗L:✓S:✓V:✓N:✓] ALL:✗ | prob=79.5% zone=neutral score=0.35 | spread=1.3% depth=$19827 vol=78% | persist=0s remain=717s | ○ NO_ENTER
19:48:03 INFO  | [XRP15m] [T:✗L:✓S:✓V:✓N:✓] ALL:✗ | prob=63.5% zone=neutral score=0.36 | spread=1.6% depth=$19695 vol=50% | persist=0s remain=717s | ○ NO_ENTER
19:48:04 INFO  | [BTC15m] [T:✗L:✓S:✓V:✓N:✓] ALL:✗ | prob=72.5% zone=neutral score=0.44 | spread=1.4% depth=$63857 vol=43% | persist=0s remain=716s | ○ NO_ENTER
19:48:04 INFO  | [ETH15m] [T:✗L:✓S:✓V:✓N:✓] ALL:✗ | prob=65.5% zone=neutral score=0.38 | spread=1.5% depth=$24720 vol=51% | persist=0s remain=716s | ○ NO_ENTER
19:48:04 INFO  | [SOL15m] [T:✗L:✓S:✓V:✓N:✓] ALL:✗ | prob=79.5% zone=neutral score=0.34 | spread=1.3% depth=$20026 vol=78% | persist=0s remain=716s | ○ NO_ENTER
19:48:04 INFO  | [XRP15m] [T:✗L:✓S:✓V:✓N:✓] ALL:✗ | prob=65.5% zone=neutral score=0.34 | spread=1.5% depth=$20073 vol=54% | persist=0s remain=716s | ○ NO_ENTER
