19:48:13 INFO  | ============================================================
19:48:13 INFO  | 📈 PAPER TRADING BOT
19:48:13 INFO  | ============================================================
19:48:13 INFO  | Coins: BTC, ETH, SOL, XRP
19:48:13 INFO  | Data: /root/bookpoly/data/raw/books
19:48:13 INFO  | 
19:48:13 INFO  | Parâmetros (docs/LOGICA_BOT.md):
19:48:13 INFO  |   Bankroll: $100
19:48:13 INFO  |   Size/trade: $5 (fixo)
19:48:13 INFO  |   Max trades/dia: 20
19:48:13 INFO  |   Max perda/dia: $25
19:48:13 INFO  |   Max posições: 3
19:48:13 INFO  |   Time Gate: 30s-240s
19:48:13 INFO  |   Spread Gate: ≤10%
19:48:13 INFO  |   Volatility Gate: ≤100%
19:48:13 INFO  |   Min Depth: $300
19:48:13 INFO  |   Forced Entry: prob≥95% + ≤2min
19:48:13 INFO  | ============================================================
19:48:13 INFO  | [BTC15m] [T:✗L:✓S:✓V:✓N:✓] ALL:✗ | prob=66.5% zone=neutral score=0.43 | spread=1.5% depth=$65381 vol=43% | persist=0s remain=707s | ○ NO_ENTER
19:48:13 INFO  | [ETH15m] [T:✗L:✓S:✓V:✓N:✓] ALL:✗ | prob=57.5% zone=neutral score=0.36 | spread=1.7% depth=$27559 vol=65% | persist=0s remain=707s | ○ NO_ENTER
19:48:13 INFO  | [SOL15m] [T:✗L:✓S:✓V:✓N:✓] ALL:✗ | prob=71.5% zone=neutral score=0.29 | spread=1.4% depth=$21290 vol=78% | persist=0s remain=707s | ○ NO_ENTER
19:48:14 INFO  | [XRP15m] [T:✗L:✓S:✓V:✓N:✓] ALL:✗ | prob=63.5% zone=neutral score=0.40 | spread=1.6% depth=$20085 vol=54% | persist=0s remain=707s | ○ NO_ENTER
19:48:14 INFO  | [BTC15m] [T:✗L:✓S:✓V:✓N:✓] ALL:✗ | prob=66.5% zone=neutral score=0.43 | spread=1.5% depth=$65036 vol=43% | persist=0s remain=706s | ○ NO_ENTER
19:48:14 INFO  | [ETH15m] [T:✗L:✓S:✓V:✓N:✓] ALL:✗ | prob=59.5% zone=neutral score=0.36 | spread=1.7% depth=$27407 vol=65% | persist=0s remain=705s | ○ NO_ENTER
19:48:15 INFO  | [SOL15m] [T:✗L:✓S:✓V:✓N:✓] ALL:✗ | prob=72.5% zone=neutral score=0.30 | spread=1.4% depth=$21033 vol=78% | persist=0s remain=705s | ○ NO_ENTER
19:48:15 INFO  | [XRP15m] [T:✗L:✓S:✓V:✓N:✓] ALL:✗ | prob=64.5% zone=neutral score=0.37 | spread=1.6% depth=$20195 vol=54% | persist=0s remain=705s | ○ NO_ENTER
19:48:15 INFO  | [BTC15m] [T:✗L:✓S:✓V:✓N:✓] ALL:✗ | prob=66.5% zone=neutral score=0.42 | spread=1.5% depth=$65881 vol=43% | persist=0s remain=705s | ○ NO_ENTER
19:48:15 INFO  | [ETH15m] [T:✗L:✓S:✓V:✓N:✓] ALL:✗ | prob=59.5% zone=neutral score=0.38 | spread=1.7% depth=$27382 vol=65% | persist=0s remain=704s | ○ NO_ENTER
19:48:16 INFO  | [SOL15m] [T:✗L:✓S:✓V:✓N:✓] ALL:✗ | prob=72.5% zone=neutral score=0.31 | spread=1.4% depth=$21052 vol=78% | persist=0s remain=704s | ○ NO_ENTER
19:48:16 INFO  | [XRP15m] [T:✗L:✓S:✓V:✓N:✓] ALL:✗ | prob=63.5% zone=neutral score=0.39 | spread=1.6% depth=$20232 vol=54% | persist=0s remain=704s | ○ NO_ENTER
19:48:16 INFO  | [BTC15m] [T:✗L:✓S:✓V:✓N:✓] ALL:✗ | prob=66.5% zone=neutral score=0.44 | spread=1.5% depth=$66194 vol=43% | persist=0s remain=704s | ○ NO_ENTER
19:48:16 INFO  | [ETH15m] [T:✗L:✓S:✓V:✓N:✓] ALL:✗ | prob=59.5% zone=neutral score=0.35 | spread=1.7% depth=$27633 vol=65% | persist=0s remain=703s | ○ NO_ENTER
19:48:17 INFO  | [SOL15m] [T:✗L:✓S:✓V:✓N:✓] ALL:✗ | prob=72.5% zone=neutral score=0.32 | spread=1.4% depth=$21100 vol=78% | persist=0s remain=703s | ○ NO_ENTER
19:48:17 INFO  | [XRP15m] [T:✗L:✓S:✓V:✓N:✓] ALL:✗ | prob=63.5% zone=neutral score=0.39 | spread=1.6% depth=$20304 vol=54% | persist=0s remain=703s | ○ NO_ENTER
19:48:17 INFO  | [BTC15m] [T:✗L:✓S:✓V:✓N:✓] ALL:✗ | prob=66.5% zone=neutral score=0.45 | spread=1.5% depth=$66412 vol=43% | persist=0s remain=703s | ○ NO_ENTER
19:48:17 INFO  | [ETH15m] [T:✗L:✓S:✓V:✓N:✓] ALL:✗ | prob=59.5% zone=neutral score=0.35 | spread=1.7% depth=$27633 vol=65% | persist=0s remain=703s | ○ NO_ENTER
19:48:18 INFO  | [SOL15m] [T:✗L:✓S:✓V:✓N:✓] ALL:✗ | prob=72.5% zone=neutral score=0.30 | spread=1.4% depth=$21159 vol=78% | persist=0s remain=702s | ○ NO_ENTER
19:48:18 INFO  | [XRP15m] [T:✗L:✓S:✓V:✓N:✓] ALL:✗ | prob=64.5% zone=neutral score=0.38 | spread=1.6% depth=$20129 vol=54% | persist=0s remain=702s | ○ NO_ENTER
19:48:19 INFO  | [BTC15m] [T:✗L:✓S:✓V:✓N:✓] ALL:✗ | prob=66.5% zone=neutral score=0.45 | spread=1.5% depth=$64923 vol=43% | persist=0s remain=701s | ○ NO_ENTER
19:48:19 INFO  | [ETH15m] [T:✗L:✓S:✓V:✓N:✓] ALL:✗ | prob=59.5% zone=neutral score=0.36 | spread=1.7% depth=$27581 vol=65% | persist=0s remain=701s | ○ NO_ENTER
19:48:19 INFO  | [SOL15m] [T:✗L:✓S:✓V:✓N:✓] ALL:✗ | prob=72.5% zone=neutral score=0.31 | spread=1.4% depth=$21249 vol=78% | persist=0s remain=701s | ○ NO_ENTER
19:48:19 INFO  | [XRP15m] [T:✗L:✓S:✓V:✓N:✓] ALL:✗ | prob=64.5% zone=neutral score=0.38 | spread=1.6% depth=$20209 vol=54% | persist=0s remain=701s | ○ NO_ENTER
19:48:19 INFO  | [BTC15m] [T:✗L:✓S:✓V:✓N:✓] ALL:✗ | prob=66.5% zone=neutral score=0.45 | spread=1.5% depth=$64923 vol=43% | persist=0s remain=701s | ○ NO_ENTER
19:48:20 INFO  | [ETH15m] [T:✗L:✓S:✓V:✓N:✓] ALL:✗ | prob=59.5% zone=neutral score=0.36 | spread=1.7% depth=$27581 vol=65% | persist=0s remain=701s | ○ NO_ENTER
19:48:20 INFO  | [SOL15m] [T:✗L:✓S:✓V:✓N:✓] ALL:✗ | prob=72.5% zone=neutral score=0.31 | spread=1.4% depth=$21244 vol=78% | persist=0s remain=700s | ○ NO_ENTER
19:48:20 INFO  | [XRP15m] [T:✗L:✓S:✓V:✓N:✓] ALL:✗ | prob=64.0% zone=neutral score=0.33 | spread=3.1% depth=$20157 vol=54% | persist=0s remain=700s | ○ NO_ENTER
19:48:20 INFO  | [BTC15m] [T:✗L:✓S:✓V:✓N:✓] ALL:✗ | prob=64.5% zone=neutral score=0.40 | spread=1.6% depth=$66418 vol=43% | persist=0s remain=700s | ○ NO_ENTER
19:48:20 INFO  | [ETH15m] [T:✗L:✓S:✓V:✓N:✓] ALL:✗ | prob=59.5% zone=neutral score=0.37 | spread=1.7% depth=$27127 vol=65% | persist=0s remain=699s | ○ NO_ENTER
19:48:21 INFO  | [SOL15m] [T:✗L:✓S:✓V:✓N:✓] ALL:✗ | prob=72.5% zone=neutral score=0.31 | spread=1.4% depth=$21552 vol=78% | persist=0s remain=699s | ○ NO_ENTER
19:48:21 INFO  | [XRP15m] [T:✗L:✓S:✓V:✓N:✓] ALL:✗ | prob=63.5% zone=neutral score=0.39 | spread=1.6% depth=$20102 vol=54% | persist=0s remain=699s | ○ NO_ENTER
19:48:21 INFO  | [BTC15m] [T:✗L:✓S:✓V:✓N:✓] ALL:✗ | prob=64.5% zone=neutral score=0.42 | spread=1.6% depth=$66758 vol=43% | persist=0s remain=699s | ○ NO_ENTER
19:48:22 INFO  | [ETH15m] [T:✗L:✓S:✓V:✓N:✓] ALL:✗ | prob=59.5% zone=neutral score=0.37 | spread=1.7% depth=$27127 vol=65% | persist=0s remain=699s | ○ NO_ENTER
19:48:22 INFO  | [SOL15m] [T:✗L:✓S:✓V:✓N:✓] ALL:✗ | prob=72.5% zone=neutral score=0.31 | spread=1.4% depth=$21552 vol=78% | persist=0s remain=699s | ○ NO_ENTER
19:48:22 INFO  | [XRP15m] [T:✗L:✓S:✓V:✓N:✓] ALL:✗ | prob=63.5% zone=neutral score=0.39 | spread=1.6% depth=$20102 vol=54% | persist=0s remain=699s | ○ NO_ENTER
19:48:22 INFO  | [BTC15m] [T:✗L:✓S:✓V:✓N:✓] ALL:✗ | prob=64.5% zone=neutral score=0.41 | spread=1.6% depth=$67666 vol=43% | persist=0s remain=698s | ○ NO_ENTER
19:48:23 INFO  | [ETH15m] [T:✗L:✓S:✓V:✓N:✓] ALL:✗ | prob=59.5% zone=neutral score=0.37 | spread=1.7% depth=$27201 vol=65% | persist=0s remain=698s | ○ NO_ENTER
19:48:23 INFO  | [SOL15m] [T:✗L:✓S:✓V:✓N:✓] ALL:✗ | prob=72.5% zone=neutral score=0.32 | spread=1.4% depth=$21592 vol=78% | persist=0s remain=697s | ○ NO_ENTER
19:48:23 INFO  | [XRP15m] [T:✗L:✓S:✓V:✓N:✓] ALL:✗ | prob=63.5% zone=neutral score=0.38 | spread=1.6% depth=$20112 vol=54% | persist=0s remain=697s | ○ NO_ENTER
19:48:23 INFO  | [BTC15m] [T:✗L:✓S:✓V:✓N:✓] ALL:✗ | prob=64.5% zone=neutral score=0.42 | spread=1.6% depth=$66918 vol=43% | persist=0s remain=697s | ○ NO_ENTER
19:48:24 INFO  | [ETH15m] [T:✗L:✓S:✓V:✓N:✓] ALL:✗ | prob=59.5% zone=neutral score=0.38 | spread=1.7% depth=$27235 vol=65% | persist=0s remain=697s | ○ NO_ENTER
19:48:24 INFO  | [SOL15m] [T:✗L:✓S:✓V:✓N:✓] ALL:✗ | prob=72.5% zone=neutral score=0.32 | spread=1.4% depth=$21592 vol=78% | persist=0s remain=697s | ○ NO_ENTER
19:48:24 INFO  | [XRP15m] [T:✗L:✓S:✓V:✓N:✓] ALL:✗ | prob=63.5% zone=neutral score=0.39 | spread=1.6% depth=$20136 vol=54% | persist=0s remain=696s | ○ NO_ENTER
19:48:25 INFO  | [BTC15m] [T:✗L:✓S:✓V:✓N:✓] ALL:✗ | prob=64.5% zone=neutral score=0.41 | spread=1.6% depth=$66977 vol=43% | persist=0s remain=696s | ○ NO_ENTER
19:48:25 INFO  | [ETH15m] [T:✗L:✓S:✓V:✓N:✓] ALL:✗ | prob=59.5% zone=neutral score=0.35 | spread=1.7% depth=$27625 vol=65% | persist=0s remain=696s | ○ NO_ENTER
19:48:25 INFO  | [SOL15m] [T:✗L:✓S:✓V:✓N:✓] ALL:✗ | prob=72.5% zone=neutral score=0.32 | spread=1.4% depth=$21596 vol=78% | persist=0s remain=695s | ○ NO_ENTER
19:48:25 INFO  | [XRP15m] [T:✗L:✓S:✓V:✓N:✓] ALL:✗ | prob=63.5% zone=neutral score=0.40 | spread=1.6% depth=$20298 vol=54% | persist=0s remain=695s | ○ NO_ENTER
19:48:26 INFO  | [BTC15m] [T:✗L:✓S:✓V:✓N:✓] ALL:✗ | prob=64.5% zone=neutral score=0.40 | spread=1.6% depth=$67108 vol=43% | persist=0s remain=695s | ○ NO_ENTER
19:48:26 INFO  | [ETH15m] [T:✗L:✓S:✓V:✓N:✓] ALL:✗ | prob=59.5% zone=neutral score=0.37 | spread=1.7% depth=$27271 vol=65% | persist=0s remain=695s | ○ NO_ENTER
19:48:26 INFO  | [SOL15m] [T:✗L:✓S:✓V:✓N:✓] ALL:✗ | prob=72.5% zone=neutral score=0.31 | spread=1.4% depth=$21327 vol=78% | persist=0s remain=694s | ○ NO_ENTER
19:48:26 INFO  | [XRP15m] [T:✗L:✓S:✓V:✓N:✓] ALL:✗ | prob=64.5% zone=neutral score=0.38 | spread=1.6% depth=$20152 vol=54% | persist=0s remain=694s | ○ NO_ENTER
19:48:26 INFO  | [BTC15m] [T:✗L:✓S:✓V:✓N:✓] ALL:✗ | prob=67.5% zone=neutral score=0.43 | spread=1.5% depth=$65353 vol=43% | persist=0s remain=694s | ○ NO_ENTER
19:48:27 INFO  | [ETH15m] [T:✗L:✓S:✓V:✓N:✓] ALL:✗ | prob=59.5% zone=neutral score=0.36 | spread=1.7% depth=$26591 vol=65% | persist=0s remain=694s | ○ NO_ENTER
19:48:27 INFO  | [SOL15m] [T:✗L:✓S:✓V:✓N:✓] ALL:✗ | prob=72.5% zone=neutral score=0.30 | spread=1.4% depth=$21327 vol=78% | persist=0s remain=694s | ○ NO_ENTER
19:48:27 INFO  | [XRP15m] [T:✗L:✓S:✓V:✓N:✓] ALL:✗ | prob=64.5% zone=neutral score=0.38 | spread=1.6% depth=$19966 vol=54% | persist=0s remain=693s | ○ NO_ENTER
19:48:27 INFO  | [BTC15m] [T:✗L:✓S:✓V:✓N:✓] ALL:✗ | prob=68.5% zone=neutral score=0.45 | spread=1.5% depth=$65511 vol=43% | persist=0s remain=693s | ○ NO_ENTER
19:48:28 INFO  | [ETH15m] [T:✗L:✓S:✓V:✓N:✓] ALL:✗ | prob=59.5% zone=neutral score=0.36 | spread=1.7% depth=$27372 vol=65% | persist=0s remain=693s | ○ NO_ENTER
19:48:28 INFO  | [SOL15m] [T:✗L:✓S:✓V:✓N:✓] ALL:✗ | prob=72.5% zone=neutral score=0.30 | spread=1.4% depth=$21327 vol=78% | persist=0s remain=693s | ○ NO_ENTER
19:48:28 INFO  | [XRP15m] [T:✗L:✓S:✓V:✓N:✓] ALL:✗ | prob=64.5% zone=neutral score=0.38 | spread=1.6% depth=$19966 vol=54% | persist=0s remain=693s | ○ NO_ENTER
19:48:29 INFO  | [BTC15m] [T:✗L:✓S:✓V:✓N:✓] ALL:✗ | prob=68.5% zone=neutral score=0.45 | spread=1.5% depth=$65944 vol=43% | persist=0s remain=692s | ○ NO_ENTER
19:48:29 INFO  | [ETH15m] [T:✗L:✓S:✓V:✓N:✓] ALL:✗ | prob=59.5% zone=neutral score=0.33 | spread=1.7% depth=$26817 vol=65% | persist=0s remain=692s | ○ NO_ENTER
19:48:29 INFO  | [SOL15m] [T:✗L:✓S:✓V:✓N:✓] ALL:✗ | prob=72.5% zone=neutral score=0.34 | spread=1.4% depth=$21598 vol=78% | persist=0s remain=692s | ○ NO_ENTER
19:48:29 INFO  | [XRP15m] [T:✗L:✓S:✓V:✓N:✓] ALL:✗ | prob=64.5% zone=neutral score=0.36 | spread=1.6% depth=$20005 vol=54% | persist=0s remain=692s | ○ NO_ENTER
19:48:30 INFO  | [BTC15m] [T:✗L:✓S:✓V:✓N:✓] ALL:✗ | prob=68.5% zone=neutral score=0.45 | spread=1.5% depth=$65689 vol=43% | persist=0s remain=691s | ○ NO_ENTER
19:48:30 INFO  | [ETH15m] [T:✗L:✓S:✓V:✓N:✓] ALL:✗ | prob=59.5% zone=neutral score=0.36 | spread=1.7% depth=$27333 vol=65% | persist=0s remain=690s | ○ NO_ENTER
19:48:30 INFO  | [SOL15m] [T:✗L:✓S:✓V:✓N:✓] ALL:✗ | prob=72.0% zone=neutral score=0.30 | spread=2.8% depth=$20836 vol=78% | persist=0s remain=690s | ○ NO_ENTER
19:48:30 INFO  | [XRP15m] [T:✗L:✓S:✓V:✓N:✓] ALL:✗ | prob=64.5% zone=neutral score=0.38 | spread=1.6% depth=$19994 vol=54% | persist=0s remain=690s | ○ NO_ENTER
19:48:31 INFO  | [BTC15m] [T:✗L:✓S:✓V:✓N:✓] ALL:✗ | prob=68.5% zone=neutral score=0.45 | spread=1.5% depth=$65794 vol=43% | persist=0s remain=690s | ○ NO_ENTER
19:48:31 INFO  | [ETH15m] [T:✗L:✓S:✓V:✓N:✓] ALL:✗ | prob=59.5% zone=neutral score=0.37 | spread=1.7% depth=$27333 vol=65% | persist=0s remain=690s | ○ NO_ENTER
19:48:31 INFO  | [SOL15m] [T:✗L:✓S:✓V:✓N:✓] ALL:✗ | prob=72.0% zone=neutral score=0.32 | spread=2.8% depth=$20836 vol=78% | persist=0s remain=690s | ○ NO_ENTER
19:48:31 INFO  | [XRP15m] [T:✗L:✓S:✓V:✓N:✓] ALL:✗ | prob=64.5% zone=neutral score=0.38 | spread=1.6% depth=$20009 vol=54% | persist=0s remain=689s | ○ NO_ENTER
19:48:32 INFO  | [BTC15m] [T:✗L:✓S:✓V:✓N:✓] ALL:✗ | prob=68.5% zone=neutral score=0.46 | spread=1.5% depth=$64349 vol=43% | persist=0s remain=689s | ○ NO_ENTER
19:48:32 INFO  | [ETH15m] [T:✗L:✓S:✓V:✓N:✓] ALL:✗ | prob=56.5% zone=neutral score=0.39 | spread=1.8% depth=$28250 vol=65% | persist=0s remain=688s | ○ NO_ENTER
19:48:32 INFO  | [SOL15m] [T:✗L:✓S:✓V:✓N:✓] ALL:✗ | prob=66.5% zone=neutral score=0.38 | spread=1.5% depth=$22408 vol=78% | persist=0s remain=688s | ○ NO_ENTER
19:48:32 INFO  | [XRP15m] [T:✗L:✓S:✓V:✓N:✓] ALL:✗ | prob=62.5% zone=neutral score=0.36 | spread=1.6% depth=$20160 vol=54% | persist=0s remain=688s | ○ NO_ENTER
19:48:33 INFO  | [BTC15m] [T:✗L:✓S:✓V:✓N:✓] ALL:✗ | prob=67.5% zone=neutral score=0.44 | spread=1.5% depth=$66256 vol=43% | persist=0s remain=688s | ○ NO_ENTER
19:48:33 INFO  | [ETH15m] [T:✗L:✓S:✓V:✓N:✓] ALL:✗ | prob=56.5% zone=neutral score=0.39 | spread=1.8% depth=$28250 vol=65% | persist=0s remain=688s | ○ NO_ENTER
19:48:33 INFO  | [SOL15m] [T:✗L:✓S:✓V:✓N:✓] ALL:✗ | prob=66.5% zone=neutral score=0.38 | spread=1.5% depth=$22644 vol=78% | persist=0s remain=687s | ○ NO_ENTER
19:48:33 INFO  | [XRP15m] [T:✗L:✓S:✓V:✓N:✓] ALL:✗ | prob=61.5% zone=neutral score=0.34 | spread=4.9% depth=$20344 vol=54% | persist=0s remain=687s | ○ NO_ENTER
19:48:34 INFO  | [BTC15m] [T:✗L:✓S:✓V:✓N:✓] ALL:✗ | prob=67.5% zone=neutral score=0.45 | spread=1.5% depth=$66190 vol=43% | persist=0s remain=687s | ○ NO_ENTER
19:48:34 INFO  | [ETH15m] [T:✗L:✓S:✓V:✓N:✓] ALL:✗ | prob=56.5% zone=neutral score=0.40 | spread=1.8% depth=$28202 vol=65% | persist=0s remain=687s | ○ NO_ENTER
19:48:34 INFO  | [SOL15m] [T:✗L:✓S:✓V:✓N:✓] ALL:✗ | prob=66.5% zone=neutral score=0.38 | spread=1.5% depth=$22644 vol=78% | persist=0s remain=687s | ○ NO_ENTER
19:48:34 INFO  | [XRP15m] [T:✗L:✓S:✓V:✓N:✓] ALL:✗ | prob=61.5% zone=neutral score=0.37 | spread=1.6% depth=$20428 vol=54% | persist=0s remain=686s | ○ NO_ENTER
19:48:35 INFO  | [BTC15m] [T:✗L:✓S:✓V:✓N:✓] ALL:✗ | prob=67.5% zone=neutral score=0.45 | spread=1.5% depth=$66653 vol=43% | persist=0s remain=686s | ○ NO_ENTER
19:48:35 INFO  | [ETH15m] [T:✗L:✓S:✓V:✓N:✓] ALL:✗ | prob=56.5% zone=neutral score=0.37 | spread=1.8% depth=$28300 vol=65% | persist=0s remain=686s | ○ NO_ENTER
19:48:35 INFO  | [SOL15m] [T:✗L:✓S:✓V:✓N:✓] ALL:✗ | prob=66.5% zone=neutral score=0.37 | spread=1.5% depth=$22950 vol=78% | persist=0s remain=685s | ○ NO_ENTER
19:48:35 INFO  | [XRP15m] [T:✗L:✓S:✓V:✓N:✓] ALL:✗ | prob=61.5% zone=neutral score=0.36 | spread=1.6% depth=$20351 vol=54% | persist=0s remain=685s | ○ NO_ENTER
19:48:36 INFO  | [BTC15m] [T:✗L:✓S:✓V:✓N:✓] ALL:✗ | prob=66.5% zone=neutral score=0.44 | spread=1.5% depth=$65993 vol=43% | persist=0s remain=685s | ○ NO_ENTER
19:48:36 INFO  | [ETH15m] [T:✗L:✓S:✓V:✓N:✓] ALL:✗ | prob=55.5% zone=neutral score=0.37 | spread=1.8% depth=$28661 vol=65% | persist=0s remain=685s | ○ NO_ENTER
19:48:36 INFO  | [SOL15m] [T:✗L:✓S:✓V:✓N:✓] ALL:✗ | prob=66.5% zone=neutral score=0.36 | spread=1.5% depth=$22950 vol=78% | persist=0s remain=685s | ○ NO_ENTER
19:48:36 INFO  | [XRP15m] [T:✗L:✓S:✓V:✓N:✓] ALL:✗ | prob=61.5% zone=neutral score=0.38 | spread=1.6% depth=$20346 vol=54% | persist=0s remain=684s | ○ NO_ENTER
19:48:37 INFO  | [BTC15m] [T:✗L:✓S:✓V:✓N:✓] ALL:✗ | prob=66.5% zone=neutral score=0.44 | spread=1.5% depth=$66735 vol=43% | persist=0s remain=684s | ○ NO_ENTER
19:48:37 INFO  | [ETH15m] [T:✗L:✓S:✓V:✓N:✓] ALL:✗ | prob=55.5% zone=neutral score=0.38 | spread=1.8% depth=$28506 vol=65% | persist=0s remain=683s | ○ NO_ENTER
19:48:37 INFO  | [SOL15m] [T:✗L:✓S:✓V:✓N:✓] ALL:✗ | prob=66.5% zone=neutral score=0.36 | spread=1.5% depth=$23073 vol=78% | persist=0s remain=683s | ○ NO_ENTER
19:48:37 INFO  | [XRP15m] [T:✗L:✓S:✓V:✓N:✓] ALL:✗ | prob=61.5% zone=neutral score=0.39 | spread=1.6% depth=$20369 vol=54% | persist=0s remain=683s | ○ NO_ENTER
19:48:38 INFO  | [BTC15m] [T:✗L:✓S:✓V:✓N:✓] ALL:✗ | prob=66.5% zone=neutral score=0.43 | spread=1.5% depth=$66567 vol=43% | persist=0s remain=683s | ○ NO_ENTER
19:48:38 INFO  | [ETH15m] [T:✗L:✓S:✓V:✓N:✓] ALL:✗ | prob=55.5% zone=neutral score=0.37 | spread=1.8% depth=$28506 vol=65% | persist=0s remain=683s | ○ NO_ENTER
19:48:38 INFO  | [SOL15m] [T:✗L:✓S:✓V:✓N:✓] ALL:✗ | prob=66.5% zone=neutral score=0.33 | spread=1.5% depth=$22314 vol=78% | persist=0s remain=682s | ○ NO_ENTER
19:48:38 INFO  | [XRP15m] [T:✗L:✓S:✓V:✓N:✓] ALL:✗ | prob=62.5% zone=neutral score=0.36 | spread=1.6% depth=$20176 vol=54% | persist=0s remain=682s | ○ NO_ENTER
19:48:39 INFO  | [BTC15m] [T:✗L:✓S:✓V:✓N:✓] ALL:✗ | prob=66.5% zone=neutral score=0.43 | spread=1.5% depth=$66573 vol=43% | persist=0s remain=682s | ○ NO_ENTER
19:48:39 INFO  | [ETH15m] [T:✗L:✓S:✓V:✓N:✓] ALL:✗ | prob=55.5% zone=neutral score=0.37 | spread=1.8% depth=$28590 vol=65% | persist=0s remain=681s | ○ NO_ENTER
19:48:39 INFO  | [SOL15m] [T:✗L:✓S:✓V:✓N:✓] ALL:✗ | prob=68.5% zone=neutral score=0.33 | spread=1.5% depth=$22271 vol=78% | persist=0s remain=681s | ○ NO_ENTER
19:48:39 INFO  | [XRP15m] [T:✗L:✓S:✓V:✓N:✓] ALL:✗ | prob=62.5% zone=neutral score=0.35 | spread=1.6% depth=$20180 vol=54% | persist=0s remain=681s | ○ NO_ENTER
19:48:40 INFO  | [BTC15m] [T:✗L:✓S:✓V:✓N:✓] ALL:✗ | prob=66.5% zone=neutral score=0.43 | spread=1.5% depth=$66593 vol=43% | persist=0s remain=681s | ○ NO_ENTER
19:48:40 INFO  | [ETH15m] [T:✗L:✓S:✓V:✓N:✓] ALL:✗ | prob=53.5% zone=neutral score=0.38 | spread=1.9% depth=$29281 vol=65% | persist=0s remain=680s | ○ NO_ENTER
19:48:40 INFO  | [SOL15m] [T:✗L:✓S:✓V:✓N:✓] ALL:✗ | prob=68.5% zone=neutral score=0.31 | spread=1.5% depth=$22363 vol=78% | persist=0s remain=680s | ○ NO_ENTER
19:48:40 INFO  | [XRP15m] [T:✗L:✓S:✓V:✓N:✓] ALL:✗ | prob=62.5% zone=neutral score=0.36 | spread=1.6% depth=$20211 vol=54% | persist=0s remain=680s | ○ NO_ENTER
19:48:41 INFO  | [BTC15m] [T:✗L:✓S:✓V:✓N:✓] ALL:✗ | prob=66.5% zone=neutral score=0.43 | spread=1.5% depth=$66595 vol=43% | persist=0s remain=680s | ○ NO_ENTER
19:48:41 INFO  | [ETH15m] [T:✗L:✓S:✓V:✓N:✓] ALL:✗ | prob=53.5% zone=neutral score=0.38 | spread=1.9% depth=$29281 vol=65% | persist=0s remain=680s | ○ NO_ENTER
19:48:41 INFO  | [SOL15m] [T:✗L:✓S:✓V:✓N:✓] ALL:✗ | prob=68.5% zone=neutral score=0.32 | spread=1.5% depth=$22363 vol=78% | persist=0s remain=680s | ○ NO_ENTER
19:48:41 INFO  | [XRP15m] [T:✗L:✓S:✓V:✓N:✓] ALL:✗ | prob=62.5% zone=neutral score=0.36 | spread=1.6% depth=$20211 vol=54% | persist=0s remain=680s | ○ NO_ENTER
19:48:42 INFO  | [BTC15m] [T:✗L:✓S:✓V:✓N:✓] ALL:✗ | prob=66.5% zone=neutral score=0.43 | spread=1.5% depth=$66715 vol=43% | persist=0s remain=679s | ○ NO_ENTER
19:48:42 INFO  | [ETH15m] [T:✗L:✓S:✓V:✓N:✓] ALL:✗ | prob=52.5% zone=neutral score=0.41 | spread=1.9% depth=$31529 vol=65% | persist=0s remain=678s | ○ NO_ENTER
19:48:42 INFO  | [SOL15m] [T:✗L:✓S:✓V:✓N:✓] ALL:✗ | prob=68.5% zone=neutral score=0.32 | spread=1.5% depth=$22433 vol=78% | persist=0s remain=678s | ○ NO_ENTER
19:48:42 INFO  | [XRP15m] [T:✗L:✓S:✓V:✓N:✓] ALL:✗ | prob=62.0% zone=neutral score=0.33 | spread=3.2% depth=$20311 vol=54% | persist=0s remain=678s | ○ NO_ENTER
19:48:43 INFO  | [BTC15m] [T:✗L:✓S:✓V:✓N:✓] ALL:✗ | prob=66.5% zone=neutral score=0.43 | spread=1.5% depth=$66622 vol=43% | persist=0s remain=678s | ○ NO_ENTER
19:48:43 INFO  | [ETH15m] [T:✗L:✓S:✓V:✓N:✓] ALL:✗ | prob=52.5% zone=neutral score=0.39 | spread=1.9% depth=$31577 vol=65% | persist=0s remain=677s | ○ NO_ENTER
19:48:43 INFO  | [SOL15m] [T:✗L:✓S:✓V:✓N:✓] ALL:✗ | prob=68.5% zone=neutral score=0.34 | spread=1.5% depth=$22617 vol=78% | persist=0s remain=677s | ○ NO_ENTER
19:48:43 INFO  | [XRP15m] [T:✗L:✓S:✓V:✓N:✓] ALL:✗ | prob=62.5% zone=neutral score=0.38 | spread=1.6% depth=$20212 vol=54% | persist=0s remain=677s | ○ NO_ENTER
19:48:44 INFO  | [BTC15m] [T:✗L:✓S:✓V:✓N:✓] ALL:✗ | prob=66.5% zone=neutral score=0.43 | spread=1.5% depth=$66679 vol=43% | persist=0s remain=677s | ○ NO_ENTER
19:48:44 INFO  | [ETH15m] [T:✗L:✓S:✓V:✓N:✓] ALL:✗ | prob=52.5% zone=neutral score=0.39 | spread=1.9% depth=$31577 vol=65% | persist=0s remain=677s | ○ NO_ENTER
19:48:44 INFO  | [SOL15m] [T:✗L:✓S:✓V:✓N:✓] ALL:✗ | prob=67.5% zone=neutral score=0.30 | spread=1.5% depth=$22608 vol=78% | persist=0s remain=676s | ○ NO_ENTER
19:48:44 INFO  | [XRP15m] [T:✗L:✓S:✓V:✓N:✓] ALL:✗ | prob=62.5% zone=neutral score=0.37 | spread=1.6% depth=$20261 vol=54% | persist=0s remain=676s | ○ NO_ENTER
19:48:45 INFO  | [BTC15m] [T:✗L:✓S:✓V:✓N:✓] ALL:✗ | prob=66.5% zone=neutral score=0.43 | spread=1.5% depth=$66413 vol=43% | persist=0s remain=676s | ○ NO_ENTER
19:48:45 INFO  | [ETH15m] [T:✗L:✓S:✓V:✓N:✓] ALL:✗ | prob=58.5% zone=neutral score=0.27 | spread=1.7% depth=$25810 vol=65% | persist=0s remain=675s | ○ NO_ENTER
19:48:45 INFO  | [SOL15m] [T:✗L:✓S:✓V:✓N:✓] ALL:✗ | prob=74.5% zone=neutral score=0.31 | spread=1.3% depth=$20727 vol=78% | persist=0s remain=675s | ○ NO_ENTER
19:48:45 INFO  | [XRP15m] [T:✗L:✓S:✓V:✓N:✓] ALL:✗ | prob=69.5% zone=neutral score=0.40 | spread=1.4% depth=$19512 vol=54% | persist=0s remain=675s | ○ NO_ENTER
19:48:46 INFO  | [BTC15m] [T:✗L:✓S:✓V:✓N:✓] ALL:✗ | prob=69.5% zone=neutral score=0.40 | spread=1.4% depth=$58058 vol=43% | persist=0s remain=675s | ○ NO_ENTER
19:48:46 INFO  | [ETH15m] [T:✗L:✓S:✓V:✓N:✓] ALL:✗ | prob=58.5% zone=neutral score=0.29 | spread=1.7% depth=$25810 vol=65% | persist=0s remain=675s | ○ NO_ENTER
19:48:46 INFO  | [SOL15m] [T:✗L:✓S:✓V:✓N:✓] ALL:✗ | prob=74.5% zone=neutral score=0.33 | spread=1.3% depth=$20727 vol=78% | persist=0s remain=675s | ○ NO_ENTER
19:48:46 INFO  | [XRP15m] [T:✗L:✓S:✓V:✓N:✓] ALL:✗ | prob=69.0% zone=neutral score=0.29 | spread=2.9% depth=$19681 vol=54% | persist=0s remain=674s | ○ NO_ENTER
19:48:47 INFO  | [BTC15m] [T:✗L:✓S:✓V:✓N:✓] ALL:✗ | prob=74.5% zone=neutral score=0.44 | spread=1.3% depth=$62150 vol=43% | persist=0s remain=674s | ○ NO_ENTER
19:48:47 INFO  | [ETH15m] [T:✗L:✓S:✓V:✓N:✓] ALL:✗ | prob=60.5% zone=neutral score=0.39 | spread=1.7% depth=$25576 vol=65% | persist=0s remain=674s | ○ NO_ENTER
19:48:47 INFO  | [SOL15m] [T:✗L:✓S:✓V:✓N:✓] ALL:✗ | prob=75.5% zone=neutral score=0.39 | spread=1.3% depth=$19979 vol=78% | persist=0s remain=673s | ○ NO_ENTER
19:48:47 INFO  | [XRP15m] [T:✗L:✓S:✓V:✓N:✓] ALL:✗ | prob=72.5% zone=neutral score=0.35 | spread=1.4% depth=$18474 vol=54% | persist=0s remain=673s | ○ NO_ENTER
19:48:48 INFO  | [BTC15m] [T:✗L:✓S:✓V:✓N:✓] ALL:✗ | prob=75.5% zone=neutral score=0.46 | spread=1.3% depth=$61913 vol=43% | persist=0s remain=673s | ○ NO_ENTER
19:48:48 INFO  | [ETH15m] [T:✗L:✓S:✓V:✓N:✓] ALL:✗ | prob=66.5% zone=neutral score=0.36 | spread=1.5% depth=$24003 vol=65% | persist=0s remain=672s | ○ NO_ENTER
19:48:48 INFO  | [SOL15m] [T:✗L:✓S:✓V:✓N:✓] ALL:✗ | prob=78.5% zone=neutral score=0.37 | spread=1.3% depth=$20482 vol=78% | persist=0s remain=672s | ○ NO_ENTER
19:48:48 INFO  | [XRP15m] [T:✗L:✓S:✓V:✓N:✓] ALL:✗ | prob=72.0% zone=neutral score=0.29 | spread=2.8% depth=$18586 vol=54% | persist=0s remain=672s | ○ NO_ENTER
19:48:49 INFO  | [BTC15m] [T:✗L:✓S:✓V:✓N:✓] ALL:✗ | prob=76.5% zone=neutral score=0.45 | spread=1.3% depth=$62648 vol=43% | persist=0s remain=672s | ○ NO_ENTER
19:48:49 INFO  | [ETH15m] [T:✗L:✓S:✓V:✓N:✓] ALL:✗ | prob=66.5% zone=neutral score=0.36 | spread=1.5% depth=$24003 vol=65% | persist=0s remain=672s | ○ NO_ENTER
19:48:49 INFO  | [SOL15m] [T:✗L:✓S:✓V:✓N:✓] ALL:✗ | prob=79.5% zone=neutral score=0.36 | spread=1.3% depth=$20652 vol=78% | persist=0s remain=671s | ○ NO_ENTER
19:48:49 INFO  | [XRP15m] [T:✗L:✓S:✓V:✓N:✓] ALL:✗ | prob=71.5% zone=neutral score=0.34 | spread=1.4% depth=$18846 vol=54% | persist=0s remain=671s | ○ NO_ENTER
19:48:50 INFO  | [BTC15m] [T:✗L:✓S:✓V:✓N:✓] ALL:✗ | prob=76.5% zone=neutral score=0.45 | spread=1.3% depth=$62792 vol=43% | persist=0s remain=671s | ○ NO_ENTER
19:48:50 INFO  | [ETH15m] [T:✗L:✓S:✓V:✓N:✓] ALL:✗ | prob=66.5% zone=neutral score=0.38 | spread=1.5% depth=$24260 vol=65% | persist=0s remain=671s | ○ NO_ENTER
19:48:50 INFO  | [SOL15m] [T:✗L:✓S:✓V:✓N:✓] ALL:✗ | prob=78.5% zone=neutral score=0.36 | spread=1.3% depth=$20872 vol=78% | persist=0s remain=670s | ○ NO_ENTER
19:48:50 INFO  | [XRP15m] [T:✗L:✓S:✓V:✓N:✓] ALL:✗ | prob=71.5% zone=neutral score=0.40 | spread=1.4% depth=$18963 vol=54% | persist=0s remain=670s | ○ NO_ENTER
19:48:51 INFO  | [BTC15m] [T:✗L:✓S:✓V:✓N:✓] ALL:✗ | prob=76.5% zone=neutral score=0.45 | spread=1.3% depth=$61801 vol=43% | persist=0s remain=670s | ○ NO_ENTER
19:48:51 INFO  | [ETH15m] [T:✗L:✓S:✓V:✓N:✓] ALL:✗ | prob=64.5% zone=neutral score=0.37 | spread=1.6% depth=$24561 vol=65% | persist=0s remain=669s | ○ NO_ENTER
19:48:51 INFO  | [SOL15m] [T:✗L:✓S:✓V:✓N:✓] ALL:✗ | prob=77.5% zone=neutral score=0.38 | spread=1.3% depth=$21111 vol=78% | persist=0s remain=669s | ○ NO_ENTER
19:48:51 INFO  | [XRP15m] [T:✗L:✓S:✓V:✓N:✓] ALL:✗ | prob=72.5% zone=neutral score=0.38 | spread=1.4% depth=$19102 vol=54% | persist=0s remain=669s | ○ NO_ENTER
19:48:52 INFO  | [BTC15m] [T:✗L:✓S:✓V:✓N:✓] ALL:✗ | prob=75.5% zone=neutral score=0.45 | spread=1.3% depth=$61927 vol=43% | persist=0s remain=669s | ○ NO_ENTER
19:48:52 INFO  | [ETH15m] [T:✗L:✓S:✓V:✓N:✓] ALL:✗ | prob=64.5% zone=neutral score=0.38 | spread=1.6% depth=$24561 vol=65% | persist=0s remain=669s | ○ NO_ENTER
19:48:52 INFO  | [SOL15m] [T:✗L:✓S:✓V:✓N:✓] ALL:✗ | prob=77.5% zone=neutral score=0.38 | spread=1.3% depth=$21121 vol=78% | persist=0s remain=668s | ○ NO_ENTER
19:48:52 INFO  | [XRP15m] [T:✗L:✓S:✓V:✓N:✓] ALL:✗ | prob=72.0% zone=neutral score=0.34 | spread=2.8% depth=$19097 vol=54% | persist=0s remain=668s | ○ NO_ENTER
19:48:53 INFO  | [BTC15m] [T:✗L:✓S:✓V:✓N:✓] ALL:✗ | prob=75.5% zone=neutral score=0.45 | spread=1.3% depth=$60327 vol=43% | persist=0s remain=668s | ○ NO_ENTER
19:48:53 INFO  | [ETH15m] [T:✗L:✓S:✓V:✓N:✓] ALL:✗ | prob=64.5% zone=neutral score=0.42 | spread=1.6% depth=$25397 vol=65% | persist=0s remain=667s | ○ NO_ENTER
19:48:53 INFO  | [SOL15m] [T:✗L:✓S:✓V:✓N:✓] ALL:✗ | prob=77.5% zone=neutral score=0.38 | spread=1.3% depth=$21170 vol=78% | persist=0s remain=667s | ○ NO_ENTER
19:48:53 INFO  | [XRP15m] [T:✗L:✓S:✓V:✓N:✓] ALL:✗ | prob=71.5% zone=neutral score=0.40 | spread=1.4% depth=$19030 vol=54% | persist=0s remain=667s | ○ NO_ENTER
19:48:54 INFO  | [BTC15m] [T:✗L:✓S:✓V:✓N:✓] ALL:✗ | prob=75.5% zone=neutral score=0.44 | spread=1.3% depth=$58710 vol=43% | persist=0s remain=667s | ○ NO_ENTER
19:48:54 INFO  | [ETH15m] [T:✗L:✓S:✓V:✓N:✓] ALL:✗ | prob=64.5% zone=neutral score=0.41 | spread=1.6% depth=$25397 vol=65% | persist=0s remain=667s | ○ NO_ENTER
19:48:54 INFO  | [SOL15m] [T:✗L:✓S:✓V:✓N:✓] ALL:✗ | prob=77.5% zone=neutral score=0.38 | spread=1.3% depth=$21170 vol=78% | persist=0s remain=667s | ○ NO_ENTER
19:48:54 INFO  | [XRP15m] [T:✗L:✓S:✓V:✓N:✓] ALL:✗ | prob=71.5% zone=neutral score=0.41 | spread=1.4% depth=$18817 vol=54% | persist=0s remain=666s | ○ NO_ENTER
19:48:55 INFO  | [BTC15m] [T:✗L:✓S:✓V:✓N:✓] ALL:✗ | prob=74.5% zone=neutral score=0.45 | spread=1.3% depth=$60945 vol=43% | persist=0s remain=666s | ○ NO_ENTER
19:48:55 INFO  | [ETH15m] [T:✗L:✓S:✓V:✓N:✓] ALL:✗ | prob=61.5% zone=neutral score=0.34 | spread=1.6% depth=$26117 vol=65% | persist=0s remain=666s | ○ NO_ENTER
19:48:55 INFO  | [SOL15m] [T:✗L:✓S:✓V:✓N:✓] ALL:✗ | prob=77.5% zone=neutral score=0.37 | spread=1.3% depth=$21283 vol=78% | persist=0s remain=665s | ○ NO_ENTER
19:48:55 INFO  | [XRP15m] [T:✗L:✓S:✓V:✓N:✓] ALL:✗ | prob=71.5% zone=neutral score=0.41 | spread=1.4% depth=$18835 vol=54% | persist=0s remain=665s | ○ NO_ENTER
19:48:56 INFO  | [BTC15m] [T:✗L:✓S:✓V:✓N:✓] ALL:✗ | prob=74.5% zone=neutral score=0.48 | spread=1.3% depth=$61778 vol=43% | persist=0s remain=665s | ○ NO_ENTER
19:48:56 INFO  | [ETH15m] [T:✗L:✓S:✓V:✓N:✓] ALL:✗ | prob=61.5% zone=neutral score=0.38 | spread=1.6% depth=$26077 vol=65% | persist=0s remain=665s | ○ NO_ENTER
19:48:56 INFO  | [SOL15m] [T:✗L:✓S:✓V:✓N:✓] ALL:✗ | prob=77.5% zone=neutral score=0.37 | spread=1.3% depth=$21341 vol=78% | persist=0s remain=664s | ○ NO_ENTER
19:48:56 INFO  | [XRP15m] [T:✗L:✓S:✓V:✓N:✓] ALL:✗ | prob=71.5% zone=neutral score=0.41 | spread=1.4% depth=$18834 vol=54% | persist=0s remain=664s | ○ NO_ENTER
19:48:57 INFO  | [BTC15m] [T:✗L:✓S:✓V:✓N:✓] ALL:✗ | prob=74.5% zone=neutral score=0.47 | spread=1.3% depth=$61520 vol=43% | persist=0s remain=664s | ○ NO_ENTER
19:48:57 INFO  | [ETH15m] [T:✗L:✓S:✓V:✓N:✓] ALL:✗ | prob=61.5% zone=neutral score=0.37 | spread=1.6% depth=$26485 vol=65% | persist=0s remain=664s | ○ NO_ENTER
19:48:57 INFO  | [SOL15m] [T:✗L:✓S:✓V:✓N:✓] ALL:✗ | prob=77.5% zone=neutral score=0.36 | spread=1.3% depth=$21341 vol=78% | persist=0s remain=664s | ○ NO_ENTER
19:48:57 INFO  | [XRP15m] [T:✗L:✓S:✓V:✓N:✓] ALL:✗ | prob=72.5% zone=neutral score=0.37 | spread=1.4% depth=$18899 vol=54% | persist=0s remain=663s | ○ NO_ENTER
19:48:58 INFO  | [BTC15m] [T:✗L:✓S:✓V:✓N:✓] ALL:✗ | prob=74.5% zone=neutral score=0.46 | spread=1.3% depth=$62125 vol=43% | persist=0s remain=663s | ○ NO_ENTER
19:48:58 INFO  | [ETH15m] [T:✗L:✓S:✓V:✓N:✓] ALL:✗ | prob=63.5% zone=neutral score=0.37 | spread=1.6% depth=$25406 vol=65% | persist=0s remain=663s | ○ NO_ENTER
19:48:58 INFO  | [SOL15m] [T:✗L:✓S:✓V:✓N:✓] ALL:✗ | prob=79.5% zone=neutral score=0.32 | spread=1.3% depth=$21408 vol=78% | persist=0s remain=662s | ○ NO_ENTER
19:48:58 INFO  | [XRP15m] [T:✗L:✓S:✓V:✓N:✓] ALL:✗ | prob=72.0% zone=neutral score=0.33 | spread=2.8% depth=$18876 vol=54% | persist=0s remain=662s | ○ NO_ENTER
19:48:59 INFO  | [BTC15m] [T:✗L:✓S:✓V:✓N:✓] ALL:✗ | prob=74.5% zone=neutral score=0.47 | spread=1.3% depth=$61980 vol=43% | persist=0s remain=662s | ○ NO_ENTER
19:48:59 INFO  | [ETH15m] [T:✗L:✓S:✓V:✓N:✓] ALL:✗ | prob=64.5% zone=neutral score=0.40 | spread=1.6% depth=$25648 vol=65% | persist=0s remain=662s | ○ NO_ENTER
19:48:59 INFO  | [SOL15m] [T:✗L:✓S:✓V:✓N:✓] ALL:✗ | prob=79.5% zone=neutral score=0.32 | spread=1.3% depth=$21408 vol=78% | persist=0s remain=662s | ○ NO_ENTER
19:48:59 INFO  | [XRP15m] [T:✗L:✓S:✓V:✓N:✓] ALL:✗ | prob=72.5% zone=neutral score=0.37 | spread=1.4% depth=$18886 vol=54% | persist=0s remain=661s | ○ NO_ENTER
19:49:00 INFO  | [BTC15m] [T:✗L:✓S:✓V:✓N:✓] ALL:✗ | prob=74.5% zone=neutral score=0.47 | spread=1.3% depth=$62506 vol=43% | persist=0s remain=661s | ○ NO_ENTER
19:49:00 INFO  | [ETH15m] [T:✗L:✓S:✓V:✓N:✓] ALL:✗ | prob=64.5% zone=neutral score=0.40 | spread=1.6% depth=$25739 vol=65% | persist=0s remain=661s | ○ NO_ENTER
19:49:00 INFO  | [SOL15m] [T:✗L:✓S:✓V:✓N:✓] ALL:✗ | prob=79.5% zone=neutral score=0.32 | spread=1.3% depth=$21473 vol=78% | persist=0s remain=660s | ○ NO_ENTER
19:49:00 INFO  | [XRP15m] [T:✗L:✓S:✓V:✓N:✓] ALL:✗ | prob=71.5% zone=neutral score=0.40 | spread=1.4% depth=$18891 vol=54% | persist=0s remain=660s | ○ NO_ENTER
19:49:01 INFO  | [BTC15m] [T:✗L:✓S:✓V:✓N:✓] ALL:✗ | prob=73.5% zone=neutral score=0.44 | spread=1.4% depth=$62184 vol=43% | persist=0s remain=660s | ○ NO_ENTER
19:49:01 INFO  | [ETH15m] [T:✗L:✓S:✓V:✓N:✓] ALL:✗ | prob=62.5% zone=neutral score=0.38 | spread=1.6% depth=$25354 vol=65% | persist=0s remain=659s | ○ NO_ENTER
19:49:01 INFO  | [SOL15m] [T:✗L:✓S:✓V:✓N:✓] ALL:✗ | prob=78.5% zone=neutral score=0.36 | spread=1.3% depth=$20744 vol=78% | persist=0s remain=659s | ○ NO_ENTER
19:49:01 INFO  | [XRP15m] [T:✗L:✓S:✓V:✓N:✓] ALL:✗ | prob=66.5% zone=neutral score=0.47 | spread=1.5% depth=$11258 vol=54% | persist=0s remain=659s | ○ NO_ENTER
19:49:02 INFO  | [BTC15m] [T:✗L:✓S:✓V:✓N:✓] ALL:✗ | prob=73.5% zone=neutral score=0.47 | spread=1.4% depth=$61775 vol=43% | persist=0s remain=659s | ○ NO_ENTER
19:49:02 INFO  | [ETH15m] [T:✗L:✓S:✓V:✓N:✓] ALL:✗ | prob=62.5% zone=neutral score=0.39 | spread=1.6% depth=$25354 vol=65% | persist=0s remain=659s | ○ NO_ENTER
19:49:02 INFO  | [SOL15m] [T:✗L:✓S:✓V:✓N:✓] ALL:✗ | prob=78.5% zone=neutral score=0.36 | spread=1.3% depth=$20744 vol=78% | persist=0s remain=659s | ○ NO_ENTER
19:49:02 INFO  | [XRP15m] [T:✗L:✓S:✓V:✓N:✓] ALL:✗ | prob=66.5% zone=neutral score=0.42 | spread=1.5% depth=$11258 vol=54% | persist=0s remain=659s | ○ NO_ENTER
19:49:03 INFO  | [BTC15m] [T:✗L:✓S:✓V:✓N:✓] ALL:✗ | prob=73.5% zone=neutral score=0.51 | spread=1.4% depth=$52618 vol=43% | persist=0s remain=658s | ○ NO_ENTER
19:49:03 INFO  | [ETH15m] [T:✗L:✓S:✓V:✓N:✓] ALL:✗ | prob=59.5% zone=neutral score=0.47 | spread=1.7% depth=$21467 vol=65% | persist=0s remain=657s | ○ NO_ENTER
19:49:03 INFO  | [SOL15m] [T:✗L:✓S:✓V:✓N:✓] ALL:✗ | prob=73.5% zone=neutral score=0.44 | spread=1.4% depth=$12648 vol=67% | persist=0s remain=657s | ○ NO_ENTER
19:49:03 INFO  | [XRP15m] [T:✗L:✓S:✓V:✓N:✓] ALL:✗ | prob=61.5% zone=neutral score=0.38 | spread=1.6% depth=$11419 vol=54% | persist=0s remain=657s | ○ NO_ENTER
19:49:04 INFO  | [BTC15m] [T:✗L:✓S:✓V:✓N:✓] ALL:✗ | prob=71.5% zone=neutral score=0.45 | spread=1.4% depth=$57958 vol=43% | persist=0s remain=657s | ○ NO_ENTER
19:49:04 INFO  | [ETH15m] [T:✗L:✓S:✓V:✓N:✓] ALL:✗ | prob=59.5% zone=neutral score=0.43 | spread=1.7% depth=$21467 vol=65% | persist=0s remain=657s | ○ NO_ENTER
19:49:04 INFO  | [SOL15m] [T:✗L:✓S:✓V:✓N:✓] ALL:✗ | prob=73.5% zone=neutral score=0.39 | spread=1.4% depth=$12648 vol=67% | persist=0s remain=657s | ○ NO_ENTER
19:49:04 INFO  | [XRP15m] [T:✗L:✓S:✓V:✓N:✓] ALL:✗ | prob=61.5% zone=neutral score=0.38 | spread=1.6% depth=$11419 vol=51% | persist=0s remain=657s | ○ NO_ENTER
19:49:05 INFO  | [BTC15m] [T:✗L:✓S:✓V:✓N:✓] ALL:✗ | prob=70.5% zone=neutral score=0.46 | spread=1.4% depth=$57643 vol=43% | persist=0s remain=656s | ○ NO_ENTER
19:49:05 INFO  | [ETH15m] [T:✗L:✓S:✓V:✓N:✓] ALL:✗ | prob=59.5% zone=neutral score=0.42 | spread=1.7% depth=$21210 vol=59% | persist=0s remain=656s | ○ NO_ENTER
19:49:05 INFO  | [SOL15m] [T:✗L:✓S:✓V:✓N:✓] ALL:✗ | prob=71.5% zone=neutral score=0.39 | spread=1.4% depth=$13616 vol=67% | persist=0s remain=656s | ○ NO_ENTER
19:49:05 INFO  | [XRP15m] [T:✗L:✓S:✓V:✓N:✓] ALL:✗ | prob=62.5% zone=neutral score=0.40 | spread=1.6% depth=$11469 vol=51% | persist=0s remain=656s | ○ NO_ENTER
19:49:06 INFO  | [BTC15m] [T:✗L:✓S:✓V:✓N:✓] ALL:✗ | prob=70.5% zone=neutral score=0.47 | spread=1.4% depth=$57224 vol=38% | persist=0s remain=655s | ○ NO_ENTER
19:49:06 INFO  | [ETH15m] [T:✗L:✓S:✓V:✓N:✓] ALL:✗ | prob=59.5% zone=neutral score=0.41 | spread=1.7% depth=$21423 vol=59% | persist=0s remain=655s | ○ NO_ENTER
19:49:06 INFO  | [SOL15m] [T:✗L:✓S:✓V:✓N:✓] ALL:✗ | prob=71.5% zone=neutral score=0.39 | spread=1.4% depth=$13578 vol=67% | persist=0s remain=655s | ○ NO_ENTER
19:49:06 INFO  | [XRP15m] [T:✗L:✓S:✓V:✓N:✓] ALL:✗ | prob=62.5% zone=neutral score=0.39 | spread=1.6% depth=$11404 vol=51% | persist=0s remain=655s | ○ NO_ENTER
19:49:07 INFO  | [BTC15m] [T:✗L:✓S:✓V:✓N:✓] ALL:✗ | prob=70.5% zone=neutral score=0.47 | spread=1.4% depth=$57573 vol=38% | persist=0s remain=654s | ○ NO_ENTER
19:49:07 INFO  | [ETH15m] [T:✗L:✓S:✓V:✓N:✓] ALL:✗ | prob=59.5% zone=neutral score=0.41 | spread=1.7% depth=$21678 vol=59% | persist=0s remain=654s | ○ NO_ENTER
19:49:07 INFO  | [SOL15m] [T:✗L:✓S:✓V:✓N:✓] ALL:✗ | prob=71.5% zone=neutral score=0.40 | spread=1.4% depth=$13776 vol=67% | persist=0s remain=654s | ○ NO_ENTER
19:49:07 INFO  | [XRP15m] [T:✗L:✓S:✓V:✓N:✓] ALL:✗ | prob=62.5% zone=neutral score=0.39 | spread=1.6% depth=$11395 vol=51% | persist=0s remain=654s | ○ NO_ENTER
19:49:08 INFO  | [BTC15m] [T:✗L:✓S:✓V:✓N:✓] ALL:✗ | prob=70.5% zone=neutral score=0.47 | spread=1.4% depth=$57348 vol=38% | persist=0s remain=653s | ○ NO_ENTER
19:49:08 INFO  | [ETH15m] [T:✗L:✓S:✓V:✓N:✓] ALL:✗ | prob=59.5% zone=neutral score=0.42 | spread=1.7% depth=$21587 vol=59% | persist=0s remain=653s | ○ NO_ENTER
19:49:08 INFO  | [SOL15m] [T:✗L:✓S:✓V:✓N:✓] ALL:✗ | prob=71.5% zone=neutral score=0.41 | spread=1.4% depth=$13833 vol=67% | persist=0s remain=653s | ○ NO_ENTER
19:49:08 INFO  | [XRP15m] [T:✗L:✓S:✓V:✓N:✓] ALL:✗ | prob=62.5% zone=neutral score=0.39 | spread=1.6% depth=$11444 vol=51% | persist=0s remain=653s | ○ NO_ENTER
19:49:09 INFO  | [BTC15m] [T:✗L:✓S:✓V:✓N:✓] ALL:✗ | prob=70.5% zone=neutral score=0.47 | spread=1.4% depth=$57609 vol=38% | persist=0s remain=652s | ○ NO_ENTER
19:49:09 INFO  | [ETH15m] [T:✗L:✓S:✓V:✓N:✓] ALL:✗ | prob=59.5% zone=neutral score=0.41 | spread=1.7% depth=$21421 vol=59% | persist=0s remain=652s | ○ NO_ENTER
19:49:09 INFO  | [SOL15m] [T:✗L:✓S:✓V:✓N:✓] ALL:✗ | prob=71.5% zone=neutral score=0.40 | spread=1.4% depth=$13952 vol=67% | persist=0s remain=652s | ○ NO_ENTER
19:49:09 INFO  | [XRP15m] [T:✗L:✓S:✓V:✓N:✓] ALL:✗ | prob=62.5% zone=neutral score=0.39 | spread=1.6% depth=$11454 vol=51% | persist=0s remain=652s | ○ NO_ENTER
19:49:10 INFO  | [BTC15m] [T:✗L:✓S:✓V:✓N:✓] ALL:✗ | prob=70.5% zone=neutral score=0.46 | spread=1.4% depth=$57126 vol=38% | persist=0s remain=651s | ○ NO_ENTER
19:49:10 INFO  | [ETH15m] [T:✗L:✓S:✓V:✓N:✓] ALL:✗ | prob=59.5% zone=neutral score=0.42 | spread=1.7% depth=$21389 vol=59% | persist=0s remain=651s | ○ NO_ENTER
19:49:10 INFO  | [SOL15m] [T:✗L:✓S:✓V:✓N:✓] ALL:✗ | prob=71.5% zone=neutral score=0.39 | spread=1.4% depth=$13029 vol=67% | persist=0s remain=651s | ○ NO_ENTER
19:49:10 INFO  | [XRP15m] [T:✗L:✓S:✓V:✓N:✓] ALL:✗ | prob=63.5% zone=neutral score=0.37 | spread=1.6% depth=$11279 vol=51% | persist=0s remain=651s | ○ NO_ENTER
19:49:11 INFO  | [BTC15m] [T:✗L:✓S:✓V:✓N:✓] ALL:✗ | prob=71.5% zone=neutral score=0.51 | spread=1.4% depth=$59176 vol=38% | persist=0s remain=650s | ○ NO_ENTER
19:49:11 INFO  | [ETH15m] [T:✗L:✓S:✓V:✓N:✓] ALL:✗ | prob=61.5% zone=neutral score=0.37 | spread=1.6% depth=$19299 vol=59% | persist=0s remain=650s | ○ NO_ENTER
19:49:11 INFO  | [SOL15m] [T:✗L:✓S:✓V:✓N:✓] ALL:✗ | prob=73.5% zone=neutral score=0.32 | spread=1.4% depth=$12863 vol=67% | persist=0s remain=650s | ○ NO_ENTER
19:49:11 INFO  | [XRP15m] [T:✗L:✓S:✓V:✓N:✓] ALL:✗ | prob=63.5% zone=neutral score=0.38 | spread=1.6% depth=$11272 vol=51% | persist=0s remain=650s | ○ NO_ENTER
19:49:12 INFO  | [BTC15m] [T:✗L:✓S:✓V:✓N:✓] ALL:✗ | prob=72.5% zone=neutral score=0.49 | spread=1.4% depth=$59101 vol=38% | persist=0s remain=649s | ○ NO_ENTER
19:49:12 INFO  | [ETH15m] [T:✗L:✓S:✓V:✓N:✓] ALL:✗ | prob=61.5% zone=neutral score=0.43 | spread=1.6% depth=$20543 vol=59% | persist=0s remain=649s | ○ NO_ENTER
19:49:12 INFO  | [SOL15m] [T:✗L:✓S:✓V:✓N:✓] ALL:✗ | prob=74.5% zone=neutral score=0.32 | spread=1.3% depth=$12909 vol=67% | persist=0s remain=649s | ○ NO_ENTER
19:49:12 INFO  | [XRP15m] [T:✗L:✓S:✓V:✓N:✓] ALL:✗ | prob=63.5% zone=neutral score=0.37 | spread=1.6% depth=$11287 vol=51% | persist=0s remain=649s | ○ NO_ENTER
19:49:13 INFO  | [BTC15m] [T:✗L:✓S:✓V:✓N:✓] ALL:✗ | prob=72.5% zone=neutral score=0.49 | spread=1.4% depth=$58947 vol=38% | persist=0s remain=648s | ○ NO_ENTER
19:49:13 INFO  | [ETH15m] [T:✗L:✓S:✓V:✓N:✓] ALL:✗ | prob=59.5% zone=neutral score=0.44 | spread=1.7% depth=$20868 vol=59% | persist=0s remain=648s | ○ NO_ENTER
19:49:13 INFO  | [SOL15m] [T:✗L:✓S:✓V:✓N:✓] ALL:✗ | prob=71.5% zone=neutral score=0.34 | spread=1.4% depth=$12749 vol=67% | persist=0s remain=648s | ○ NO_ENTER
19:49:13 INFO  | [XRP15m] [T:✗L:✓S:✓V:✓N:✓] ALL:✗ | prob=60.0% zone=neutral score=0.35 | spread=3.3% depth=$10772 vol=51% | persist=0s remain=648s | ○ NO_ENTER
19:49:14 INFO  | [BTC15m] [T:✗L:✓S:✓V:✓N:✓] ALL:✗ | prob=71.5% zone=neutral score=0.50 | spread=1.4% depth=$61097 vol=38% | persist=0s remain=647s | ○ NO_ENTER
19:49:14 INFO  | [ETH15m] [T:✗L:✓S:✓V:✓N:✓] ALL:✗ | prob=57.5% zone=neutral score=0.39 | spread=1.7% depth=$21444 vol=59% | persist=0s remain=647s | ○ NO_ENTER
19:49:14 INFO  | [SOL15m] [T:✗L:✓S:✓V:✓N:✓] ALL:✗ | prob=70.5% zone=neutral score=0.38 | spread=1.4% depth=$13170 vol=67% | persist=0s remain=647s | ○ NO_ENTER
19:49:14 INFO  | [XRP15m] [T:✗L:✓S:✓V:✓N:✓] ALL:✗ | prob=61.5% zone=neutral score=0.43 | spread=1.6% depth=$10726 vol=51% | persist=0s remain=647s | ○ NO_ENTER
19:49:14 INFO  | 📊 Balance: $100.00 | Open: 0 | Trades: 0 (W:0/L:0) | Win Rate: 0% | PnL: $+0.00 | ROI: +0.0%
19:49:15 INFO  | [BTC15m] [T:✗L:✓S:✓V:✓N:✓] ALL:✗ | prob=71.5% zone=neutral score=0.51 | spread=1.4% depth=$61347 vol=38% | persist=0s remain=646s | ○ NO_ENTER
19:49:15 INFO  | [ETH15m] [T:✗L:✓S:✓V:✓N:✓] ALL:✗ | prob=58.5% zone=neutral score=0.37 | spread=1.7% depth=$21114 vol=59% | persist=0s remain=646s | ○ NO_ENTER
19:49:15 INFO  | [SOL15m] [T:✗L:✓S:✓V:✓N:✓] ALL:✗ | prob=70.5% zone=neutral score=0.36 | spread=1.4% depth=$13145 vol=67% | persist=0s remain=646s | ○ NO_ENTER
19:49:15 INFO  | [XRP15m] [T:✗L:✓S:✓V:✓N:✓] ALL:✗ | prob=61.5% zone=neutral score=0.37 | spread=1.6% depth=$10821 vol=51% | persist=0s remain=646s | ○ NO_ENTER
19:49:16 INFO  | [BTC15m] [T:✗L:✓S:✓V:✓N:✓] ALL:✗ | prob=71.5% zone=neutral score=0.51 | spread=1.4% depth=$61198 vol=38% | persist=0s remain=645s | ○ NO_ENTER
19:49:16 INFO  | [ETH15m] [T:✗L:✓S:✓V:✓N:✓] ALL:✗ | prob=58.5% zone=neutral score=0.37 | spread=1.7% depth=$21112 vol=59% | persist=0s remain=645s | ○ NO_ENTER
19:49:16 INFO  | [SOL15m] [T:✗L:✓S:✓V:✓N:✓] ALL:✗ | prob=71.5% zone=neutral score=0.34 | spread=1.4% depth=$13693 vol=67% | persist=0s remain=645s | ○ NO_ENTER
19:49:16 INFO  | [XRP15m] [T:✗L:✓S:✓V:✓N:✓] ALL:✗ | prob=61.5% zone=neutral score=0.36 | spread=1.6% depth=$10849 vol=51% | persist=0s remain=645s | ○ NO_ENTER
19:49:17 INFO  | [BTC15m] [T:✗L:✓S:✓V:✓N:✓] ALL:✗ | prob=71.5% zone=neutral score=0.51 | spread=1.4% depth=$61035 vol=38% | persist=0s remain=644s | ○ NO_ENTER
19:49:17 INFO  | [ETH15m] [T:✗L:✓S:✓V:✓N:✓] ALL:✗ | prob=59.5% zone=neutral score=0.38 | spread=1.7% depth=$20496 vol=59% | persist=0s remain=644s | ○ NO_ENTER
19:49:17 INFO  | [SOL15m] [T:✗L:✓S:✓V:✓N:✓] ALL:✗ | prob=71.5% zone=neutral score=0.36 | spread=1.4% depth=$13391 vol=67% | persist=0s remain=644s | ○ NO_ENTER
19:49:17 INFO  | [XRP15m] [T:✗L:✓S:✓V:✓N:✓] ALL:✗ | prob=61.5% zone=neutral score=0.38 | spread=1.6% depth=$10947 vol=51% | persist=0s remain=644s | ○ NO_ENTER
19:49:18 INFO  | [BTC15m] [T:✗L:✓S:✓V:✓N:✓] ALL:✗ | prob=71.5% zone=neutral score=0.51 | spread=1.4% depth=$60993 vol=38% | persist=0s remain=643s | ○ NO_ENTER
19:49:18 INFO  | [ETH15m] [T:✗L:✓S:✓V:✓N:✓] ALL:✗ | prob=59.5% zone=neutral score=0.39 | spread=1.7% depth=$20307 vol=59% | persist=0s remain=643s | ○ NO_ENTER
19:49:18 INFO  | [SOL15m] [T:✗L:✓S:✓V:✓N:✓] ALL:✗ | prob=71.5% zone=neutral score=0.37 | spread=1.4% depth=$13470 vol=67% | persist=0s remain=643s | ○ NO_ENTER
19:49:18 INFO  | [XRP15m] [T:✗L:✓S:✓V:✓N:✓] ALL:✗ | prob=61.5% zone=neutral score=0.38 | spread=1.6% depth=$11024 vol=51% | persist=0s remain=643s | ○ NO_ENTER
19:49:19 INFO  | [BTC15m] [T:✗L:✓S:✓V:✓N:✓] ALL:✗ | prob=71.5% zone=neutral score=0.51 | spread=1.4% depth=$60950 vol=38% | persist=0s remain=642s | ○ NO_ENTER
19:49:19 INFO  | [ETH15m] [T:✗L:✓S:✓V:✓N:✓] ALL:✗ | prob=59.5% zone=neutral score=0.44 | spread=1.7% depth=$21576 vol=59% | persist=0s remain=642s | ○ NO_ENTER
19:49:19 INFO  | [SOL15m] [T:✗L:✓S:✓V:✓N:✓] ALL:✗ | prob=71.5% zone=neutral score=0.37 | spread=1.4% depth=$13432 vol=67% | persist=0s remain=642s | ○ NO_ENTER
19:49:19 INFO  | [XRP15m] [T:✗L:✓S:✓V:✓N:✓] ALL:✗ | prob=61.5% zone=neutral score=0.37 | spread=1.6% depth=$11001 vol=51% | persist=0s remain=642s | ○ NO_ENTER
19:49:20 INFO  | [BTC15m] [T:✗L:✓S:✓V:✓N:✓] ALL:✗ | prob=71.5% zone=neutral score=0.51 | spread=1.4% depth=$61754 vol=38% | persist=0s remain=641s | ○ NO_ENTER
19:49:20 INFO  | [ETH15m] [T:✗L:✓S:✓V:✓N:✓] ALL:✗ | prob=59.5% zone=neutral score=0.41 | spread=1.7% depth=$20957 vol=59% | persist=0s remain=641s | ○ NO_ENTER
19:49:20 INFO  | [SOL15m] [T:✗L:✓S:✓V:✓N:✓] ALL:✗ | prob=71.5% zone=neutral score=0.38 | spread=1.4% depth=$13543 vol=67% | persist=0s remain=641s | ○ NO_ENTER
19:49:20 INFO  | [XRP15m] [T:✗L:✓S:✓V:✓N:✓] ALL:✗ | prob=61.5% zone=neutral score=0.38 | spread=1.6% depth=$11019 vol=51% | persist=0s remain=641s | ○ NO_ENTER
19:49:21 INFO  | [BTC15m] [T:✗L:✓S:✓V:✓N:✓] ALL:✗ | prob=71.5% zone=neutral score=0.51 | spread=1.4% depth=$61825 vol=38% | persist=0s remain=640s | ○ NO_ENTER
19:49:21 INFO  | [ETH15m] [T:✗L:✓S:✓V:✓N:✓] ALL:✗ | prob=59.5% zone=neutral score=0.42 | spread=1.7% depth=$21479 vol=59% | persist=0s remain=640s | ○ NO_ENTER
19:49:21 INFO  | [SOL15m] [T:✗L:✓S:✓V:✓N:✓] ALL:✗ | prob=71.5% zone=neutral score=0.38 | spread=1.4% depth=$13874 vol=67% | persist=0s remain=640s | ○ NO_ENTER
19:49:21 INFO  | [XRP15m] [T:✗L:✓S:✓V:✓N:✓] ALL:✗ | prob=61.5% zone=neutral score=0.38 | spread=1.6% depth=$11019 vol=51% | persist=0s remain=640s | ○ NO_ENTER
19:49:22 INFO  | [BTC15m] [T:✗L:✓S:✓V:✓N:✓] ALL:✗ | prob=71.5% zone=neutral score=0.51 | spread=1.4% depth=$61691 vol=38% | persist=0s remain=639s | ○ NO_ENTER
19:49:22 INFO  | [ETH15m] [T:✗L:✓S:✓V:✓N:✓] ALL:✗ | prob=59.5% zone=neutral score=0.41 | spread=1.7% depth=$21409 vol=59% | persist=0s remain=639s | ○ NO_ENTER
19:49:22 INFO  | [SOL15m] [T:✗L:✓S:✓V:✓N:✓] ALL:✗ | prob=71.5% zone=neutral score=0.37 | spread=1.4% depth=$13881 vol=67% | persist=0s remain=639s | ○ NO_ENTER
19:49:22 INFO  | [XRP15m] [T:✗L:✓S:✓V:✓N:✓] ALL:✗ | prob=61.5% zone=neutral score=0.37 | spread=1.6% depth=$11019 vol=51% | persist=0s remain=639s | ○ NO_ENTER
19:49:23 INFO  | [BTC15m] [T:✗L:✓S:✓V:✓N:✓] ALL:✗ | prob=71.5% zone=neutral score=0.51 | spread=1.4% depth=$61690 vol=38% | persist=0s remain=638s | ○ NO_ENTER
19:49:23 INFO  | [ETH15m] [T:✗L:✓S:✓V:✓N:✓] ALL:✗ | prob=59.5% zone=neutral score=0.42 | spread=1.7% depth=$21553 vol=59% | persist=0s remain=638s | ○ NO_ENTER
19:49:23 INFO  | [SOL15m] [T:✗L:✓S:✓V:✓N:✓] ALL:✗ | prob=71.5% zone=neutral score=0.37 | spread=1.4% depth=$13856 vol=67% | persist=0s remain=638s | ○ NO_ENTER
19:49:23 INFO  | [XRP15m] [T:✗L:✓S:✓V:✓N:✓] ALL:✗ | prob=61.5% zone=neutral score=0.38 | spread=1.6% depth=$11016 vol=51% | persist=0s remain=638s | ○ NO_ENTER
19:49:24 INFO  | [BTC15m] [T:✗L:✓S:✓V:✓N:✓] ALL:✗ | prob=71.5% zone=neutral score=0.51 | spread=1.4% depth=$61666 vol=38% | persist=0s remain=637s | ○ NO_ENTER
19:49:24 INFO  | [ETH15m] [T:✗L:✓S:✓V:✓N:✓] ALL:✗ | prob=59.5% zone=neutral score=0.42 | spread=1.7% depth=$21477 vol=59% | persist=0s remain=637s | ○ NO_ENTER
19:49:24 INFO  | [SOL15m] [T:✗L:✓S:✓V:✓N:✓] ALL:✗ | prob=71.5% zone=neutral score=0.37 | spread=1.4% depth=$14155 vol=67% | persist=0s remain=637s | ○ NO_ENTER
19:49:24 INFO  | [XRP15m] [T:✗L:✓S:✓V:✓N:✓] ALL:✗ | prob=62.5% zone=neutral score=0.37 | spread=1.6% depth=$10960 vol=51% | persist=0s remain=637s | ○ NO_ENTER
19:49:25 INFO  | [BTC15m] [T:✗L:✓S:✓V:✓N:✓] ALL:✗ | prob=71.5% zone=neutral score=0.51 | spread=1.4% depth=$61645 vol=38% | persist=0s remain=636s | ○ NO_ENTER
19:49:25 INFO  | [ETH15m] [T:✗L:✓S:✓V:✓N:✓] ALL:✗ | prob=59.5% zone=neutral score=0.42 | spread=1.7% depth=$21578 vol=59% | persist=0s remain=636s | ○ NO_ENTER
19:49:25 INFO  | [SOL15m] [T:✗L:✓S:✓V:✓N:✓] ALL:✗ | prob=71.5% zone=neutral score=0.37 | spread=1.4% depth=$14130 vol=67% | persist=0s remain=636s | ○ NO_ENTER
19:49:25 INFO  | [XRP15m] [T:✗L:✓S:✓V:✓N:✓] ALL:✗ | prob=62.5% zone=neutral score=0.38 | spread=1.6% depth=$10967 vol=51% | persist=0s remain=636s | ○ NO_ENTER
19:49:26 INFO  | [BTC15m] [T:✗L:✓S:✓V:✓N:✓] ALL:✗ | prob=71.5% zone=neutral score=0.49 | spread=1.4% depth=$64620 vol=38% | persist=0s remain=635s | ○ NO_ENTER
19:49:26 INFO  | [ETH15m] [T:✗L:✓S:✓V:✓N:✓] ALL:✗ | prob=59.5% zone=neutral score=0.41 | spread=1.7% depth=$21514 vol=59% | persist=0s remain=635s | ○ NO_ENTER
19:49:26 INFO  | [SOL15m] [T:✗L:✓S:✓V:✓N:✓] ALL:✗ | prob=71.5% zone=neutral score=0.37 | spread=1.4% depth=$14066 vol=67% | persist=0s remain=635s | ○ NO_ENTER
19:49:26 INFO  | [XRP15m] [T:✗L:✓S:✓V:✓N:✓] ALL:✗ | prob=62.5% zone=neutral score=0.34 | spread=1.6% depth=$10984 vol=51% | persist=0s remain=635s | ○ NO_ENTER
19:49:27 INFO  | [BTC15m] [T:✗L:✓S:✓V:✓N:✓] ALL:✗ | prob=72.5% zone=neutral score=0.50 | spread=1.4% depth=$64429 vol=38% | persist=0s remain=634s | ○ NO_ENTER
19:49:27 INFO  | [ETH15m] [T:✗L:✓S:✓V:✓N:✓] ALL:✗ | prob=59.5% zone=neutral score=0.39 | spread=1.7% depth=$20454 vol=59% | persist=0s remain=634s | ○ NO_ENTER
19:49:27 INFO  | [SOL15m] [T:✗L:✓S:✓V:✓N:✓] ALL:✗ | prob=71.5% zone=neutral score=0.41 | spread=1.4% depth=$12961 vol=67% | persist=0s remain=634s | ○ NO_ENTER
19:49:27 INFO  | [XRP15m] [T:✗L:✓S:✓V:✓N:✓] ALL:✗ | prob=63.5% zone=neutral score=0.35 | spread=1.6% depth=$10927 vol=51% | persist=0s remain=634s | ○ NO_ENTER
19:49:28 INFO  | [BTC15m] [T:✗L:✓S:✓V:✓N:✓] ALL:✗ | prob=72.5% zone=neutral score=0.48 | spread=1.4% depth=$65523 vol=38% | persist=0s remain=633s | ○ NO_ENTER
19:49:28 INFO  | [ETH15m] [T:✗L:✓S:✓V:✓N:✓] ALL:✗ | prob=59.5% zone=neutral score=0.42 | spread=1.7% depth=$20873 vol=59% | persist=0s remain=633s | ○ NO_ENTER
19:49:28 INFO  | [SOL15m] [T:✗L:✓S:✓V:✓N:✓] ALL:✗ | prob=72.5% zone=neutral score=0.35 | spread=1.4% depth=$13188 vol=67% | persist=0s remain=633s | ○ NO_ENTER
19:49:28 INFO  | [XRP15m] [T:✗L:✓S:✓V:✓N:✓] ALL:✗ | prob=64.5% zone=neutral score=0.37 | spread=1.6% depth=$11323 vol=51% | persist=0s remain=633s | ○ NO_ENTER
19:49:29 INFO  | [BTC15m] [T:✗L:✓S:✓V:✓N:✓] ALL:✗ | prob=72.5% zone=neutral score=0.49 | spread=1.4% depth=$65289 vol=38% | persist=0s remain=632s | ○ NO_ENTER
19:49:29 INFO  | [ETH15m] [T:✗L:✓S:✓V:✓N:✓] ALL:✗ | prob=58.5% zone=neutral score=0.40 | spread=1.7% depth=$20538 vol=59% | persist=0s remain=632s | ○ NO_ENTER
19:49:29 INFO  | [SOL15m] [T:✗L:✓S:✓V:✓N:✓] ALL:✗ | prob=71.5% zone=neutral score=0.33 | spread=1.4% depth=$13264 vol=67% | persist=0s remain=632s | ○ NO_ENTER
19:49:29 INFO  | [XRP15m] [T:✗L:✓S:✓V:✓N:✓] ALL:✗ | prob=64.5% zone=neutral score=0.39 | spread=1.6% depth=$11469 vol=51% | persist=0s remain=632s | ○ NO_ENTER
19:49:30 INFO  | [BTC15m] [T:✗L:✓S:✓V:✓N:✓] ALL:✗ | prob=72.5% zone=neutral score=0.49 | spread=1.4% depth=$65300 vol=38% | persist=0s remain=631s | ○ NO_ENTER
19:49:30 INFO  | [ETH15m] [T:✗L:✓S:✓V:✓N:✓] ALL:✗ | prob=58.5% zone=neutral score=0.40 | spread=1.7% depth=$21323 vol=59% | persist=0s remain=631s | ○ NO_ENTER
19:49:30 INFO  | [SOL15m] [T:✗L:✓S:✓V:✓N:✓] ALL:✗ | prob=73.0% zone=neutral score=0.33 | spread=2.7% depth=$13432 vol=67% | persist=0s remain=631s | ○ NO_ENTER
19:49:30 INFO  | [XRP15m] [T:✗L:✓S:✓V:✓N:✓] ALL:✗ | prob=64.5% zone=neutral score=0.38 | spread=1.6% depth=$11480 vol=51% | persist=0s remain=631s | ○ NO_ENTER
19:49:31 INFO  | [BTC15m] [T:✗L:✓S:✓V:✓N:✓] ALL:✗ | prob=72.5% zone=neutral score=0.49 | spread=1.4% depth=$65299 vol=38% | persist=0s remain=630s | ○ NO_ENTER
19:49:31 INFO  | [ETH15m] [T:✗L:✓S:✓V:✓N:✓] ALL:✗ | prob=58.5% zone=neutral score=0.42 | spread=1.7% depth=$20834 vol=59% | persist=0s remain=630s | ○ NO_ENTER
19:49:31 INFO  | [SOL15m] [T:✗L:✓S:✓V:✓N:✓] ALL:✗ | prob=73.0% zone=neutral score=0.33 | spread=2.7% depth=$12960 vol=67% | persist=0s remain=630s | ○ NO_ENTER
19:49:31 INFO  | [XRP15m] [T:✗L:✓S:✓V:✓N:✓] ALL:✗ | prob=64.5% zone=neutral score=0.40 | spread=1.6% depth=$10879 vol=51% | persist=0s remain=630s | ○ NO_ENTER
19:49:32 INFO  | [BTC15m] [T:✗L:✓S:✓V:✓N:✓] ALL:✗ | prob=72.5% zone=neutral score=0.49 | spread=1.4% depth=$65025 vol=38% | persist=0s remain=629s | ○ NO_ENTER
19:49:32 INFO  | [ETH15m] [T:✗L:✓S:✓V:✓N:✓] ALL:✗ | prob=56.5% zone=neutral score=0.40 | spread=1.8% depth=$21699 vol=59% | persist=0s remain=629s | ○ NO_ENTER
19:49:32 INFO  | [SOL15m] [T:✗L:✓S:✓V:✓N:✓] ALL:✗ | prob=71.5% zone=neutral score=0.38 | spread=1.4% depth=$13198 vol=67% | persist=0s remain=629s | ○ NO_ENTER
19:49:32 INFO  | [XRP15m] [T:✗L:✓S:✓V:✓N:✓] ALL:✗ | prob=61.5% zone=neutral score=0.40 | spread=1.6% depth=$10885 vol=51% | persist=0s remain=629s | ○ NO_ENTER
19:49:33 INFO  | [BTC15m] [T:✗L:✓S:✓V:✓N:✓] ALL:✗ | prob=72.5% zone=neutral score=0.50 | spread=1.4% depth=$64063 vol=38% | persist=0s remain=628s | ○ NO_ENTER
19:49:33 INFO  | [ETH15m] [T:✗L:✓S:✓V:✓N:✓] ALL:✗ | prob=56.5% zone=neutral score=0.41 | spread=1.8% depth=$21827 vol=59% | persist=0s remain=628s | ○ NO_ENTER
19:49:33 INFO  | [SOL15m] [T:✗L:✓S:✓V:✓N:✓] ALL:✗ | prob=71.5% zone=neutral score=0.40 | spread=1.4% depth=$13720 vol=67% | persist=0s remain=628s | ○ NO_ENTER
19:49:33 INFO  | [XRP15m] [T:✗L:✓S:✓V:✓N:✓] ALL:✗ | prob=65.5% zone=neutral score=0.40 | spread=1.5% depth=$10881 vol=51% | persist=0s remain=628s | ○ NO_ENTER
19:49:34 INFO  | [BTC15m] [T:✗L:✓S:✓V:✓N:✓] ALL:✗ | prob=72.5% zone=neutral score=0.49 | spread=1.4% depth=$64921 vol=38% | persist=0s remain=627s | ○ NO_ENTER
19:49:34 INFO  | [ETH15m] [T:✗L:✓S:✓V:✓N:✓] ALL:✗ | prob=56.5% zone=neutral score=0.41 | spread=1.8% depth=$21925 vol=59% | persist=0s remain=627s | ○ NO_ENTER
19:49:34 INFO  | [SOL15m] [T:✗L:✓S:✓V:✓N:✓] ALL:✗ | prob=71.5% zone=neutral score=0.38 | spread=1.4% depth=$13682 vol=67% | persist=0s remain=627s | ○ NO_ENTER
19:49:34 INFO  | [XRP15m] [T:✗L:✓S:✓V:✓N:✓] ALL:✗ | prob=64.0% zone=neutral score=0.32 | spread=3.1% depth=$11227 vol=51% | persist=0s remain=627s | ○ NO_ENTER
19:49:35 INFO  | [BTC15m] [T:✗L:✓S:✓V:✓N:✓] ALL:✗ | prob=72.5% zone=neutral score=0.50 | spread=1.4% depth=$65097 vol=38% | persist=0s remain=626s | ○ NO_ENTER
19:49:35 INFO  | [ETH15m] [T:✗L:✓S:✓V:✓N:✓] ALL:✗ | prob=56.5% zone=neutral score=0.41 | spread=1.8% depth=$21896 vol=59% | persist=0s remain=626s | ○ NO_ENTER
19:49:35 INFO  | [SOL15m] [T:✗L:✓S:✓V:✓N:✓] ALL:✗ | prob=72.5% zone=neutral score=0.36 | spread=1.4% depth=$13633 vol=67% | persist=0s remain=626s | ○ NO_ENTER
19:49:35 INFO  | [XRP15m] [T:✗L:✓S:✓V:✓N:✓] ALL:✗ | prob=64.0% zone=neutral score=0.31 | spread=3.1% depth=$11205 vol=51% | persist=0s remain=626s | ○ NO_ENTER
19:49:36 INFO  | [BTC15m] [T:✗L:✓S:✓V:✓N:✓] ALL:✗ | prob=72.5% zone=neutral score=0.50 | spread=1.4% depth=$64332 vol=38% | persist=0s remain=625s | ○ NO_ENTER
19:49:36 INFO  | [ETH15m] [T:✗L:✓S:✓V:✓N:✓] ALL:✗ | prob=56.5% zone=neutral score=0.41 | spread=1.8% depth=$21932 vol=59% | persist=0s remain=625s | ○ NO_ENTER
19:49:36 INFO  | [SOL15m] [T:✗L:✓S:✓V:✓N:✓] ALL:✗ | prob=73.5% zone=neutral score=0.35 | spread=1.4% depth=$13666 vol=67% | persist=0s remain=625s | ○ NO_ENTER
19:49:36 INFO  | [XRP15m] [T:✗L:✓S:✓V:✓N:✓] ALL:✗ | prob=65.0% zone=neutral score=0.33 | spread=3.1% depth=$11261 vol=51% | persist=0s remain=625s | ○ NO_ENTER
19:49:37 INFO  | [BTC15m] [T:✗L:✓S:✓V:✓N:✓] ALL:✗ | prob=70.5% zone=neutral score=0.45 | spread=1.4% depth=$65378 vol=38% | persist=0s remain=624s | ○ NO_ENTER
19:49:37 INFO  | [ETH15m] [T:✗L:✓S:✓V:✓N:✓] ALL:✗ | prob=56.5% zone=neutral score=0.41 | spread=1.8% depth=$22038 vol=59% | persist=0s remain=624s | ○ NO_ENTER
19:49:37 INFO  | [SOL15m] [T:✗L:✓S:✓V:✓N:✓] ALL:✗ | prob=72.0% zone=neutral score=0.34 | spread=2.8% depth=$13922 vol=67% | persist=0s remain=624s | ○ NO_ENTER
19:49:37 INFO  | [XRP15m] [T:✗L:✓S:✓V:✓N:✓] ALL:✗ | prob=62.5% zone=neutral score=0.39 | spread=1.6% depth=$11221 vol=51% | persist=0s remain=624s | ○ NO_ENTER
19:49:38 INFO  | [BTC15m] [T:✗L:✓S:✓V:✓N:✓] ALL:✗ | prob=67.5% zone=neutral score=0.48 | spread=1.5% depth=$67006 vol=38% | persist=0s remain=623s | ○ NO_ENTER
19:49:38 INFO  | [ETH15m] [T:✗L:✓S:✓V:✓N:✓] ALL:✗ | prob=53.5% zone=neutral score=0.38 | spread=1.9% depth=$22259 vol=59% | persist=0s remain=623s | ○ NO_ENTER
19:49:38 INFO  | [SOL15m] [T:✗L:✓S:✓V:✓N:✓] ALL:✗ | prob=70.5% zone=neutral score=0.42 | spread=1.4% depth=$12979 vol=67% | persist=0s remain=623s | ○ NO_ENTER
19:49:38 INFO  | [XRP15m] [T:✗L:✓S:✓V:✓N:✓] ALL:✗ | prob=58.5% zone=neutral score=0.39 | spread=1.7% depth=$11228 vol=51% | persist=0s remain=623s | ○ NO_ENTER
19:49:39 INFO  | [BTC15m] [T:✗L:✓S:✓V:✓N:✓] ALL:✗ | prob=67.5% zone=neutral score=0.46 | spread=1.5% depth=$66527 vol=38% | persist=0s remain=622s | ○ NO_ENTER
19:49:39 INFO  | [ETH15m] [T:✗L:✓S:✓V:✓N:✓] ALL:✗ | prob=52.5% zone=neutral score=0.41 | spread=1.9% depth=$22085 vol=59% | persist=0s remain=622s | ○ NO_ENTER
19:49:39 INFO  | [SOL15m] [T:✗L:✓S:✓V:✓N:✓] ALL:✗ | prob=70.5% zone=neutral score=0.40 | spread=1.4% depth=$12758 vol=67% | persist=0s remain=622s | ○ NO_ENTER
19:49:39 INFO  | [XRP15m] [T:✗L:✓S:✓V:✓N:✓] ALL:✗ | prob=59.5% zone=neutral score=0.39 | spread=1.7% depth=$11284 vol=51% | persist=0s remain=622s | ○ NO_ENTER
19:49:40 INFO  | [BTC15m] [T:✗L:✓S:✓V:✓N:✗] ALL:✗ | prob=67.5% zone=neutral score=0.45 | spread=1.5% depth=$66580 vol=38% | persist=0s remain=621s | ○ NO_ENTER
19:49:40 INFO  | [ETH15m] [T:✗L:✓S:✓V:✓N:✗] ALL:✗ | prob=51.5% zone=neutral score=0.45 | spread=1.9% depth=$24421 vol=59% | persist=0s remain=621s | ○ NO_ENTER
19:49:40 INFO  | [SOL15m] [T:✗L:✓S:✓V:✓N:✗] ALL:✗ | prob=69.5% zone=neutral score=0.42 | spread=1.4% depth=$13123 vol=67% | persist=0s remain=621s | ○ NO_ENTER
19:49:40 INFO  | [XRP15m] [T:✗L:✓S:✓V:✓N:✗] ALL:✗ | prob=58.5% zone=neutral score=0.39 | spread=1.7% depth=$10969 vol=51% | persist=0s remain=621s | ○ NO_ENTER
19:49:41 INFO  | [BTC15m] [T:✗L:✓S:✓V:✓N:✓] ALL:✗ | prob=67.5% zone=neutral score=0.46 | spread=1.5% depth=$65164 vol=38% | persist=0s remain=620s | ○ NO_ENTER
19:49:41 INFO  | [ETH15m] [T:✗L:✓S:✓V:✓N:✓] ALL:✗ | prob=49.5% zone=neutral score=0.56 | spread=2.0% depth=$32635 vol=59% | persist=0s remain=620s | ○ NO_ENTER
19:49:41 INFO  | [SOL15m] [T:✗L:✓S:✓V:✓N:✓] ALL:✗ | prob=67.5% zone=neutral score=0.40 | spread=1.5% depth=$13406 vol=67% | persist=0s remain=620s | ○ NO_ENTER
19:49:41 INFO  | [XRP15m] [T:✗L:✓S:✓V:✓N:✓] ALL:✗ | prob=57.5% zone=neutral score=0.38 | spread=1.7% depth=$11135 vol=51% | persist=0s remain=620s | ○ NO_ENTER
19:49:42 INFO  | [BTC15m] [T:✗L:✓S:✓V:✓N:✓] ALL:✗ | prob=67.5% zone=neutral score=0.43 | spread=1.5% depth=$66644 vol=38% | persist=0s remain=619s | ○ NO_ENTER
19:49:42 INFO  | [ETH15m] [T:✗L:✓S:✓V:✓N:✓] ALL:✗ | prob=48.5% zone=neutral score=0.64 | spread=2.1% depth=$24414 vol=59% | persist=0s remain=619s | ○ NO_ENTER
19:49:42 INFO  | [SOL15m] [T:✗L:✓S:✓V:✓N:✓] ALL:✗ | prob=67.5% zone=neutral score=0.38 | spread=1.5% depth=$13559 vol=67% | persist=0s remain=619s | ○ NO_ENTER
19:49:42 INFO  | [XRP15m] [T:✗L:✓S:✓V:✓N:✓] ALL:✗ | prob=58.5% zone=neutral score=0.40 | spread=1.7% depth=$11112 vol=51% | persist=0s remain=619s | ○ NO_ENTER
19:49:43 INFO  | [BTC15m] [T:✗L:✓S:✓V:✓N:✓] ALL:✗ | prob=67.5% zone=neutral score=0.44 | spread=1.5% depth=$66841 vol=38% | persist=0s remain=618s | ○ NO_ENTER
19:49:43 INFO  | [ETH15m] [T:✗L:✓S:✓V:✓N:✓] ALL:✗ | prob=48.5% zone=neutral score=0.59 | spread=2.1% depth=$24354 vol=59% | persist=0s remain=618s | ○ NO_ENTER
19:49:43 INFO  | [SOL15m] [T:✗L:✓S:✓V:✓N:✓] ALL:✗ | prob=67.5% zone=neutral score=0.36 | spread=1.5% depth=$13546 vol=67% | persist=0s remain=618s | ○ NO_ENTER
19:49:43 INFO  | [XRP15m] [T:✗L:✓S:✓V:✓N:✓] ALL:✗ | prob=58.5% zone=neutral score=0.38 | spread=1.7% depth=$11050 vol=51% | persist=0s remain=618s | ○ NO_ENTER
19:49:44 INFO  | [BTC15m] [T:✗L:✓S:✓V:✓N:✓] ALL:✗ | prob=66.5% zone=neutral score=0.44 | spread=1.5% depth=$66529 vol=38% | persist=0s remain=617s | ○ NO_ENTER
19:49:44 INFO  | [ETH15m] [T:✗L:✓S:✓V:✓N:✓] ALL:✗ | prob=49.5% zone=neutral score=0.40 | spread=2.0% depth=$31576 vol=59% | persist=0s remain=617s | ○ NO_ENTER
19:49:44 INFO  | [SOL15m] [T:✗L:✓S:✓V:✓N:✓] ALL:✗ | prob=68.5% zone=neutral score=0.33 | spread=1.5% depth=$13020 vol=67% | persist=0s remain=617s | ○ NO_ENTER
19:49:44 INFO  | [XRP15m] [T:✗L:✓S:✓V:✓N:✓] ALL:✗ | prob=59.5% zone=neutral score=0.37 | spread=1.7% depth=$10888 vol=51% | persist=0s remain=617s | ○ NO_ENTER
19:49:45 INFO  | [BTC15m] [T:✗L:✓S:✓V:✓N:✓] ALL:✗ | prob=68.5% zone=neutral score=0.45 | spread=1.5% depth=$67091 vol=38% | persist=0s remain=616s | ○ NO_ENTER
19:49:45 INFO  | [ETH15m] [T:✗L:✓S:✓V:✓N:✓] ALL:✗ | prob=53.5% zone=neutral score=0.34 | spread=1.9% depth=$21735 vol=59% | persist=0s remain=616s | ○ NO_ENTER
19:49:45 INFO  | [SOL15m] [T:✗L:✓S:✓V:✓N:✓] ALL:✗ | prob=70.5% zone=neutral score=0.35 | spread=1.4% depth=$13084 vol=67% | persist=0s remain=616s | ○ NO_ENTER
19:49:45 INFO  | [XRP15m] [T:✗L:✓S:✓V:✓N:✓] ALL:✗ | prob=59.5% zone=neutral score=0.39 | spread=1.7% depth=$10960 vol=51% | persist=0s remain=616s | ○ NO_ENTER
19:49:46 INFO  | [BTC15m] [T:✗L:✓S:✓V:✓N:✓] ALL:✗ | prob=68.5% zone=neutral score=0.43 | spread=1.5% depth=$67810 vol=38% | persist=0s remain=615s | ○ NO_ENTER
19:49:46 INFO  | [ETH15m] [T:✗L:✓S:✓V:✓N:✓] ALL:✗ | prob=54.5% zone=neutral score=0.38 | spread=1.8% depth=$21953 vol=59% | persist=0s remain=615s | ○ NO_ENTER
19:49:46 INFO  | [SOL15m] [T:✗L:✓S:✓V:✓N:✓] ALL:✗ | prob=70.5% zone=neutral score=0.38 | spread=1.4% depth=$13054 vol=67% | persist=0s remain=615s | ○ NO_ENTER
19:49:46 INFO  | [XRP15m] [T:✗L:✓S:✓V:✓N:✓] ALL:✗ | prob=59.5% zone=neutral score=0.36 | spread=1.7% depth=$10984 vol=51% | persist=0s remain=615s | ○ NO_ENTER
19:49:47 INFO  | [BTC15m] [T:✗L:✓S:✓V:✓N:✓] ALL:✗ | prob=68.5% zone=neutral score=0.44 | spread=1.5% depth=$67963 vol=38% | persist=0s remain=614s | ○ NO_ENTER
19:49:47 INFO  | [ETH15m] [T:✗L:✓S:✓V:✓N:✓] ALL:✗ | prob=54.5% zone=neutral score=0.40 | spread=1.8% depth=$22400 vol=59% | persist=0s remain=614s | ○ NO_ENTER
19:49:47 INFO  | [SOL15m] [T:✗L:✓S:✓V:✓N:✓] ALL:✗ | prob=70.5% zone=neutral score=0.37 | spread=1.4% depth=$13033 vol=67% | persist=0s remain=614s | ○ NO_ENTER
19:49:47 INFO  | [XRP15m] [T:✗L:✓S:✓V:✓N:✓] ALL:✗ | prob=59.5% zone=neutral score=0.35 | spread=1.7% depth=$10994 vol=51% | persist=0s remain=614s | ○ NO_ENTER
19:49:48 INFO  | [BTC15m] [T:✗L:✓S:✓V:✓N:✓] ALL:✗ | prob=69.0% zone=neutral score=0.38 | spread=2.9% depth=$67851 vol=38% | persist=0s remain=613s | ○ NO_ENTER
19:49:48 INFO  | [ETH15m] [T:✗L:✓S:✓V:✓N:✓] ALL:✗ | prob=55.5% zone=neutral score=0.38 | spread=1.8% depth=$21425 vol=59% | persist=0s remain=613s | ○ NO_ENTER
19:49:48 INFO  | [SOL15m] [T:✗L:✓S:✓V:✓N:✓] ALL:✗ | prob=70.5% zone=neutral score=0.37 | spread=1.4% depth=$13090 vol=67% | persist=0s remain=613s | ○ NO_ENTER
19:49:48 INFO  | [XRP15m] [T:✗L:✓S:✓V:✓N:✓] ALL:✗ | prob=59.5% zone=neutral score=0.35 | spread=1.7% depth=$10985 vol=51% | persist=0s remain=613s | ○ NO_ENTER
19:49:49 INFO  | [BTC15m] [T:✗L:✓S:✓V:✓N:✓] ALL:✗ | prob=69.5% zone=neutral score=0.45 | spread=1.4% depth=$67726 vol=38% | persist=0s remain=612s | ○ NO_ENTER
19:49:49 INFO  | [ETH15m] [T:✗L:✓S:✓V:✓N:✓] ALL:✗ | prob=56.5% zone=neutral score=0.37 | spread=1.8% depth=$21282 vol=59% | persist=0s remain=612s | ○ NO_ENTER
19:49:49 INFO  | [SOL15m] [T:✗L:✓S:✓V:✓N:✓] ALL:✗ | prob=70.5% zone=neutral score=0.35 | spread=1.4% depth=$13290 vol=67% | persist=0s remain=612s | ○ NO_ENTER
19:49:49 INFO  | [XRP15m] [T:✗L:✓S:✓V:✓N:✓] ALL:✗ | prob=60.5% zone=neutral score=0.40 | spread=1.7% depth=$10934 vol=51% | persist=0s remain=612s | ○ NO_ENTER
19:49:50 INFO  | [BTC15m] [T:✗L:✓S:✓V:✓N:✓] ALL:✗ | prob=70.5% zone=neutral score=0.44 | spread=1.4% depth=$66422 vol=38% | persist=0s remain=611s | ○ NO_ENTER
19:49:50 INFO  | [ETH15m] [T:✗L:✓S:✓V:✓N:✓] ALL:✗ | prob=57.5% zone=neutral score=0.35 | spread=1.7% depth=$20303 vol=59% | persist=0s remain=611s | ○ NO_ENTER
19:49:50 INFO  | [SOL15m] [T:✗L:✓S:✓V:✓N:✓] ALL:✗ | prob=72.5% zone=neutral score=0.34 | spread=1.4% depth=$13252 vol=67% | persist=0s remain=611s | ○ NO_ENTER
19:49:50 INFO  | [XRP15m] [T:✗L:✓S:✓V:✓N:✓] ALL:✗ | prob=64.5% zone=neutral score=0.39 | spread=1.6% depth=$10876 vol=51% | persist=0s remain=611s | ○ NO_ENTER
19:49:51 INFO  | [BTC15m] [T:✗L:✓S:✓V:✓N:✓] ALL:✗ | prob=70.5% zone=neutral score=0.45 | spread=1.4% depth=$66682 vol=38% | persist=0s remain=610s | ○ NO_ENTER
19:49:51 INFO  | [ETH15m] [T:✗L:✓S:✓V:✓N:✓] ALL:✗ | prob=57.5% zone=neutral score=0.39 | spread=1.7% depth=$20790 vol=59% | persist=0s remain=610s | ○ NO_ENTER
19:49:51 INFO  | [SOL15m] [T:✗L:✓S:✓V:✓N:✓] ALL:✗ | prob=72.5% zone=neutral score=0.34 | spread=1.4% depth=$13290 vol=67% | persist=0s remain=610s | ○ NO_ENTER
19:49:51 INFO  | [XRP15m] [T:✗L:✓S:✓V:✓N:✓] ALL:✗ | prob=65.0% zone=neutral score=0.32 | spread=3.1% depth=$10964 vol=51% | persist=0s remain=610s | ○ NO_ENTER
19:49:52 INFO  | [BTC15m] [T:✗L:✓S:✓V:✓N:✓] ALL:✗ | prob=70.5% zone=neutral score=0.44 | spread=1.4% depth=$66194 vol=38% | persist=0s remain=609s | ○ NO_ENTER
19:49:52 INFO  | [ETH15m] [T:✗L:✓S:✓V:✓N:✓] ALL:✗ | prob=57.5% zone=neutral score=0.38 | spread=1.7% depth=$20820 vol=59% | persist=0s remain=609s | ○ NO_ENTER
19:49:52 INFO  | [SOL15m] [T:✗L:✓S:✓V:✓N:✓] ALL:✗ | prob=72.5% zone=neutral score=0.36 | spread=1.4% depth=$13295 vol=67% | persist=0s remain=609s | ○ NO_ENTER
19:49:52 INFO  | [XRP15m] [T:✗L:✓S:✓V:✓N:✓] ALL:✗ | prob=65.5% zone=neutral score=0.38 | spread=1.5% depth=$10824 vol=51% | persist=0s remain=609s | ○ NO_ENTER
19:49:53 INFO  | [BTC15m] [T:✗L:✓S:✓V:✓N:✓] ALL:✗ | prob=70.5% zone=neutral score=0.45 | spread=1.4% depth=$66331 vol=38% | persist=0s remain=608s | ○ NO_ENTER
19:49:53 INFO  | [ETH15m] [T:✗L:✓S:✓V:✓N:✓] ALL:✗ | prob=56.5% zone=neutral score=0.44 | spread=1.8% depth=$22088 vol=59% | persist=0s remain=608s | ○ NO_ENTER
19:49:53 INFO  | [SOL15m] [T:✗L:✓S:✓V:✓N:✓] ALL:✗ | prob=72.5% zone=neutral score=0.40 | spread=1.4% depth=$13300 vol=67% | persist=0s remain=608s | ○ NO_ENTER
19:49:53 INFO  | [XRP15m] [T:✗L:✓S:✓V:✓N:✓] ALL:✗ | prob=63.5% zone=neutral score=0.39 | spread=1.6% depth=$11055 vol=51% | persist=0s remain=608s | ○ NO_ENTER
19:49:54 INFO  | [BTC15m] [T:✗L:✓S:✓V:✓N:✓] ALL:✗ | prob=71.5% zone=neutral score=0.50 | spread=1.4% depth=$66307 vol=38% | persist=0s remain=607s | ○ NO_ENTER
19:49:54 INFO  | [ETH15m] [T:✗L:✓S:✓V:✓N:✓] ALL:✗ | prob=56.5% zone=neutral score=0.43 | spread=1.8% depth=$21908 vol=59% | persist=0s remain=607s | ○ NO_ENTER
19:49:54 INFO  | [SOL15m] [T:✗L:✓S:✓V:✓N:✓] ALL:✗ | prob=72.5% zone=neutral score=0.39 | spread=1.4% depth=$13441 vol=67% | persist=0s remain=607s | ○ NO_ENTER
19:49:54 INFO  | [XRP15m] [T:✗L:✓S:✓V:✓N:✓] ALL:✗ | prob=64.0% zone=neutral score=0.37 | spread=3.1% depth=$11029 vol=51% | persist=0s remain=607s | ○ NO_ENTER
19:49:55 INFO  | [BTC15m] [T:✗L:✓S:✓V:✓N:✓] ALL:✗ | prob=68.0% zone=neutral score=0.37 | spread=2.9% depth=$66960 vol=38% | persist=0s remain=606s | ○ NO_ENTER
19:49:55 INFO  | [ETH15m] [T:✗L:✓S:✓V:✓N:✓] ALL:✗ | prob=50.5% zone=neutral score=0.56 | spread=2.0% depth=$32353 vol=59% | persist=0s remain=606s | ○ NO_ENTER
19:49:55 INFO  | [SOL15m] [T:✗L:✓S:✓V:✓N:✓] ALL:✗ | prob=68.5% zone=neutral score=0.37 | spread=1.5% depth=$13260 vol=67% | persist=0s remain=606s | ○ NO_ENTER
19:49:55 INFO  | [XRP15m] [T:✗L:✓S:✓V:✓N:✓] ALL:✗ | prob=59.5% zone=neutral score=0.39 | spread=1.7% depth=$10898 vol=51% | persist=0s remain=606s | ○ NO_ENTER
19:49:56 INFO  | [BTC15m] [T:✗L:✓S:✓V:✓N:✓] ALL:✗ | prob=68.0% zone=neutral score=0.39 | spread=2.9% depth=$66471 vol=38% | persist=0s remain=605s | ○ NO_ENTER
19:49:56 INFO  | [ETH15m] [T:✗L:✓S:✓V:✓N:✓] ALL:✗ | prob=45.5% zone=neutral score=0.66 | spread=2.2% depth=$22858 vol=59% | persist=0s remain=605s | ○ NO_ENTER
19:49:56 INFO  | [SOL15m] [T:✗L:✓S:✓V:✓N:✓] ALL:✗ | prob=68.5% zone=neutral score=0.36 | spread=1.5% depth=$13066 vol=67% | persist=0s remain=605s | ○ NO_ENTER
19:49:56 INFO  | [XRP15m] [T:✗L:✓S:✓V:✓N:✓] ALL:✗ | prob=58.5% zone=neutral score=0.38 | spread=1.7% depth=$10910 vol=51% | persist=0s remain=605s | ○ NO_ENTER
19:49:57 INFO  | [BTC15m] [T:✗L:✓S:✓V:✓N:✓] ALL:✗ | prob=64.5% zone=neutral score=0.43 | spread=1.6% depth=$68472 vol=38% | persist=0s remain=604s | ○ NO_ENTER
19:49:57 INFO  | [ETH15m] [T:✗L:✓S:✓V:✓N:✓] ALL:✗ | prob=45.5% zone=neutral score=0.58 | spread=2.2% depth=$22406 vol=59% | persist=0s remain=604s | ○ NO_ENTER
19:49:57 INFO  | [SOL15m] [T:✗L:✓S:✓V:✓N:✓] ALL:✗ | prob=67.5% zone=neutral score=0.37 | spread=1.5% depth=$13424 vol=67% | persist=0s remain=604s | ○ NO_ENTER
19:49:57 INFO  | [XRP15m] [T:✗L:✓S:✓V:✓N:✓] ALL:✗ | prob=60.5% zone=neutral score=0.39 | spread=1.7% depth=$10937 vol=51% | persist=0s remain=604s | ○ NO_ENTER
19:49:58 INFO  | [BTC15m] [T:✗L:✓S:✓V:✓N:✓] ALL:✗ | prob=65.5% zone=neutral score=0.40 | spread=1.5% depth=$68276 vol=38% | persist=0s remain=603s | ○ NO_ENTER
19:49:58 INFO  | [ETH15m] [T:✗L:✓S:✓V:✓N:✓] ALL:✗ | prob=45.5% zone=neutral score=0.58 | spread=2.2% depth=$22696 vol=59% | persist=0s remain=603s | ○ NO_ENTER
19:49:58 INFO  | [SOL15m] [T:✗L:✓S:✓V:✓N:✓] ALL:✗ | prob=67.5% zone=neutral score=0.36 | spread=1.5% depth=$13401 vol=67% | persist=0s remain=603s | ○ NO_ENTER
19:49:58 INFO  | [XRP15m] [T:✗L:✓S:✓V:✓N:✓] ALL:✗ | prob=60.5% zone=neutral score=0.40 | spread=1.7% depth=$11045 vol=51% | persist=0s remain=603s | ○ NO_ENTER
19:49:59 INFO  | [BTC15m] [T:✗L:✓S:✓V:✓N:✓] ALL:✗ | prob=64.5% zone=neutral score=0.42 | spread=1.6% depth=$69347 vol=38% | persist=0s remain=602s | ○ NO_ENTER
19:49:59 INFO  | [ETH15m] [T:✗L:✓S:✓V:✓N:✓] ALL:✗ | prob=45.5% zone=neutral score=0.58 | spread=2.2% depth=$23191 vol=59% | persist=0s remain=602s | ○ NO_ENTER
19:49:59 INFO  | [SOL15m] [T:✗L:✓S:✓V:✓N:✓] ALL:✗ | prob=67.5% zone=neutral score=0.36 | spread=1.5% depth=$13552 vol=67% | persist=0s remain=602s | ○ NO_ENTER
19:49:59 INFO  | [XRP15m] [T:✗L:✓S:✓V:✓N:✓] ALL:✗ | prob=59.5% zone=neutral score=0.40 | spread=1.7% depth=$11010 vol=51% | persist=0s remain=602s | ○ NO_ENTER
19:50:00 INFO  | [BTC15m] [T:✗L:✓S:✓V:✓N:✓] ALL:✗ | prob=64.5% zone=neutral score=0.42 | spread=1.6% depth=$68895 vol=38% | persist=0s remain=601s | ○ NO_ENTER
19:50:00 INFO  | [ETH15m] [T:✗L:✓S:✓V:✓N:✓] ALL:✗ | prob=45.5% zone=neutral score=0.60 | spread=2.2% depth=$22723 vol=59% | persist=0s remain=601s | ○ NO_ENTER
19:50:00 INFO  | [SOL15m] [T:✗L:✓S:✓V:✓N:✓] ALL:✗ | prob=67.5% zone=neutral score=0.36 | spread=1.5% depth=$13833 vol=67% | persist=0s remain=601s | ○ NO_ENTER
19:50:00 INFO  | [XRP15m] [T:✗L:✓S:✓V:✓N:✓] ALL:✗ | prob=57.5% zone=neutral score=0.40 | spread=1.7% depth=$10939 vol=51% | persist=0s remain=601s | ○ NO_ENTER
19:50:01 INFO  | [BTC15m] [T:✗L:✓S:✓V:✓N:✓] ALL:✗ | prob=64.5% zone=neutral score=0.42 | spread=1.6% depth=$68641 vol=38% | persist=0s remain=600s | ○ NO_ENTER
19:50:01 INFO  | [ETH15m] [T:✗L:✓S:✓V:✓N:✓] ALL:✗ | prob=45.5% zone=neutral score=0.55 | spread=2.2% depth=$22499 vol=59% | persist=0s remain=600s | ○ NO_ENTER
19:50:01 INFO  | [SOL15m] [T:✗L:✓S:✓V:✓N:✓] ALL:✗ | prob=67.5% zone=neutral score=0.36 | spread=1.5% depth=$13894 vol=67% | persist=0s remain=600s | ○ NO_ENTER
19:50:01 INFO  | [XRP15m] [T:✗L:✓S:✓V:✓N:✓] ALL:✗ | prob=58.5% zone=neutral score=0.40 | spread=1.7% depth=$11000 vol=51% | persist=0s remain=600s | ○ NO_ENTER
19:50:02 INFO  | [BTC15m] [T:✗L:✓S:✓V:✓N:✓] ALL:✗ | prob=64.5% zone=neutral score=0.42 | spread=1.6% depth=$68856 vol=38% | persist=0s remain=599s | ○ NO_ENTER
19:50:02 INFO  | [ETH15m] [T:✗L:✓S:✓V:✓N:✓] ALL:✗ | prob=47.5% zone=neutral score=0.58 | spread=2.1% depth=$23644 vol=59% | persist=0s remain=599s | ○ NO_ENTER
19:50:02 INFO  | [SOL15m] [T:✗L:✓S:✓V:✓N:✓] ALL:✗ | prob=67.5% zone=neutral score=0.36 | spread=1.5% depth=$13901 vol=67% | persist=0s remain=599s | ○ NO_ENTER
19:50:02 INFO  | [XRP15m] [T:✗L:✓S:✓V:✓N:✓] ALL:✗ | prob=58.5% zone=neutral score=0.39 | spread=1.7% depth=$11036 vol=51% | persist=0s remain=599s | ○ NO_ENTER
19:50:03 INFO  | [BTC15m] [T:✗L:✓S:✓V:✓N:✓] ALL:✗ | prob=64.5% zone=neutral score=0.43 | spread=1.6% depth=$69332 vol=38% | persist=0s remain=598s | ○ NO_ENTER
19:50:03 INFO  | [ETH15m] [T:✗L:✓S:✓V:✓N:✓] ALL:✗ | prob=44.5% zone=neutral score=0.60 | spread=2.2% depth=$23078 vol=55% | persist=0s remain=598s | ○ NO_ENTER
19:50:03 INFO  | [SOL15m] [T:✗L:✓S:✓V:✓N:✓] ALL:✗ | prob=65.5% zone=neutral score=0.35 | spread=1.5% depth=$13263 vol=67% | persist=0s remain=598s | ○ NO_ENTER
19:50:03 INFO  | [XRP15m] [T:✗L:✓S:✓V:✓N:✓] ALL:✗ | prob=57.5% zone=neutral score=0.40 | spread=1.7% depth=$11064 vol=51% | persist=0s remain=598s | ○ NO_ENTER
19:50:04 INFO  | [BTC15m] [T:✗L:✓S:✓V:✓N:✓] ALL:✗ | prob=65.5% zone=neutral score=0.40 | spread=1.5% depth=$67026 vol=38% | persist=0s remain=597s | ○ NO_ENTER
19:50:04 INFO  | [ETH15m] [T:✗L:✓S:✓V:✓N:✓] ALL:✗ | prob=51.5% zone=neutral score=0.34 | spread=1.9% depth=$23945 vol=55% | persist=0s remain=597s | ○ NO_ENTER
19:50:04 INFO  | [SOL15m] [T:✗L:✓S:✓V:✓N:✓] ALL:✗ | prob=67.0% zone=neutral score=0.28 | spread=3.0% depth=$13230 vol=67% | persist=0s remain=597s | ○ NO_ENTER
19:50:04 INFO  | [XRP15m] [T:✗L:✓S:✓V:✓N:✓] ALL:✗ | prob=58.5% zone=neutral score=0.35 | spread=1.7% depth=$10859 vol=51% | persist=0s remain=597s | ○ NO_ENTER
19:50:05 INFO  | [BTC15m] [T:✗L:✓S:✓V:✓N:✓] ALL:✗ | prob=68.5% zone=neutral score=0.45 | spread=1.5% depth=$67517 vol=38% | persist=0s remain=596s | ○ NO_ENTER
19:50:05 INFO  | [ETH15m] [T:✗L:✓S:✓V:✓N:✓] ALL:✗ | prob=51.5% zone=neutral score=0.43 | spread=1.9% depth=$24139 vol=55% | persist=0s remain=596s | ○ NO_ENTER
19:50:05 INFO  | [SOL15m] [T:✗L:✓S:✓V:✓N:✓] ALL:✗ | prob=67.5% zone=neutral score=0.31 | spread=1.5% depth=$13309 vol=71% | persist=0s remain=596s | ○ NO_ENTER
19:50:05 INFO  | [XRP15m] [T:✗L:✓S:✓V:✓N:✓] ALL:✗ | prob=58.5% zone=neutral score=0.34 | spread=1.7% depth=$10883 vol=51% | persist=0s remain=596s | ○ NO_ENTER
19:50:06 INFO  | [BTC15m] [T:✗L:✓S:✓V:✓N:✓] ALL:✗ | prob=68.5% zone=neutral score=0.44 | spread=1.5% depth=$68332 vol=42% | persist=0s remain=595s | ○ NO_ENTER
19:50:06 INFO  | [ETH15m] [T:✗L:✓S:✓V:✓N:✓] ALL:✗ | prob=51.5% zone=neutral score=0.43 | spread=1.9% depth=$24258 vol=55% | persist=0s remain=595s | ○ NO_ENTER
19:50:06 INFO  | [SOL15m] [T:✗L:✓S:✓V:✓N:✓] ALL:✗ | prob=68.5% zone=neutral score=0.38 | spread=1.5% depth=$13254 vol=71% | persist=0s remain=595s | ○ NO_ENTER
19:50:06 INFO  | [XRP15m] [T:✗L:✓S:✓V:✓N:✓] ALL:✗ | prob=61.5% zone=neutral score=0.39 | spread=1.6% depth=$10867 vol=51% | persist=0s remain=595s | ○ NO_ENTER
19:50:07 INFO  | [BTC15m] [T:✗L:✓S:✓V:✓N:✓] ALL:✗ | prob=70.5% zone=neutral score=0.41 | spread=1.4% depth=$62033 vol=42% | persist=0s remain=594s | ○ NO_ENTER
19:50:07 INFO  | [ETH15m] [T:✗L:✓S:✓V:✓N:✓] ALL:✗ | prob=53.5% zone=neutral score=0.36 | spread=1.9% depth=$21173 vol=55% | persist=0s remain=594s | ○ NO_ENTER
19:50:07 INFO  | [SOL15m] [T:✗L:✓S:✓V:✓N:✓] ALL:✗ | prob=68.5% zone=neutral score=0.34 | spread=1.5% depth=$13396 vol=71% | persist=0s remain=594s | ○ NO_ENTER
19:50:07 INFO  | [XRP15m] [T:✗L:✓S:✓V:✓N:✓] ALL:✗ | prob=64.5% zone=neutral score=0.39 | spread=1.6% depth=$10905 vol=51% | persist=0s remain=594s | ○ NO_ENTER
19:50:08 INFO  | [BTC15m] [T:✗L:✓S:✓V:✓N:✓] ALL:✗ | prob=72.5% zone=neutral score=0.49 | spread=1.4% depth=$66762 vol=42% | persist=0s remain=593s | ○ NO_ENTER
19:50:08 INFO  | [ETH15m] [T:✗L:✓S:✓V:✓N:✓] ALL:✗ | prob=53.5% zone=neutral score=0.38 | spread=1.9% depth=$21636 vol=55% | persist=0s remain=593s | ○ NO_ENTER
19:50:08 INFO  | [SOL15m] [T:✗L:✓S:✓V:✓N:✓] ALL:✗ | prob=68.5% zone=neutral score=0.37 | spread=1.5% depth=$13414 vol=71% | persist=0s remain=593s | ○ NO_ENTER
19:50:08 INFO  | [XRP15m] [T:✗L:✓S:✓V:✓N:✓] ALL:✗ | prob=64.5% zone=neutral score=0.39 | spread=1.6% depth=$10897 vol=51% | persist=0s remain=593s | ○ NO_ENTER
19:50:09 INFO  | [BTC15m] [T:✗L:✓S:✓V:✓N:✓] ALL:✗ | prob=71.5% zone=neutral score=0.49 | spread=1.4% depth=$66639 vol=42% | persist=0s remain=592s | ○ NO_ENTER
19:50:09 INFO  | [ETH15m] [T:✗L:✓S:✓V:✓N:✓] ALL:✗ | prob=53.5% zone=neutral score=0.39 | spread=1.9% depth=$21559 vol=55% | persist=0s remain=592s | ○ NO_ENTER
19:50:09 INFO  | [SOL15m] [T:✗L:✓S:✓V:✓N:✓] ALL:✗ | prob=68.5% zone=neutral score=0.37 | spread=1.5% depth=$13435 vol=71% | persist=0s remain=592s | ○ NO_ENTER
19:50:09 INFO  | [XRP15m] [T:✗L:✓S:✓V:✓N:✓] ALL:✗ | prob=64.0% zone=neutral score=0.34 | spread=3.1% depth=$10958 vol=51% | persist=0s remain=592s | ○ NO_ENTER
19:50:10 INFO  | [BTC15m] [T:✗L:✓S:✓V:✓N:✓] ALL:✗ | prob=71.5% zone=neutral score=0.51 | spread=1.4% depth=$66695 vol=42% | persist=0s remain=591s | ○ NO_ENTER
19:50:10 INFO  | [ETH15m] [T:✗L:✓S:✓V:✓N:✓] ALL:✗ | prob=53.5% zone=neutral score=0.40 | spread=1.9% depth=$21063 vol=55% | persist=0s remain=591s | ○ NO_ENTER
19:50:10 INFO  | [SOL15m] [T:✗L:✓S:✓V:✓N:✓] ALL:✗ | prob=68.5% zone=neutral score=0.37 | spread=1.5% depth=$13295 vol=71% | persist=0s remain=591s | ○ NO_ENTER
19:50:10 INFO  | [XRP15m] [T:✗L:✓S:✓V:✓N:✓] ALL:✗ | prob=62.5% zone=neutral score=0.39 | spread=1.6% depth=$10860 vol=51% | persist=0s remain=591s | ○ NO_ENTER
19:50:11 INFO  | [BTC15m] [T:✗L:✓S:✓V:✓N:✓] ALL:✗ | prob=67.5% zone=neutral score=0.43 | spread=1.5% depth=$68038 vol=42% | persist=0s remain=590s | ○ NO_ENTER
19:50:11 INFO  | [ETH15m] [T:✗L:✓S:✓V:✓N:✓] ALL:✗ | prob=49.5% zone=neutral score=0.55 | spread=2.0% depth=$31956 vol=55% | persist=0s remain=590s | ○ NO_ENTER
19:50:11 INFO  | [SOL15m] [T:✗L:✓S:✓V:✓N:✓] ALL:✗ | prob=66.5% zone=neutral score=0.30 | spread=1.5% depth=$13104 vol=71% | persist=0s remain=590s | ○ NO_ENTER
19:50:11 INFO  | [XRP15m] [T:✗L:✓S:✓V:✓N:✓] ALL:✗ | prob=60.5% zone=neutral score=0.40 | spread=1.7% depth=$10838 vol=51% | persist=0s remain=590s | ○ NO_ENTER
19:50:12 INFO  | [BTC15m] [T:✗L:✓S:✓V:✓N:✓] ALL:✗ | prob=67.5% zone=neutral score=0.44 | spread=1.5% depth=$67513 vol=42% | persist=0s remain=589s | ○ NO_ENTER
19:50:12 INFO  | [ETH15m] [T:✗L:✓S:✓V:✓N:✓] ALL:✗ | prob=49.5% zone=neutral score=0.50 | spread=2.0% depth=$32715 vol=55% | persist=0s remain=589s | ○ NO_ENTER
19:50:12 INFO  | [SOL15m] [T:✗L:✓S:✓V:✓N:✓] ALL:✗ | prob=66.5% zone=neutral score=0.33 | spread=1.5% depth=$12927 vol=71% | persist=0s remain=589s | ○ NO_ENTER
19:50:12 INFO  | [XRP15m] [T:✗L:✓S:✓V:✓N:✓] ALL:✗ | prob=60.5% zone=neutral score=0.41 | spread=1.7% depth=$10958 vol=51% | persist=0s remain=589s | ○ NO_ENTER
19:50:13 INFO  | [BTC15m] [T:✗L:✓S:✓V:✓N:✓] ALL:✗ | prob=66.5% zone=neutral score=0.42 | spread=1.5% depth=$67671 vol=42% | persist=0s remain=588s | ○ NO_ENTER
19:50:13 INFO  | [ETH15m] [T:✗L:✓S:✓V:✓N:✓] ALL:✗ | prob=49.5% zone=neutral score=0.49 | spread=2.0% depth=$32195 vol=55% | persist=0s remain=588s | ○ NO_ENTER
19:50:13 INFO  | [SOL15m] [T:✗L:✓S:✓V:✓N:✓] ALL:✗ | prob=66.5% zone=neutral score=0.35 | spread=1.5% depth=$13067 vol=71% | persist=0s remain=588s | ○ NO_ENTER
19:50:13 INFO  | [XRP15m] [T:✗L:✓S:✓V:✓N:✓] ALL:✗ | prob=60.5% zone=neutral score=0.41 | spread=1.7% depth=$10994 vol=51% | persist=0s remain=588s | ○ NO_ENTER
19:50:14 INFO  | [BTC15m] [T:✗L:✓S:✓V:✓N:✓] ALL:✗ | prob=66.5% zone=neutral score=0.42 | spread=1.5% depth=$67573 vol=42% | persist=0s remain=587s | ○ NO_ENTER
19:50:14 INFO  | [ETH15m] [T:✗L:✓S:✓V:✓N:✓] ALL:✗ | prob=49.5% zone=neutral score=0.48 | spread=2.0% depth=$32249 vol=55% | persist=0s remain=587s | ○ NO_ENTER
19:50:14 INFO  | [SOL15m] [T:✗L:✓S:✓V:✓N:✓] ALL:✗ | prob=67.5% zone=neutral score=0.32 | spread=1.5% depth=$13028 vol=71% | persist=0s remain=587s | ○ NO_ENTER
19:50:14 INFO  | [XRP15m] [T:✗L:✓S:✓V:✓N:✓] ALL:✗ | prob=60.5% zone=neutral score=0.39 | spread=1.7% depth=$11029 vol=51% | persist=0s remain=587s | ○ NO_ENTER
19:50:14 INFO  | 📊 Balance: $100.00 | Open: 0 | Trades: 0 (W:0/L:0) | Win Rate: 0% | PnL: $+0.00 | ROI: +0.0%
19:50:15 INFO  | [BTC15m] [T:✗L:✓S:✓V:✓N:✓] ALL:✗ | prob=66.5% zone=neutral score=0.42 | spread=1.5% depth=$67411 vol=42% | persist=0s remain=586s | ○ NO_ENTER
19:50:15 INFO  | [ETH15m] [T:✗L:✓S:✓V:✓N:✓] ALL:✗ | prob=49.5% zone=neutral score=0.50 | spread=2.0% depth=$32001 vol=55% | persist=0s remain=586s | ○ NO_ENTER
19:50:15 INFO  | [SOL15m] [T:✗L:✓S:✓V:✓N:✓] ALL:✗ | prob=67.5% zone=neutral score=0.38 | spread=1.5% depth=$13287 vol=71% | persist=0s remain=586s | ○ NO_ENTER
19:50:15 INFO  | [XRP15m] [T:✗L:✓S:✓V:✓N:✓] ALL:✗ | prob=62.5% zone=neutral score=0.37 | spread=1.6% depth=$10885 vol=51% | persist=0s remain=586s | ○ NO_ENTER
19:50:16 INFO  | [BTC15m] [T:✗L:✓S:✓V:✓N:✓] ALL:✗ | prob=66.5% zone=neutral score=0.42 | spread=1.5% depth=$67651 vol=42% | persist=0s remain=585s | ○ NO_ENTER
19:50:16 INFO  | [ETH15m] [T:✗L:✓S:✓V:✓N:✓] ALL:✗ | prob=49.5% zone=neutral score=0.50 | spread=2.0% depth=$32170 vol=55% | persist=0s remain=585s | ○ NO_ENTER
19:50:16 INFO  | [SOL15m] [T:✗L:✓S:✓V:✓N:✓] ALL:✗ | prob=67.5% zone=neutral score=0.33 | spread=1.5% depth=$13317 vol=71% | persist=0s remain=585s | ○ NO_ENTER
19:50:16 INFO  | [XRP15m] [T:✗L:✓S:✓V:✓N:✓] ALL:✗ | prob=64.5% zone=neutral score=0.37 | spread=1.6% depth=$10820 vol=51% | persist=0s remain=585s | ○ NO_ENTER
19:50:17 INFO  | [BTC15m] [T:✗L:✓S:✓V:✓N:✓] ALL:✗ | prob=66.5% zone=neutral score=0.42 | spread=1.5% depth=$67677 vol=42% | persist=0s remain=584s | ○ NO_ENTER
19:50:17 INFO  | [ETH15m] [T:✗L:✓S:✓V:✓N:✓] ALL:✗ | prob=49.5% zone=neutral score=0.49 | spread=2.0% depth=$32817 vol=55% | persist=0s remain=584s | ○ NO_ENTER
19:50:17 INFO  | [SOL15m] [T:✗L:✓S:✓V:✓N:✓] ALL:✗ | prob=68.5% zone=neutral score=0.34 | spread=1.5% depth=$13377 vol=71% | persist=0s remain=584s | ○ NO_ENTER
19:50:17 INFO  | [XRP15m] [T:✗L:✓S:✓V:✓N:✓] ALL:✗ | prob=64.5% zone=neutral score=0.37 | spread=1.6% depth=$10850 vol=51% | persist=0s remain=584s | ○ NO_ENTER
19:50:18 INFO  | [BTC15m] [T:✗L:✓S:✓V:✓N:✓] ALL:✗ | prob=66.5% zone=neutral score=0.42 | spread=1.5% depth=$68644 vol=42% | persist=0s remain=583s | ○ NO_ENTER
19:50:18 INFO  | [ETH15m] [T:✗L:✓S:✓V:✓N:✓] ALL:✗ | prob=49.5% zone=neutral score=0.50 | spread=2.0% depth=$32366 vol=55% | persist=0s remain=583s | ○ NO_ENTER
19:50:18 INFO  | [SOL15m] [T:✗L:✓S:✓V:✓N:✓] ALL:✗ | prob=67.5% zone=neutral score=0.35 | spread=1.5% depth=$13457 vol=71% | persist=0s remain=583s | ○ NO_ENTER
19:50:18 INFO  | [XRP15m] [T:✗L:✓S:✓V:✓N:✓] ALL:✗ | prob=66.5% zone=neutral score=0.38 | spread=1.5% depth=$10986 vol=51% | persist=0s remain=583s | ○ NO_ENTER
19:50:19 INFO  | [BTC15m] [T:✗L:✓S:✓V:✓N:✓] ALL:✗ | prob=67.5% zone=neutral score=0.44 | spread=1.5% depth=$67497 vol=42% | persist=0s remain=582s | ○ NO_ENTER
19:50:19 INFO  | [ETH15m] [T:✗L:✓S:✓V:✓N:✓] ALL:✗ | prob=49.5% zone=neutral score=0.53 | spread=2.0% depth=$32286 vol=55% | persist=0s remain=582s | ○ NO_ENTER
19:50:19 INFO  | [SOL15m] [T:✗L:✓S:✓V:✓N:✓] ALL:✗ | prob=67.5% zone=neutral score=0.37 | spread=1.5% depth=$13511 vol=71% | persist=0s remain=582s | ○ NO_ENTER
19:50:19 INFO  | [XRP15m] [T:✗L:✓S:✓V:✓N:✓] ALL:✗ | prob=66.5% zone=neutral score=0.38 | spread=1.5% depth=$11045 vol=51% | persist=0s remain=582s | ○ NO_ENTER
19:50:20 INFO  | [BTC15m] [T:✗L:✓S:✓V:✓N:✓] ALL:✗ | prob=67.5% zone=neutral score=0.45 | spread=1.5% depth=$68913 vol=42% | persist=0s remain=581s | ○ NO_ENTER
19:50:20 INFO  | [ETH15m] [T:✗L:✓S:✓V:✓N:✓] ALL:✗ | prob=49.5% zone=neutral score=0.51 | spread=2.0% depth=$32711 vol=55% | persist=0s remain=581s | ○ NO_ENTER
19:50:20 INFO  | [SOL15m] [T:✗L:✓S:✓V:✓N:✓] ALL:✗ | prob=67.5% zone=neutral score=0.37 | spread=1.5% depth=$13491 vol=71% | persist=0s remain=581s | ○ NO_ENTER
19:50:20 INFO  | [XRP15m] [T:✗L:✓S:✓V:✓N:✓] ALL:✗ | prob=66.5% zone=neutral score=0.40 | spread=1.5% depth=$11106 vol=51% | persist=0s remain=581s | ○ NO_ENTER
19:50:21 INFO  | [BTC15m] [T:✗L:✓S:✓V:✓N:✓] ALL:✗ | prob=68.5% zone=neutral score=0.45 | spread=1.5% depth=$68600 vol=42% | persist=0s remain=580s | ○ NO_ENTER
19:50:21 INFO  | [ETH15m] [T:✗L:✓S:✓V:✓N:✓] ALL:✗ | prob=49.5% zone=neutral score=0.50 | spread=2.0% depth=$32285 vol=55% | persist=0s remain=580s | ○ NO_ENTER
19:50:21 INFO  | [SOL15m] [T:✗L:✓S:✓V:✓N:✓] ALL:✗ | prob=68.0% zone=neutral score=0.31 | spread=2.9% depth=$13762 vol=71% | persist=0s remain=580s | ○ NO_ENTER
19:50:21 INFO  | [XRP15m] [T:✗L:✓S:✓V:✓N:✓] ALL:✗ | prob=66.5% zone=neutral score=0.41 | spread=1.5% depth=$11058 vol=51% | persist=0s remain=580s | ○ NO_ENTER
19:50:22 INFO  | [BTC15m] [T:✗L:✓S:✓V:✓N:✓] ALL:✗ | prob=69.5% zone=neutral score=0.43 | spread=1.4% depth=$68412 vol=42% | persist=0s remain=579s | ○ NO_ENTER
19:50:22 INFO  | [ETH15m] [T:✗L:✓S:✓V:✓N:✓] ALL:✗ | prob=50.5% zone=neutral score=0.46 | spread=2.0% depth=$31891 vol=55% | persist=0s remain=579s | ○ NO_ENTER
19:50:22 INFO  | [SOL15m] [T:✗L:✓S:✓V:✓N:✓] ALL:✗ | prob=68.0% zone=neutral score=0.30 | spread=2.9% depth=$13732 vol=71% | persist=0s remain=579s | ○ NO_ENTER
19:50:22 INFO  | [XRP15m] [T:✗L:✓S:✓V:✓N:✓] ALL:✗ | prob=66.5% zone=neutral score=0.40 | spread=1.5% depth=$11025 vol=51% | persist=0s remain=579s | ○ NO_ENTER
19:50:23 INFO  | [BTC15m] [T:✗L:✓S:✓V:✓N:✓] ALL:✗ | prob=69.5% zone=neutral score=0.44 | spread=1.4% depth=$68704 vol=42% | persist=0s remain=578s | ○ NO_ENTER
19:50:23 INFO  | [ETH15m] [T:✗L:✓S:✓V:✓N:✓] ALL:✗ | prob=50.5% zone=neutral score=0.50 | spread=2.0% depth=$32538 vol=55% | persist=0s remain=578s | ○ NO_ENTER
19:50:23 INFO  | [SOL15m] [T:✗L:✓S:✓V:✓N:✓] ALL:✗ | prob=68.5% zone=neutral score=0.35 | spread=1.5% depth=$13805 vol=71% | persist=0s remain=578s | ○ NO_ENTER
19:50:23 INFO  | [XRP15m] [T:✗L:✓S:✓V:✓N:✓] ALL:✗ | prob=66.5% zone=neutral score=0.40 | spread=1.5% depth=$10981 vol=51% | persist=0s remain=578s | ○ NO_ENTER
19:50:24 INFO  | [BTC15m] [T:✗L:✓S:✓V:✓N:✓] ALL:✗ | prob=69.5% zone=neutral score=0.44 | spread=1.4% depth=$68694 vol=42% | persist=0s remain=577s | ○ NO_ENTER
19:50:24 INFO  | [ETH15m] [T:✗L:✓S:✓V:✓N:✓] ALL:✗ | prob=50.5% zone=neutral score=0.48 | spread=2.0% depth=$32611 vol=55% | persist=0s remain=577s | ○ NO_ENTER
19:50:24 INFO  | [SOL15m] [T:✗L:✓S:✓V:✓N:✓] ALL:✗ | prob=67.5% zone=neutral score=0.36 | spread=1.5% depth=$13808 vol=71% | persist=0s remain=577s | ○ NO_ENTER
19:50:24 INFO  | [XRP15m] [T:✗L:✓S:✓V:✓N:✓] ALL:✗ | prob=66.5% zone=neutral score=0.39 | spread=1.5% depth=$10895 vol=51% | persist=0s remain=577s | ○ NO_ENTER
19:50:25 INFO  | [BTC15m] [T:✗L:✓S:✓V:✓N:✓] ALL:✗ | prob=69.5% zone=neutral score=0.45 | spread=1.4% depth=$68025 vol=42% | persist=0s remain=576s | ○ NO_ENTER
19:50:25 INFO  | [ETH15m] [T:✗L:✓S:✓V:✓N:✓] ALL:✗ | prob=51.5% zone=neutral score=0.36 | spread=1.9% depth=$24386 vol=55% | persist=0s remain=576s | ○ NO_ENTER
19:50:25 INFO  | [SOL15m] [T:✗L:✓S:✓V:✓N:✓] ALL:✗ | prob=67.5% zone=neutral score=0.36 | spread=1.5% depth=$13847 vol=71% | persist=0s remain=576s | ○ NO_ENTER
19:50:25 INFO  | [XRP15m] [T:✗L:✓S:✓V:✓N:✓] ALL:✗ | prob=66.5% zone=neutral score=0.40 | spread=1.5% depth=$10971 vol=51% | persist=0s remain=576s | ○ NO_ENTER
19:50:26 INFO  | [BTC15m] [T:✗L:✓S:✓V:✓N:✓] ALL:✗ | prob=69.5% zone=neutral score=0.44 | spread=1.4% depth=$69027 vol=42% | persist=0s remain=575s | ○ NO_ENTER
19:50:26 INFO  | [ETH15m] [T:✗L:✓S:✓V:✓N:✓] ALL:✗ | prob=51.5% zone=neutral score=0.42 | spread=1.9% depth=$24430 vol=55% | persist=0s remain=575s | ○ NO_ENTER
19:50:26 INFO  | [SOL15m] [T:✗L:✓S:✓V:✓N:✓] ALL:✗ | prob=67.5% zone=neutral score=0.36 | spread=1.5% depth=$13852 vol=71% | persist=0s remain=575s | ○ NO_ENTER
19:50:26 INFO  | [XRP15m] [T:✗L:✓S:✓V:✓N:✓] ALL:✗ | prob=66.5% zone=neutral score=0.41 | spread=1.5% depth=$11044 vol=51% | persist=0s remain=575s | ○ NO_ENTER
19:50:27 INFO  | [BTC15m] [T:✗L:✓S:✓V:✓N:✓] ALL:✗ | prob=69.5% zone=neutral score=0.44 | spread=1.4% depth=$69321 vol=42% | persist=0s remain=574s | ○ NO_ENTER
19:50:27 INFO  | [ETH15m] [T:✗L:✓S:✓V:✓N:✓] ALL:✗ | prob=51.5% zone=neutral score=0.42 | spread=1.9% depth=$24102 vol=55% | persist=0s remain=574s | ○ NO_ENTER
19:50:27 INFO  | [SOL15m] [T:✗L:✓S:✓V:✓N:✓] ALL:✗ | prob=68.0% zone=neutral score=0.31 | spread=2.9% depth=$13885 vol=71% | persist=0s remain=574s | ○ NO_ENTER
19:50:27 INFO  | [XRP15m] [T:✗L:✓S:✓V:✓N:✓] ALL:✗ | prob=66.5% zone=neutral score=0.39 | spread=1.5% depth=$10995 vol=51% | persist=0s remain=574s | ○ NO_ENTER
19:50:28 INFO  | [BTC15m] [T:✗L:✓S:✓V:✓N:✓] ALL:✗ | prob=69.5% zone=neutral score=0.44 | spread=1.4% depth=$69214 vol=42% | persist=0s remain=573s | ○ NO_ENTER
19:50:28 INFO  | [ETH15m] [T:✗L:✓S:✓V:✓N:✓] ALL:✗ | prob=51.5% zone=neutral score=0.42 | spread=1.9% depth=$24136 vol=55% | persist=0s remain=573s | ○ NO_ENTER
19:50:28 INFO  | [SOL15m] [T:✗L:✓S:✓V:✓N:✓] ALL:✗ | prob=67.5% zone=neutral score=0.36 | spread=1.5% depth=$13861 vol=71% | persist=0s remain=573s | ○ NO_ENTER
19:50:28 INFO  | [XRP15m] [T:✗L:✓S:✓V:✓N:✓] ALL:✗ | prob=66.5% zone=neutral score=0.39 | spread=1.5% depth=$11057 vol=51% | persist=0s remain=573s | ○ NO_ENTER
19:50:29 INFO  | [BTC15m] [T:✗L:✓S:✓V:✓N:✓] ALL:✗ | prob=69.5% zone=neutral score=0.46 | spread=1.4% depth=$67706 vol=42% | persist=0s remain=572s | ○ NO_ENTER
19:50:29 INFO  | [ETH15m] [T:✗L:✓S:✓V:✓N:✓] ALL:✗ | prob=49.5% zone=neutral score=0.58 | spread=2.0% depth=$32028 vol=55% | persist=0s remain=572s | ○ NO_ENTER
19:50:29 INFO  | [SOL15m] [T:✗L:✓S:✓V:✓N:✓] ALL:✗ | prob=67.5% zone=neutral score=0.38 | spread=1.5% depth=$13228 vol=71% | persist=0s remain=572s | ○ NO_ENTER
19:50:29 INFO  | [XRP15m] [T:✗L:✓S:✓V:✓N:✓] ALL:✗ | prob=66.5% zone=neutral score=0.39 | spread=1.5% depth=$10922 vol=51% | persist=0s remain=572s | ○ NO_ENTER
19:50:30 INFO  | [BTC15m] [T:✗L:✓S:✓V:✓N:✓] ALL:✗ | prob=66.5% zone=neutral score=0.40 | spread=1.5% depth=$65988 vol=42% | persist=0s remain=571s | ○ NO_ENTER
19:50:30 INFO  | [ETH15m] [T:✗L:✓S:✓V:✓N:✓] ALL:✗ | prob=45.5% zone=neutral score=0.65 | spread=2.2% depth=$22278 vol=55% | persist=0s remain=571s | ○ NO_ENTER
19:50:30 INFO  | [SOL15m] [T:✗L:✓S:✓V:✓N:✓] ALL:✗ | prob=65.5% zone=neutral score=0.34 | spread=1.5% depth=$13241 vol=71% | persist=0s remain=571s | ○ NO_ENTER
19:50:30 INFO  | [XRP15m] [T:✗L:✓S:✓V:✓N:✓] ALL:✗ | prob=62.0% zone=neutral score=0.37 | spread=3.2% depth=$10915 vol=51% | persist=0s remain=571s | ○ NO_ENTER
19:50:31 INFO  | [BTC15m] [T:✗L:✓S:✓V:✓N:✓] ALL:✗ | prob=65.5% zone=neutral score=0.42 | spread=1.5% depth=$68299 vol=42% | persist=0s remain=570s | ○ NO_ENTER
19:50:31 INFO  | [ETH15m] [T:✗L:✓S:✓V:✓N:✓] ALL:✗ | prob=44.5% zone=neutral score=0.58 | spread=2.2% depth=$22795 vol=55% | persist=0s remain=570s | ○ NO_ENTER
19:50:31 INFO  | [SOL15m] [T:✗L:✓S:✓V:✓N:✓] ALL:✗ | prob=65.5% zone=neutral score=0.34 | spread=1.5% depth=$13396 vol=71% | persist=0s remain=570s | ○ NO_ENTER
19:50:31 INFO  | [XRP15m] [T:✗L:✓S:✓V:✓N:✓] ALL:✗ | prob=61.5% zone=neutral score=0.37 | spread=1.6% depth=$10989 vol=51% | persist=0s remain=570s | ○ NO_ENTER
19:50:32 INFO  | [BTC15m] [T:✗L:✓S:✓V:✓N:✓] ALL:✗ | prob=65.5% zone=neutral score=0.41 | spread=1.5% depth=$68509 vol=42% | persist=0s remain=569s | ○ NO_ENTER
19:50:32 INFO  | [ETH15m] [T:✗L:✓S:✓V:✓N:✓] ALL:✗ | prob=44.5% zone=neutral score=0.59 | spread=2.2% depth=$22636 vol=55% | persist=0s remain=569s | ○ NO_ENTER
19:50:32 INFO  | [SOL15m] [T:✗L:✓S:✓V:✓N:✓] ALL:✗ | prob=65.5% zone=neutral score=0.34 | spread=1.5% depth=$13607 vol=71% | persist=0s remain=569s | ○ NO_ENTER
19:50:32 INFO  | [XRP15m] [T:✗L:✓S:✓V:✓N:✓] ALL:✗ | prob=62.0% zone=neutral score=0.32 | spread=3.2% depth=$10986 vol=51% | persist=0s remain=569s | ○ NO_ENTER
19:50:33 INFO  | [BTC15m] [T:✗L:✓S:✓V:✓N:✓] ALL:✗ | prob=65.5% zone=neutral score=0.41 | spread=1.5% depth=$68392 vol=42% | persist=0s remain=568s | ○ NO_ENTER
19:50:33 INFO  | [ETH15m] [T:✗L:✓S:✓V:✓N:✓] ALL:✗ | prob=44.5% zone=neutral score=0.58 | spread=2.2% depth=$22757 vol=55% | persist=0s remain=568s | ○ NO_ENTER
19:50:33 INFO  | [SOL15m] [T:✗L:✓S:✓V:✓N:✓] ALL:✗ | prob=65.5% zone=neutral score=0.36 | spread=1.5% depth=$13977 vol=71% | persist=0s remain=568s | ○ NO_ENTER
19:50:33 INFO  | [XRP15m] [T:✗L:✓S:✓V:✓N:✓] ALL:✗ | prob=62.5% zone=neutral score=0.38 | spread=1.6% depth=$11010 vol=51% | persist=0s remain=568s | ○ NO_ENTER
19:50:34 INFO  | [BTC15m] [T:✗L:✓S:✓V:✓N:✓] ALL:✗ | prob=65.5% zone=neutral score=0.41 | spread=1.5% depth=$68483 vol=42% | persist=0s remain=567s | ○ NO_ENTER
19:50:34 INFO  | [ETH15m] [T:✗L:✓S:✓V:✓N:✓] ALL:✗ | prob=44.5% zone=neutral score=0.58 | spread=2.2% depth=$22722 vol=55% | persist=0s remain=567s | ○ NO_ENTER
19:50:34 INFO  | [SOL15m] [T:✗L:✓S:✓V:✓N:✓] ALL:✗ | prob=65.5% zone=neutral score=0.35 | spread=1.5% depth=$13983 vol=71% | persist=0s remain=567s | ○ NO_ENTER
19:50:34 INFO  | [XRP15m] [T:✗L:✓S:✓V:✓N:✓] ALL:✗ | prob=62.5% zone=neutral score=0.39 | spread=1.6% depth=$11073 vol=51% | persist=0s remain=567s | ○ NO_ENTER
19:50:35 INFO  | [BTC15m] [T:✗L:✓S:✓V:✓N:✓] ALL:✗ | prob=65.5% zone=neutral score=0.41 | spread=1.5% depth=$68546 vol=42% | persist=0s remain=566s | ○ NO_ENTER
19:50:35 INFO  | [ETH15m] [T:✗L:✓S:✓V:✓N:✓] ALL:✗ | prob=44.5% zone=neutral score=0.58 | spread=2.2% depth=$22750 vol=55% | persist=0s remain=566s | ○ NO_ENTER
19:50:35 INFO  | [SOL15m] [T:✗L:✓S:✓V:✓N:✓] ALL:✗ | prob=65.5% zone=neutral score=0.35 | spread=1.5% depth=$13936 vol=71% | persist=0s remain=566s | ○ NO_ENTER
19:50:35 INFO  | [XRP15m] [T:✗L:✓S:✓V:✓N:✓] ALL:✗ | prob=62.5% zone=neutral score=0.39 | spread=1.6% depth=$11107 vol=51% | persist=0s remain=566s | ○ NO_ENTER
19:50:36 INFO  | [BTC15m] [T:✗L:✓S:✓V:✓N:✓] ALL:✗ | prob=65.5% zone=neutral score=0.41 | spread=1.5% depth=$68592 vol=42% | persist=0s remain=565s | ○ NO_ENTER
19:50:36 INFO  | [ETH15m] [T:✗L:✓S:✓V:✓N:✓] ALL:✗ | prob=44.5% zone=neutral score=0.59 | spread=2.2% depth=$22796 vol=55% | persist=0s remain=565s | ○ NO_ENTER
19:50:36 INFO  | [SOL15m] [T:✗L:✓S:✓V:✓N:✓] ALL:✗ | prob=65.5% zone=neutral score=0.35 | spread=1.5% depth=$14001 vol=71% | persist=0s remain=565s | ○ NO_ENTER
19:50:36 INFO  | [XRP15m] [T:✗L:✓S:✓V:✓N:✓] ALL:✗ | prob=63.5% zone=neutral score=0.40 | spread=1.6% depth=$11092 vol=51% | persist=0s remain=565s | ○ NO_ENTER
19:50:37 INFO  | [BTC15m] [T:✗L:✓S:✓V:✓N:✓] ALL:✗ | prob=65.5% zone=neutral score=0.41 | spread=1.5% depth=$68531 vol=42% | persist=0s remain=564s | ○ NO_ENTER
19:50:37 INFO  | [ETH15m] [T:✗L:✓S:✓V:✓N:✓] ALL:✗ | prob=44.5% zone=neutral score=0.58 | spread=2.2% depth=$22836 vol=55% | persist=0s remain=564s | ○ NO_ENTER
19:50:37 INFO  | [SOL15m] [T:✗L:✓S:✓V:✓N:✓] ALL:✗ | prob=65.5% zone=neutral score=0.35 | spread=1.5% depth=$14054 vol=71% | persist=0s remain=564s | ○ NO_ENTER
19:50:37 INFO  | [XRP15m] [T:✗L:✓S:✓V:✓N:✓] ALL:✗ | prob=62.5% zone=neutral score=0.40 | spread=1.6% depth=$11143 vol=51% | persist=0s remain=564s | ○ NO_ENTER
19:50:38 INFO  | [BTC15m] [T:✗L:✓S:✓V:✓N:✓] ALL:✗ | prob=65.5% zone=neutral score=0.41 | spread=1.5% depth=$68636 vol=42% | persist=0s remain=563s | ○ NO_ENTER
19:50:38 INFO  | [ETH15m] [T:✗L:✓S:✓V:✓N:✓] ALL:✗ | prob=44.5% zone=neutral score=0.59 | spread=2.2% depth=$21802 vol=55% | persist=0s remain=563s | ○ NO_ENTER
19:50:38 INFO  | [SOL15m] [T:✗L:✓S:✓V:✓N:✓] ALL:✗ | prob=65.5% zone=neutral score=0.38 | spread=1.5% depth=$13226 vol=71% | persist=0s remain=563s | ○ NO_ENTER
19:50:38 INFO  | [XRP15m] [T:✗L:✓S:✓V:✓N:✓] ALL:✗ | prob=62.5% zone=neutral score=0.40 | spread=1.6% depth=$11143 vol=51% | persist=0s remain=563s | ○ NO_ENTER
19:50:39 INFO  | [BTC15m] [T:✗L:✓S:✓V:✓N:✓] ALL:✗ | prob=65.5% zone=neutral score=0.41 | spread=1.5% depth=$68742 vol=42% | persist=0s remain=562s | ○ NO_ENTER
19:50:39 INFO  | [ETH15m] [T:✗L:✓S:✓V:✓N:✓] ALL:✗ | prob=44.5% zone=neutral score=0.59 | spread=2.2% depth=$22293 vol=55% | persist=0s remain=562s | ○ NO_ENTER
19:50:39 INFO  | [SOL15m] [T:✗L:✓S:✓V:✓N:✓] ALL:✗ | prob=65.5% zone=neutral score=0.39 | spread=1.5% depth=$13214 vol=71% | persist=0s remain=562s | ○ NO_ENTER
19:50:39 INFO  | [XRP15m] [T:✗L:✓S:✓V:✓N:✓] ALL:✗ | prob=62.5% zone=neutral score=0.40 | spread=1.6% depth=$11143 vol=51% | persist=0s remain=562s | ○ NO_ENTER
19:50:40 INFO  | [BTC15m] [T:✗L:✓S:✓V:✓N:✓] ALL:✗ | prob=67.5% zone=neutral score=0.46 | spread=1.5% depth=$71714 vol=42% | persist=0s remain=561s | ○ NO_ENTER
19:50:40 INFO  | [ETH15m] [T:✗L:✓S:✓V:✓N:✓] ALL:✗ | prob=46.5% zone=neutral score=0.55 | spread=2.2% depth=$22611 vol=55% | persist=0s remain=561s | ○ NO_ENTER
19:50:40 INFO  | [SOL15m] [T:✗L:✓S:✓V:✓N:✓] ALL:✗ | prob=65.5% zone=neutral score=0.35 | spread=1.5% depth=$13176 vol=71% | persist=0s remain=561s | ○ NO_ENTER
19:50:40 INFO  | [XRP15m] [T:✗L:✓S:✓V:✓N:✓] ALL:✗ | prob=64.5% zone=neutral score=0.38 | spread=1.6% depth=$10870 vol=51% | persist=0s remain=561s | ○ NO_ENTER
19:50:41 INFO  | [BTC15m] [T:✗L:✓S:✓V:✓N:✓] ALL:✗ | prob=67.5% zone=neutral score=0.43 | spread=1.5% depth=$71083 vol=42% | persist=0s remain=560s | ○ NO_ENTER
19:50:41 INFO  | [ETH15m] [T:✗L:✓S:✓V:✓N:✓] ALL:✗ | prob=48.5% zone=neutral score=0.56 | spread=2.1% depth=$24490 vol=55% | persist=0s remain=560s | ○ NO_ENTER
19:50:41 INFO  | [SOL15m] [T:✗L:✓S:✓V:✓N:✓] ALL:✗ | prob=65.5% zone=neutral score=0.34 | spread=1.5% depth=$13290 vol=71% | persist=0s remain=560s | ○ NO_ENTER
19:50:41 INFO  | [XRP15m] [T:✗L:✓S:✓V:✓N:✓] ALL:✗ | prob=64.5% zone=neutral score=0.38 | spread=1.6% depth=$10819 vol=51% | persist=0s remain=560s | ○ NO_ENTER
19:50:42 INFO  | [BTC15m] [T:✗L:✓S:✓V:✓N:✓] ALL:✗ | prob=67.5% zone=neutral score=0.44 | spread=1.5% depth=$71083 vol=42% | persist=0s remain=559s | ○ NO_ENTER
19:50:42 INFO  | [ETH15m] [T:✗L:✓S:✓V:✓N:✓] ALL:✗ | prob=49.5% zone=neutral score=0.47 | spread=2.0% depth=$32910 vol=55% | persist=0s remain=559s | ○ NO_ENTER
19:50:42 INFO  | [SOL15m] [T:✗L:✓S:✓V:✓N:✓] ALL:✗ | prob=65.5% zone=neutral score=0.35 | spread=1.5% depth=$13194 vol=71% | persist=0s remain=559s | ○ NO_ENTER
19:50:42 INFO  | [XRP15m] [T:✗L:✓S:✓V:✓N:✓] ALL:✗ | prob=64.0% zone=neutral score=0.33 | spread=3.1% depth=$10927 vol=51% | persist=0s remain=559s | ○ NO_ENTER
19:50:43 INFO  | [BTC15m] [T:✗L:✓S:✓V:✓N:✓] ALL:✗ | prob=67.5% zone=neutral score=0.44 | spread=1.5% depth=$71225 vol=42% | persist=0s remain=558s | ○ NO_ENTER
19:50:43 INFO  | [ETH15m] [T:✗L:✓S:✓V:✓N:✓] ALL:✗ | prob=49.5% zone=neutral score=0.52 | spread=2.0% depth=$32868 vol=55% | persist=0s remain=558s | ○ NO_ENTER
19:50:43 INFO  | [SOL15m] [T:✗L:✓S:✓V:✓N:✓] ALL:✗ | prob=65.5% zone=neutral score=0.38 | spread=1.5% depth=$13403 vol=71% | persist=0s remain=558s | ○ NO_ENTER
19:50:43 INFO  | [XRP15m] [T:✗L:✓S:✓V:✓N:✓] ALL:✗ | prob=64.5% zone=neutral score=0.39 | spread=1.6% depth=$10916 vol=51% | persist=0s remain=558s | ○ NO_ENTER
19:50:44 INFO  | [BTC15m] [T:✗L:✓S:✓V:✓N:✓] ALL:✗ | prob=67.5% zone=neutral score=0.44 | spread=1.5% depth=$69158 vol=42% | persist=0s remain=557s | ○ NO_ENTER
19:50:44 INFO  | [ETH15m] [T:✗L:✓S:✓V:✓N:✓] ALL:✗ | prob=48.0% zone=neutral score=0.61 | spread=4.2% depth=$23404 vol=55% | persist=0s remain=557s | ○ NO_ENTER
19:50:44 INFO  | [SOL15m] [T:✗L:✓S:✓V:✓N:✓] ALL:✗ | prob=63.5% zone=neutral score=0.38 | spread=1.6% depth=$13532 vol=71% | persist=0s remain=557s | ○ NO_ENTER
19:50:44 INFO  | [XRP15m] [T:✗L:✓S:✓V:✓N:✓] ALL:✗ | prob=62.5% zone=neutral score=0.39 | spread=1.6% depth=$11056 vol=51% | persist=0s remain=557s | ○ NO_ENTER
19:50:45 INFO  | [BTC15m] [T:✗L:✓S:✓V:✓N:✓] ALL:✗ | prob=67.5% zone=neutral score=0.44 | spread=1.5% depth=$68466 vol=42% | persist=0s remain=556s | ○ NO_ENTER
19:50:45 INFO  | [ETH15m] [T:✗L:✓S:✓V:✓N:✓] ALL:✗ | prob=48.5% zone=neutral score=0.57 | spread=2.1% depth=$24026 vol=55% | persist=0s remain=556s | ○ NO_ENTER
19:50:45 INFO  | [SOL15m] [T:✗L:✓S:✓V:✓N:✓] ALL:✗ | prob=63.5% zone=neutral score=0.35 | spread=1.6% depth=$13986 vol=71% | persist=0s remain=556s | ○ NO_ENTER
19:50:45 INFO  | [XRP15m] [T:✗L:✓S:✓V:✓N:✓] ALL:✗ | prob=62.5% zone=neutral score=0.36 | spread=1.6% depth=$11051 vol=51% | persist=0s remain=556s | ○ NO_ENTER
19:50:46 INFO  | [BTC15m] [T:✗L:✓S:✓V:✓N:✓] ALL:✗ | prob=67.5% zone=neutral score=0.44 | spread=1.5% depth=$68245 vol=42% | persist=0s remain=555s | ○ NO_ENTER
19:50:46 INFO  | [ETH15m] [T:✗L:✓S:✓V:✓N:✓] ALL:✗ | prob=46.5% zone=neutral score=0.65 | spread=2.2% depth=$21581 vol=55% | persist=0s remain=555s | ○ NO_ENTER
19:50:46 INFO  | [SOL15m] [T:✗L:✓S:✓V:✓N:✓] ALL:✗ | prob=60.5% zone=neutral score=0.38 | spread=1.7% depth=$13595 vol=71% | persist=0s remain=555s | ○ NO_ENTER
19:50:46 INFO  | [XRP15m] [T:✗L:✓S:✓V:✓N:✓] ALL:✗ | prob=62.5% zone=neutral score=0.38 | spread=1.6% depth=$10959 vol=51% | persist=0s remain=555s | ○ NO_ENTER
